[ 2017-02-28T09:06:27+08:00 ] 10.10.12.189 /CRM/index.php/home/log/login
INFO: [ app_init ] --START--
INFO: Run Behavior\BuildLiteBehavior [ RunTime:0.000016s ]
INFO: [ app_init ] --END-- [ RunTime:0.000378s ]
INFO: [ app_begin ] --START--
INFO: Run Behavior\ReadHtmlCacheBehavior [ RunTime:0.000534s ]
INFO: [ app_begin ] --END-- [ RunTime:0.000603s ]
SQL: SHOW COLUMNS FROM `crm_user` [ RunTime:0.0030s ]
SQL: SELECT `password`,`uid`,`mobile`,`login_name` FROM `crm_user` WHERE ( `mobile` = 'test' OR `login_name` = 'test' )  [ RunTime:0.0004s ]
SQL: UPDATE `crm_user` SET `login_time`='1488243987' WHERE ( `mobile` = 'test' OR `login_name` = 'test' ) [ RunTime:0.0004s ]
INFO: [ app_end ] --START--
INFO: Run Behavior\ShowPageTraceBehavior [ RunTime:0.000659s ]
INFO: [ app_end ] --END-- [ RunTime:0.000725s ]

[ 2017-02-28T09:06:30+08:00 ] 10.10.12.189 /CRM/index.php/home/oppotunity/showall?uid=100000006&date=1
INFO: [ app_init ] --START--
INFO: Run Behavior\BuildLiteBehavior [ RunTime:0.000015s ]
INFO: [ app_init ] --END-- [ RunTime:0.000325s ]
INFO: [ app_begin ] --START--
INFO: Run Behavior\ReadHtmlCacheBehavior [ RunTime:0.000671s ]
INFO: [ app_begin ] --END-- [ RunTime:0.000750s ]
SQL: SHOW COLUMNS FROM `crm_user` [ RunTime:0.0032s ]
SQL: SELECT crm_opportunity.name as name,crm_opportunity.oid as oid,crm_opportunity.update_date as date,crm_opportunity.money as money FROM `crm_user` INNER JOIN crm_rl_user_customer ON crm_user.uid = crm_rl_user_customer.uid INNER JOIN crm_opportunity ON crm_rl_user_customer.cid = crm_opportunity.cid  WHERE crm_user.uid = '100000006' ORDER BY date desc  [ RunTime:0.0006s ]
NOTIC: [8] Undefined offset: 2 E:\WWW\CRM\Application\Home\Controller\OppotunityController.class.php 第 87 行.
INFO: [ app_end ] --START--
INFO: Run Behavior\ShowPageTraceBehavior [ RunTime:0.000549s ]
INFO: [ app_end ] --END-- [ RunTime:0.000614s ]

[ 2017-02-28T09:08:02+08:00 ] 10.10.13.30 /CRM/index.php/home/oppotunity/showall?uid=100000006&date=1
INFO: [ app_init ] --START--
INFO: Run Behavior\BuildLiteBehavior [ RunTime:0.000015s ]
INFO: [ app_init ] --END-- [ RunTime:0.000315s ]
INFO: [ app_begin ] --START--
INFO: Run Behavior\ReadHtmlCacheBehavior [ RunTime:0.000434s ]
INFO: [ app_begin ] --END-- [ RunTime:0.000495s ]
SQL: SHOW COLUMNS FROM `crm_user` [ RunTime:0.0039s ]
SQL: SELECT crm_opportunity.name as name,crm_opportunity.oid as oid,crm_opportunity.update_date as date,crm_opportunity.money as money FROM `crm_user` INNER JOIN crm_rl_user_customer ON crm_user.uid = crm_rl_user_customer.uid INNER JOIN crm_opportunity ON crm_rl_user_customer.cid = crm_opportunity.cid  WHERE crm_user.uid = '100000006' ORDER BY date desc  [ RunTime:0.0045s ]
NOTIC: [8] Undefined offset: 2 E:\WWW\CRM\Application\Home\Controller\OppotunityController.class.php 第 87 行.
INFO: [ app_end ] --START--
INFO: Run Behavior\ShowPageTraceBehavior [ RunTime:0.000755s ]
INFO: [ app_end ] --END-- [ RunTime:0.000844s ]

[ 2017-02-28T09:12:42+08:00 ] 10.10.13.30 /CRM/index.php/home/oppotunity/showall?uid=100000006&date=2
INFO: [ app_init ] --START--
INFO: Run Behavior\BuildLiteBehavior [ RunTime:0.000032s ]
INFO: [ app_init ] --END-- [ RunTime:0.000863s ]
INFO: [ app_begin ] --START--
INFO: Run Behavior\ReadHtmlCacheBehavior [ RunTime:0.000827s ]
INFO: [ app_begin ] --END-- [ RunTime:0.000923s ]
SQL: SHOW COLUMNS FROM `crm_user` [ RunTime:0.0033s ]
SQL: SELECT crm_opportunity.name,crm_opportunity.oid,crm_opportunity.update_date as date FROM `crm_user` INNER JOIN crm_rl_user_customer ON crm_user.uid = crm_rl_user_customer.uid INNER JOIN crm_opportunity ON crm_rl_user_customer.cid = crm_opportunity.cid  WHERE crm_user.uid = '100000006' ORDER BY date asc  [ RunTime:0.0005s ]
NOTIC: [8] Undefined offset: 2 E:\WWW\CRM\Application\Home\Controller\OppotunityController.class.php 第 87 行.
INFO: [ app_end ] --START--
INFO: Run Behavior\ShowPageTraceBehavior [ RunTime:0.000964s ]
INFO: [ app_end ] --END-- [ RunTime:0.001048s ]

[ 2017-02-28T09:12:45+08:00 ] 10.10.13.30 /CRM/index.php/home/oppotunity/showall?uid=100000006&date=3
INFO: [ app_init ] --START--
INFO: Run Behavior\BuildLiteBehavior [ RunTime:0.000018s ]
INFO: [ app_init ] --END-- [ RunTime:0.000491s ]
INFO: [ app_begin ] --START--
INFO: Run Behavior\ReadHtmlCacheBehavior [ RunTime:0.000680s ]
INFO: [ app_begin ] --END-- [ RunTime:0.000785s ]
SQL: SHOW COLUMNS FROM `crm_user` [ RunTime:0.0037s ]
SQL: SELECT crm_opportunity.name,crm_opportunity.oid,crm_opportunity.create_date as date FROM `crm_user` INNER JOIN crm_rl_user_customer ON crm_user.uid = crm_rl_user_customer.uid INNER JOIN crm_opportunity ON crm_rl_user_customer.cid = crm_opportunity.cid  WHERE crm_user.uid = '100000006' ORDER BY date desc  [ RunTime:0.0005s ]
NOTIC: [8] Undefined offset: 2 E:\WWW\CRM\Application\Home\Controller\OppotunityController.class.php 第 87 行.
INFO: [ app_end ] --START--
INFO: Run Behavior\ShowPageTraceBehavior [ RunTime:0.000866s ]
INFO: [ app_end ] --END-- [ RunTime:0.000950s ]

[ 2017-02-28T09:12:47+08:00 ] 10.10.13.30 /CRM/index.php/home/oppotunity/showall?uid=100000006&date=4
INFO: [ app_init ] --START--
INFO: Run Behavior\BuildLiteBehavior [ RunTime:0.000029s ]
INFO: [ app_init ] --END-- [ RunTime:0.000550s ]
INFO: [ app_begin ] --START--
INFO: Run Behavior\ReadHtmlCacheBehavior [ RunTime:0.000757s ]
INFO: [ app_begin ] --END-- [ RunTime:0.000876s ]
SQL: SHOW COLUMNS FROM `crm_user` [ RunTime:0.0039s ]
ERR: 1054:Unknown column 'crm_customer.cid' in 'field list'
 [ SQL语句 ] : SELECT crm_opportunity.name,crm_opportunity.oid,crm_opportunity.create_date as date,crm_customer.cid FROM `crm_user` INNER JOIN crm_rl_user_customer ON crm_user.uid = crm_rl_user_customer.uid INNER JOIN crm_opportunity ON crm_rl_user_customer.cid = crm_opportunity.cid  WHERE crm_user.uid = '100000006' ORDER BY date asc 
ERR: 1054:Unknown column 'crm_customer.cid' in 'field list'
 [ SQL语句 ] : SELECT crm_opportunity.name,crm_opportunity.oid,crm_opportunity.create_date as date,crm_customer.cid FROM `crm_user` INNER JOIN crm_rl_user_customer ON crm_user.uid = crm_rl_user_customer.uid INNER JOIN crm_opportunity ON crm_rl_user_customer.cid = crm_opportunity.cid  WHERE crm_user.uid = '100000006' ORDER BY date asc 

[ 2017-02-28T09:13:23+08:00 ] 10.10.12.189 /CRM/index.php/home/log/login
INFO: [ app_init ] --START--
INFO: Run Behavior\BuildLiteBehavior [ RunTime:0.000016s ]
INFO: [ app_init ] --END-- [ RunTime:0.000332s ]
INFO: [ app_begin ] --START--
INFO: Run Behavior\ReadHtmlCacheBehavior [ RunTime:0.000428s ]
INFO: [ app_begin ] --END-- [ RunTime:0.000495s ]
SQL: SHOW COLUMNS FROM `crm_user` [ RunTime:0.0038s ]
SQL: SELECT `password`,`uid`,`mobile`,`login_name` FROM `crm_user` WHERE ( `mobile` = 'test' OR `login_name` = 'test' )  [ RunTime:0.0006s ]
SQL: UPDATE `crm_user` SET `login_time`='1488244403' WHERE ( `mobile` = 'test' OR `login_name` = 'test' ) [ RunTime:0.0005s ]
INFO: [ app_end ] --START--
INFO: Run Behavior\ShowPageTraceBehavior [ RunTime:0.000889s ]
INFO: [ app_end ] --END-- [ RunTime:0.000999s ]

[ 2017-02-28T09:13:27+08:00 ] 10.10.12.189 /CRM/index.php/home/oppotunity/showall?uid=100000006&date=1
INFO: [ app_init ] --START--
INFO: Run Behavior\BuildLiteBehavior [ RunTime:0.000016s ]
INFO: [ app_init ] --END-- [ RunTime:0.000325s ]
INFO: [ app_begin ] --START--
INFO: Run Behavior\ReadHtmlCacheBehavior [ RunTime:0.000417s ]
INFO: [ app_begin ] --END-- [ RunTime:0.000479s ]
SQL: SHOW COLUMNS FROM `crm_user` [ RunTime:0.0036s ]
SQL: SELECT crm_opportunity.name as name,crm_opportunity.oid as oid,crm_opportunity.update_date as date,crm_opportunity.money as money FROM `crm_user` INNER JOIN crm_rl_user_customer ON crm_user.uid = crm_rl_user_customer.uid INNER JOIN crm_opportunity ON crm_rl_user_customer.cid = crm_opportunity.cid  WHERE crm_user.uid = '100000006' ORDER BY date desc  [ RunTime:0.0005s ]
NOTIC: [8] Undefined offset: 2 E:\WWW\CRM\Application\Home\Controller\OppotunityController.class.php 第 87 行.
INFO: [ app_end ] --START--
INFO: Run Behavior\ShowPageTraceBehavior [ RunTime:0.000539s ]
INFO: [ app_end ] --END-- [ RunTime:0.000602s ]

[ 2017-02-28T09:13:29+08:00 ] 10.10.12.189 /CRM/index.php/home/oppotunity/showall?uid=100000006&date=1
INFO: [ app_init ] --START--
INFO: Run Behavior\BuildLiteBehavior [ RunTime:0.000019s ]
INFO: [ app_init ] --END-- [ RunTime:0.000401s ]
INFO: [ app_begin ] --START--
INFO: Run Behavior\ReadHtmlCacheBehavior [ RunTime:0.000540s ]
INFO: [ app_begin ] --END-- [ RunTime:0.000620s ]
SQL: SHOW COLUMNS FROM `crm_user` [ RunTime:0.0028s ]
SQL: SELECT crm_opportunity.name as name,crm_opportunity.oid as oid,crm_opportunity.update_date as date,crm_opportunity.money as money FROM `crm_user` INNER JOIN crm_rl_user_customer ON crm_user.uid = crm_rl_user_customer.uid INNER JOIN crm_opportunity ON crm_rl_user_customer.cid = crm_opportunity.cid  WHERE crm_user.uid = '100000006' ORDER BY date desc  [ RunTime:0.0005s ]
NOTIC: [8] Undefined offset: 2 E:\WWW\CRM\Application\Home\Controller\OppotunityController.class.php 第 87 行.
INFO: [ app_end ] --START--
INFO: Run Behavior\ShowPageTraceBehavior [ RunTime:0.000559s ]
INFO: [ app_end ] --END-- [ RunTime:0.000622s ]

[ 2017-02-28T09:13:30+08:00 ] 10.10.12.189 /CRM/index.php/home/oppotunity/showall?uid=100000006&date=2
INFO: [ app_init ] --START--
INFO: Run Behavior\BuildLiteBehavior [ RunTime:0.000015s ]
INFO: [ app_init ] --END-- [ RunTime:0.000323s ]
INFO: [ app_begin ] --START--
INFO: Run Behavior\ReadHtmlCacheBehavior [ RunTime:0.000418s ]
INFO: [ app_begin ] --END-- [ RunTime:0.000482s ]
SQL: SHOW COLUMNS FROM `crm_user` [ RunTime:0.0027s ]
SQL: SELECT crm_opportunity.name,crm_opportunity.oid,crm_opportunity.update_date as date FROM `crm_user` INNER JOIN crm_rl_user_customer ON crm_user.uid = crm_rl_user_customer.uid INNER JOIN crm_opportunity ON crm_rl_user_customer.cid = crm_opportunity.cid  WHERE crm_user.uid = '100000006' ORDER BY date asc  [ RunTime:0.0004s ]
NOTIC: [8] Undefined offset: 2 E:\WWW\CRM\Application\Home\Controller\OppotunityController.class.php 第 87 行.
INFO: [ app_end ] --START--
INFO: Run Behavior\ShowPageTraceBehavior [ RunTime:0.000566s ]
INFO: [ app_end ] --END-- [ RunTime:0.000645s ]

[ 2017-02-28T09:13:32+08:00 ] 10.10.12.189 /CRM/index.php/home/oppotunity/showall?uid=100000006&date=4
INFO: [ app_init ] --START--
INFO: Run Behavior\BuildLiteBehavior [ RunTime:0.000015s ]
INFO: [ app_init ] --END-- [ RunTime:0.000314s ]
INFO: [ app_begin ] --START--
INFO: Run Behavior\ReadHtmlCacheBehavior [ RunTime:0.000418s ]
INFO: [ app_begin ] --END-- [ RunTime:0.000480s ]
SQL: SHOW COLUMNS FROM `crm_user` [ RunTime:0.0027s ]
ERR: 1054:Unknown column 'crm_customer.cid' in 'field list'
 [ SQL语句 ] : SELECT crm_opportunity.name,crm_opportunity.oid,crm_opportunity.create_date as date,crm_customer.cid FROM `crm_user` INNER JOIN crm_rl_user_customer ON crm_user.uid = crm_rl_user_customer.uid INNER JOIN crm_opportunity ON crm_rl_user_customer.cid = crm_opportunity.cid  WHERE crm_user.uid = '100000006' ORDER BY date asc 
ERR: 1054:Unknown column 'crm_customer.cid' in 'field list'
 [ SQL语句 ] : SELECT crm_opportunity.name,crm_opportunity.oid,crm_opportunity.create_date as date,crm_customer.cid FROM `crm_user` INNER JOIN crm_rl_user_customer ON crm_user.uid = crm_rl_user_customer.uid INNER JOIN crm_opportunity ON crm_rl_user_customer.cid = crm_opportunity.cid  WHERE crm_user.uid = '100000006' ORDER BY date asc 

[ 2017-02-28T09:13:34+08:00 ] 10.10.12.189 /CRM/index.php/home/oppotunity/showall?uid=100000006&date=4
INFO: [ app_init ] --START--
INFO: Run Behavior\BuildLiteBehavior [ RunTime:0.000016s ]
INFO: [ app_init ] --END-- [ RunTime:0.000323s ]
INFO: [ app_begin ] --START--
INFO: Run Behavior\ReadHtmlCacheBehavior [ RunTime:0.000432s ]
INFO: [ app_begin ] --END-- [ RunTime:0.000497s ]
SQL: SHOW COLUMNS FROM `crm_user` [ RunTime:0.0036s ]
ERR: 1054:Unknown column 'crm_customer.cid' in 'field list'
 [ SQL语句 ] : SELECT crm_opportunity.name,crm_opportunity.oid,crm_opportunity.create_date as date,crm_customer.cid FROM `crm_user` INNER JOIN crm_rl_user_customer ON crm_user.uid = crm_rl_user_customer.uid INNER JOIN crm_opportunity ON crm_rl_user_customer.cid = crm_opportunity.cid  WHERE crm_user.uid = '100000006' ORDER BY date asc 
ERR: 1054:Unknown column 'crm_customer.cid' in 'field list'
 [ SQL语句 ] : SELECT crm_opportunity.name,crm_opportunity.oid,crm_opportunity.create_date as date,crm_customer.cid FROM `crm_user` INNER JOIN crm_rl_user_customer ON crm_user.uid = crm_rl_user_customer.uid INNER JOIN crm_opportunity ON crm_rl_user_customer.cid = crm_opportunity.cid  WHERE crm_user.uid = '100000006' ORDER BY date asc 

[ 2017-02-28T09:13:38+08:00 ] 10.10.12.189 /CRM/index.php/home/oppotunity/showall?uid=100000006&date=3
INFO: [ app_init ] --START--
INFO: Run Behavior\BuildLiteBehavior [ RunTime:0.000021s ]
INFO: [ app_init ] --END-- [ RunTime:0.000443s ]
INFO: [ app_begin ] --START--
INFO: Run Behavior\ReadHtmlCacheBehavior [ RunTime:0.000582s ]
INFO: [ app_begin ] --END-- [ RunTime:0.000667s ]
SQL: SHOW COLUMNS FROM `crm_user` [ RunTime:0.0028s ]
SQL: SELECT crm_opportunity.name,crm_opportunity.oid,crm_opportunity.create_date as date FROM `crm_user` INNER JOIN crm_rl_user_customer ON crm_user.uid = crm_rl_user_customer.uid INNER JOIN crm_opportunity ON crm_rl_user_customer.cid = crm_opportunity.cid  WHERE crm_user.uid = '100000006' ORDER BY date desc  [ RunTime:0.0005s ]
NOTIC: [8] Undefined offset: 2 E:\WWW\CRM\Application\Home\Controller\OppotunityController.class.php 第 87 行.
INFO: [ app_end ] --START--
INFO: Run Behavior\ShowPageTraceBehavior [ RunTime:0.000675s ]
INFO: [ app_end ] --END-- [ RunTime:0.000759s ]

[ 2017-02-28T09:13:42+08:00 ] 10.10.13.30 /CRM/index.php/home/oppotunity/showall?uid=100000006&date=3
INFO: [ app_init ] --START--
INFO: Run Behavior\BuildLiteBehavior [ RunTime:0.000017s ]
INFO: [ app_init ] --END-- [ RunTime:0.000374s ]
INFO: [ app_begin ] --START--
INFO: Run Behavior\ReadHtmlCacheBehavior [ RunTime:0.000514s ]
INFO: [ app_begin ] --END-- [ RunTime:0.000579s ]
SQL: SHOW COLUMNS FROM `crm_user` [ RunTime:0.0036s ]
SQL: SELECT crm_opportunity.name,crm_opportunity.oid,crm_opportunity.create_date as date FROM `crm_user` INNER JOIN crm_rl_user_customer ON crm_user.uid = crm_rl_user_customer.uid INNER JOIN crm_opportunity ON crm_rl_user_customer.cid = crm_opportunity.cid  WHERE crm_user.uid = '100000006' ORDER BY date desc  [ RunTime:0.0007s ]
NOTIC: [8] Undefined offset: 2 E:\WWW\CRM\Application\Home\Controller\OppotunityController.class.php 第 87 行.
INFO: [ app_end ] --START--
INFO: Run Behavior\ShowPageTraceBehavior [ RunTime:0.000646s ]
INFO: [ app_end ] --END-- [ RunTime:0.000712s ]

[ 2017-02-28T09:14:08+08:00 ] 10.10.13.30 /CRM/index.php/home/oppotunity/showall?uid=100000006&date=2
INFO: [ app_init ] --START--
INFO: Run Behavior\BuildLiteBehavior [ RunTime:0.000019s ]
INFO: [ app_init ] --END-- [ RunTime:0.000406s ]
INFO: [ app_begin ] --START--
INFO: Run Behavior\ReadHtmlCacheBehavior [ RunTime:0.000546s ]
INFO: [ app_begin ] --END-- [ RunTime:0.000628s ]
SQL: SHOW COLUMNS FROM `crm_user` [ RunTime:0.0033s ]
SQL: SELECT crm_opportunity.name,crm_opportunity.oid,crm_opportunity.update_date as date FROM `crm_user` INNER JOIN crm_rl_user_customer ON crm_user.uid = crm_rl_user_customer.uid INNER JOIN crm_opportunity ON crm_rl_user_customer.cid = crm_opportunity.cid  WHERE crm_user.uid = '100000006' ORDER BY date asc  [ RunTime:0.0005s ]
NOTIC: [8] Undefined offset: 2 E:\WWW\CRM\Application\Home\Controller\OppotunityController.class.php 第 87 行.
INFO: [ app_end ] --START--
INFO: Run Behavior\ShowPageTraceBehavior [ RunTime:0.000543s ]
INFO: [ app_end ] --END-- [ RunTime:0.000606s ]

[ 2017-02-28T09:14:11+08:00 ] 10.10.13.30 /CRM/index.php/home/oppotunity/showall?uid=100000006&date=1
INFO: [ app_init ] --START--
INFO: Run Behavior\BuildLiteBehavior [ RunTime:0.000015s ]
INFO: [ app_init ] --END-- [ RunTime:0.000320s ]
INFO: [ app_begin ] --START--
INFO: Run Behavior\ReadHtmlCacheBehavior [ RunTime:0.000684s ]
INFO: [ app_begin ] --END-- [ RunTime:0.000768s ]
SQL: SHOW COLUMNS FROM `crm_user` [ RunTime:0.0028s ]
SQL: SELECT crm_opportunity.name as name,crm_opportunity.oid as oid,crm_opportunity.update_date as date,crm_opportunity.money as money FROM `crm_user` INNER JOIN crm_rl_user_customer ON crm_user.uid = crm_rl_user_customer.uid INNER JOIN crm_opportunity ON crm_rl_user_customer.cid = crm_opportunity.cid  WHERE crm_user.uid = '100000006' ORDER BY date desc  [ RunTime:0.0005s ]
NOTIC: [8] Undefined offset: 2 E:\WWW\CRM\Application\Home\Controller\OppotunityController.class.php 第 87 行.
INFO: [ app_end ] --START--
INFO: Run Behavior\ShowPageTraceBehavior [ RunTime:0.000687s ]
INFO: [ app_end ] --END-- [ RunTime:0.000771s ]

[ 2017-02-28T09:14:51+08:00 ] 10.10.12.189 /CRM/index.php/home/oppotunity/showall?uid=100000006&date=2
INFO: [ app_init ] --START--
INFO: Run Behavior\BuildLiteBehavior [ RunTime:0.000017s ]
INFO: [ app_init ] --END-- [ RunTime:0.000327s ]
INFO: [ app_begin ] --START--
INFO: Run Behavior\ReadHtmlCacheBehavior [ RunTime:0.000429s ]
INFO: [ app_begin ] --END-- [ RunTime:0.000492s ]
SQL: SHOW COLUMNS FROM `crm_user` [ RunTime:0.0044s ]
SQL: SELECT crm_opportunity.name,crm_opportunity.oid,crm_opportunity.update_date as date FROM `crm_user` INNER JOIN crm_rl_user_customer ON crm_user.uid = crm_rl_user_customer.uid INNER JOIN crm_opportunity ON crm_rl_user_customer.cid = crm_opportunity.cid  WHERE crm_user.uid = '100000006' ORDER BY date asc  [ RunTime:0.0005s ]
NOTIC: [8] Undefined offset: 2 E:\WWW\CRM\Application\Home\Controller\OppotunityController.class.php 第 87 行.
INFO: [ app_end ] --START--
INFO: Run Behavior\ShowPageTraceBehavior [ RunTime:0.000548s ]
INFO: [ app_end ] --END-- [ RunTime:0.000611s ]

[ 2017-02-28T09:14:52+08:00 ] 10.10.12.189 /CRM/index.php/home/oppotunity/showall?uid=100000006&date=1
INFO: [ app_init ] --START--
INFO: Run Behavior\BuildLiteBehavior [ RunTime:0.000016s ]
INFO: [ app_init ] --END-- [ RunTime:0.000325s ]
INFO: [ app_begin ] --START--
INFO: Run Behavior\ReadHtmlCacheBehavior [ RunTime:0.000421s ]
INFO: [ app_begin ] --END-- [ RunTime:0.000484s ]
SQL: SHOW COLUMNS FROM `crm_user` [ RunTime:0.0029s ]
SQL: SELECT crm_opportunity.name as name,crm_opportunity.oid as oid,crm_opportunity.update_date as date,crm_opportunity.money as money FROM `crm_user` INNER JOIN crm_rl_user_customer ON crm_user.uid = crm_rl_user_customer.uid INNER JOIN crm_opportunity ON crm_rl_user_customer.cid = crm_opportunity.cid  WHERE crm_user.uid = '100000006' ORDER BY date desc  [ RunTime:0.0007s ]
NOTIC: [8] Undefined offset: 2 E:\WWW\CRM\Application\Home\Controller\OppotunityController.class.php 第 87 行.
INFO: [ app_end ] --START--
INFO: Run Behavior\ShowPageTraceBehavior [ RunTime:0.000552s ]
INFO: [ app_end ] --END-- [ RunTime:0.000616s ]

[ 2017-02-28T09:14:54+08:00 ] 10.10.12.189 /CRM/index.php/home/oppotunity/showall?uid=100000006&date=4
INFO: [ app_init ] --START--
INFO: Run Behavior\BuildLiteBehavior [ RunTime:0.000015s ]
INFO: [ app_init ] --END-- [ RunTime:0.000316s ]
INFO: [ app_begin ] --START--
INFO: Run Behavior\ReadHtmlCacheBehavior [ RunTime:0.000427s ]
INFO: [ app_begin ] --END-- [ RunTime:0.000489s ]
SQL: SHOW COLUMNS FROM `crm_user` [ RunTime:0.0032s ]
ERR: 1054:Unknown column 'crm_customer.cid' in 'field list'
 [ SQL语句 ] : SELECT crm_opportunity.name,crm_opportunity.oid,crm_opportunity.create_date as date,crm_customer.cid FROM `crm_user` INNER JOIN crm_rl_user_customer ON crm_user.uid = crm_rl_user_customer.uid INNER JOIN crm_opportunity ON crm_rl_user_customer.cid = crm_opportunity.cid  WHERE crm_user.uid = '100000006' ORDER BY date asc 
ERR: 1054:Unknown column 'crm_customer.cid' in 'field list'
 [ SQL语句 ] : SELECT crm_opportunity.name,crm_opportunity.oid,crm_opportunity.create_date as date,crm_customer.cid FROM `crm_user` INNER JOIN crm_rl_user_customer ON crm_user.uid = crm_rl_user_customer.uid INNER JOIN crm_opportunity ON crm_rl_user_customer.cid = crm_opportunity.cid  WHERE crm_user.uid = '100000006' ORDER BY date asc 

[ 2017-02-28T09:14:56+08:00 ] 10.10.12.189 /CRM/index.php/home/oppotunity/showall?uid=100000006&date=4
INFO: [ app_init ] --START--
INFO: Run Behavior\BuildLiteBehavior [ RunTime:0.000015s ]
INFO: [ app_init ] --END-- [ RunTime:0.000318s ]
INFO: [ app_begin ] --START--
INFO: Run Behavior\ReadHtmlCacheBehavior [ RunTime:0.000455s ]
INFO: [ app_begin ] --END-- [ RunTime:0.000521s ]
SQL: SHOW COLUMNS FROM `crm_user` [ RunTime:0.0029s ]
ERR: 1054:Unknown column 'crm_customer.cid' in 'field list'
 [ SQL语句 ] : SELECT crm_opportunity.name,crm_opportunity.oid,crm_opportunity.create_date as date,crm_customer.cid FROM `crm_user` INNER JOIN crm_rl_user_customer ON crm_user.uid = crm_rl_user_customer.uid INNER JOIN crm_opportunity ON crm_rl_user_customer.cid = crm_opportunity.cid  WHERE crm_user.uid = '100000006' ORDER BY date asc 
ERR: 1054:Unknown column 'crm_customer.cid' in 'field list'
 [ SQL语句 ] : SELECT crm_opportunity.name,crm_opportunity.oid,crm_opportunity.create_date as date,crm_customer.cid FROM `crm_user` INNER JOIN crm_rl_user_customer ON crm_user.uid = crm_rl_user_customer.uid INNER JOIN crm_opportunity ON crm_rl_user_customer.cid = crm_opportunity.cid  WHERE crm_user.uid = '100000006' ORDER BY date asc 

[ 2017-02-28T09:15:19+08:00 ] 10.10.13.30 /CRM/index.php/home/oppotunity/showall?uid=100000006&date=4
INFO: [ app_init ] --START--
INFO: Run Behavior\BuildLiteBehavior [ RunTime:0.000015s ]
INFO: [ app_init ] --END-- [ RunTime:0.000315s ]
INFO: [ app_begin ] --START--
INFO: Run Behavior\ReadHtmlCacheBehavior [ RunTime:0.000415s ]
INFO: [ app_begin ] --END-- [ RunTime:0.000477s ]
SQL: SHOW COLUMNS FROM `crm_user` [ RunTime:0.0029s ]
ERR: 1054:Unknown column 'crm_customer.cid' in 'field list'
 [ SQL语句 ] : SELECT crm_opportunity.name,crm_opportunity.oid,crm_opportunity.create_date as date,crm_customer.cid FROM `crm_user` INNER JOIN crm_rl_user_customer ON crm_user.uid = crm_rl_user_customer.uid INNER JOIN crm_opportunity ON crm_rl_user_customer.cid = crm_opportunity.cid  WHERE crm_user.uid = '100000006' ORDER BY date asc 
ERR: 1054:Unknown column 'crm_customer.cid' in 'field list'
 [ SQL语句 ] : SELECT crm_opportunity.name,crm_opportunity.oid,crm_opportunity.create_date as date,crm_customer.cid FROM `crm_user` INNER JOIN crm_rl_user_customer ON crm_user.uid = crm_rl_user_customer.uid INNER JOIN crm_opportunity ON crm_rl_user_customer.cid = crm_opportunity.cid  WHERE crm_user.uid = '100000006' ORDER BY date asc 

[ 2017-02-28T09:15:29+08:00 ] 10.10.13.30 /CRM/index.php/home/oppotunity/showall?uid=100000006&date=4
INFO: [ app_init ] --START--
INFO: Run Behavior\BuildLiteBehavior [ RunTime:0.000015s ]
INFO: [ app_init ] --END-- [ RunTime:0.000322s ]
INFO: [ app_begin ] --START--
INFO: Run Behavior\ReadHtmlCacheBehavior [ RunTime:0.000426s ]
INFO: [ app_begin ] --END-- [ RunTime:0.000488s ]
SQL: SHOW COLUMNS FROM `crm_user` [ RunTime:0.0032s ]
SQL: SELECT crm_opportunity.name as name,crm_opportunity.oid as oid,crm_opportunity.update_date as date,crm_opportunity.money as money FROM `crm_user` INNER JOIN crm_rl_user_customer ON crm_user.uid = crm_rl_user_customer.uid INNER JOIN crm_opportunity ON crm_rl_user_customer.cid = crm_opportunity.cid  WHERE crm_user.uid = '100000006' ORDER BY date asc  [ RunTime:0.0005s ]
NOTIC: [8] Undefined offset: 2 E:\WWW\CRM\Application\Home\Controller\OppotunityController.class.php 第 87 行.
INFO: [ app_end ] --START--
INFO: Run Behavior\ShowPageTraceBehavior [ RunTime:0.000671s ]
INFO: [ app_end ] --END-- [ RunTime:0.000753s ]

[ 2017-02-28T09:15:44+08:00 ] 10.10.12.189 /CRM/index.php/home/oppotunity/showall?uid=100000006&date=4
INFO: [ app_init ] --START--
INFO: Run Behavior\BuildLiteBehavior [ RunTime:0.000017s ]
INFO: [ app_init ] --END-- [ RunTime:0.000359s ]
INFO: [ app_begin ] --START--
INFO: Run Behavior\ReadHtmlCacheBehavior [ RunTime:0.000508s ]
INFO: [ app_begin ] --END-- [ RunTime:0.000571s ]
SQL: SHOW COLUMNS FROM `crm_user` [ RunTime:0.0030s ]
SQL: SELECT crm_opportunity.name as name,crm_opportunity.oid as oid,crm_opportunity.update_date as date,crm_opportunity.money as money FROM `crm_user` INNER JOIN crm_rl_user_customer ON crm_user.uid = crm_rl_user_customer.uid INNER JOIN crm_opportunity ON crm_rl_user_customer.cid = crm_opportunity.cid  WHERE crm_user.uid = '100000006' ORDER BY date asc  [ RunTime:0.0005s ]
NOTIC: [8] Undefined offset: 2 E:\WWW\CRM\Application\Home\Controller\OppotunityController.class.php 第 87 行.
INFO: [ app_end ] --START--
INFO: Run Behavior\ShowPageTraceBehavior [ RunTime:0.000628s ]
INFO: [ app_end ] --END-- [ RunTime:0.000694s ]

[ 2017-02-28T09:15:46+08:00 ] 10.10.12.189 /CRM/index.php/home/oppotunity/showall?uid=100000006&date=3
INFO: [ app_init ] --START--
INFO: Run Behavior\BuildLiteBehavior [ RunTime:0.000015s ]
INFO: [ app_init ] --END-- [ RunTime:0.000309s ]
INFO: [ app_begin ] --START--
INFO: Run Behavior\ReadHtmlCacheBehavior [ RunTime:0.000412s ]
INFO: [ app_begin ] --END-- [ RunTime:0.000474s ]
SQL: SHOW COLUMNS FROM `crm_user` [ RunTime:0.0029s ]
SQL: SELECT crm_opportunity.name as name,crm_opportunity.oid as oid,crm_opportunity.update_date as date,crm_opportunity.money as money FROM `crm_user` INNER JOIN crm_rl_user_customer ON crm_user.uid = crm_rl_user_customer.uid INNER JOIN crm_opportunity ON crm_rl_user_customer.cid = crm_opportunity.cid  WHERE crm_user.uid = '100000006' ORDER BY date desc  [ RunTime:0.0005s ]
NOTIC: [8] Undefined offset: 2 E:\WWW\CRM\Application\Home\Controller\OppotunityController.class.php 第 87 行.
INFO: [ app_end ] --START--
INFO: Run Behavior\ShowPageTraceBehavior [ RunTime:0.000530s ]
INFO: [ app_end ] --END-- [ RunTime:0.000590s ]

[ 2017-02-28T09:15:47+08:00 ] 10.10.12.189 /CRM/index.php/home/oppotunity/showall?uid=100000006&date=2
INFO: [ app_init ] --START--
INFO: Run Behavior\BuildLiteBehavior [ RunTime:0.000015s ]
INFO: [ app_init ] --END-- [ RunTime:0.000327s ]
INFO: [ app_begin ] --START--
INFO: Run Behavior\ReadHtmlCacheBehavior [ RunTime:0.000682s ]
INFO: [ app_begin ] --END-- [ RunTime:0.000765s ]
SQL: SHOW COLUMNS FROM `crm_user` [ RunTime:0.0028s ]
SQL: SELECT crm_opportunity.name as name,crm_opportunity.oid as oid,crm_opportunity.update_date as date,crm_opportunity.money as money FROM `crm_user` INNER JOIN crm_rl_user_customer ON crm_user.uid = crm_rl_user_customer.uid INNER JOIN crm_opportunity ON crm_rl_user_customer.cid = crm_opportunity.cid  WHERE crm_user.uid = '100000006' ORDER BY date asc  [ RunTime:0.0005s ]
NOTIC: [8] Undefined offset: 2 E:\WWW\CRM\Application\Home\Controller\OppotunityController.class.php 第 87 行.
INFO: [ app_end ] --START--
INFO: Run Behavior\ShowPageTraceBehavior [ RunTime:0.000547s ]
INFO: [ app_end ] --END-- [ RunTime:0.000621s ]

[ 2017-02-28T09:15:48+08:00 ] 10.10.12.189 /CRM/index.php/home/oppotunity/showall?uid=100000006&date=1
INFO: [ app_init ] --START--
INFO: Run Behavior\BuildLiteBehavior [ RunTime:0.000019s ]
INFO: [ app_init ] --END-- [ RunTime:0.000398s ]
INFO: [ app_begin ] --START--
INFO: Run Behavior\ReadHtmlCacheBehavior [ RunTime:0.000546s ]
INFO: [ app_begin ] --END-- [ RunTime:0.000617s ]
SQL: SHOW COLUMNS FROM `crm_user` [ RunTime:0.0027s ]
SQL: SELECT crm_opportunity.name as name,crm_opportunity.oid as oid,crm_opportunity.update_date as date,crm_opportunity.money as money FROM `crm_user` INNER JOIN crm_rl_user_customer ON crm_user.uid = crm_rl_user_customer.uid INNER JOIN crm_opportunity ON crm_rl_user_customer.cid = crm_opportunity.cid  WHERE crm_user.uid = '100000006' ORDER BY date desc  [ RunTime:0.0005s ]
NOTIC: [8] Undefined offset: 2 E:\WWW\CRM\Application\Home\Controller\OppotunityController.class.php 第 87 行.
INFO: [ app_end ] --START--
INFO: Run Behavior\ShowPageTraceBehavior [ RunTime:0.000692s ]
INFO: [ app_end ] --END-- [ RunTime:0.000786s ]

[ 2017-02-28T09:26:29+08:00 ] 10.10.12.189 /CRM/index.php/home/oppotunity/showall?uid=100000006&date=1
INFO: [ app_init ] --START--
INFO: Run Behavior\BuildLiteBehavior [ RunTime:0.000016s ]
INFO: [ app_init ] --END-- [ RunTime:0.000367s ]
INFO: [ app_begin ] --START--
INFO: Run Behavior\ReadHtmlCacheBehavior [ RunTime:0.000529s ]
INFO: [ app_begin ] --END-- [ RunTime:0.000594s ]
SQL: SHOW COLUMNS FROM `crm_user` [ RunTime:0.0312s ]
SQL: SELECT crm_opportunity.name as name,crm_opportunity.oid as oid,crm_opportunity.update_date as date,crm_opportunity.money as money FROM `crm_user` INNER JOIN crm_rl_user_customer ON crm_user.uid = crm_rl_user_customer.uid INNER JOIN crm_opportunity ON crm_rl_user_customer.cid = crm_opportunity.cid  WHERE crm_user.uid = '100000006' ORDER BY date desc  [ RunTime:0.0008s ]
NOTIC: [8] Undefined offset: 2 E:\WWW\CRM\Application\Home\Controller\OppotunityController.class.php 第 87 行.
INFO: [ app_end ] --START--
INFO: Run Behavior\ShowPageTraceBehavior [ RunTime:0.000901s ]
INFO: [ app_end ] --END-- [ RunTime:0.001006s ]

[ 2017-02-28T09:33:28+08:00 ] 10.10.12.189 /CRM/index.php/home/log/login
INFO: [ app_init ] --START--
INFO: Run Behavior\BuildLiteBehavior [ RunTime:0.000016s ]
INFO: [ app_init ] --END-- [ RunTime:0.000370s ]
INFO: [ app_begin ] --START--
INFO: Run Behavior\ReadHtmlCacheBehavior [ RunTime:0.000568s ]
INFO: [ app_begin ] --END-- [ RunTime:0.000648s ]
SQL: SHOW COLUMNS FROM `crm_user` [ RunTime:0.0030s ]
SQL: SELECT `password`,`uid`,`mobile`,`login_name` FROM `crm_user` WHERE ( `mobile` = 'test' OR `login_name` = 'test' )  [ RunTime:0.0003s ]
SQL: UPDATE `crm_user` SET `login_time`='1488245608' WHERE ( `mobile` = 'test' OR `login_name` = 'test' ) [ RunTime:0.0004s ]
INFO: [ app_end ] --START--
INFO: Run Behavior\ShowPageTraceBehavior [ RunTime:0.000635s ]
INFO: [ app_end ] --END-- [ RunTime:0.000697s ]

[ 2017-02-28T09:33:48+08:00 ] 10.10.12.189 /CRM/index.php/home/log/login
INFO: [ app_init ] --START--
INFO: Run Behavior\BuildLiteBehavior [ RunTime:0.000016s ]
INFO: [ app_init ] --END-- [ RunTime:0.000341s ]
INFO: [ app_begin ] --START--
INFO: Run Behavior\ReadHtmlCacheBehavior [ RunTime:0.000423s ]
INFO: [ app_begin ] --END-- [ RunTime:0.000486s ]
SQL: SHOW COLUMNS FROM `crm_user` [ RunTime:0.0032s ]
SQL: SELECT `password`,`uid`,`mobile`,`login_name` FROM `crm_user` WHERE ( `mobile` = 'test' OR `login_name` = 'test' )  [ RunTime:0.0003s ]
SQL: UPDATE `crm_user` SET `login_time`='1488245628' WHERE ( `mobile` = 'test' OR `login_name` = 'test' ) [ RunTime:0.0308s ]
INFO: [ app_end ] --START--
INFO: Run Behavior\ShowPageTraceBehavior [ RunTime:0.000757s ]
INFO: [ app_end ] --END-- [ RunTime:0.000853s ]

[ 2017-02-28T09:37:38+08:00 ] 10.10.12.189 /CRM/index.php/home/log/login
INFO: [ app_init ] --START--
INFO: Run Behavior\BuildLiteBehavior [ RunTime:0.000018s ]
INFO: [ app_init ] --END-- [ RunTime:0.000417s ]
INFO: [ app_begin ] --START--
INFO: Run Behavior\ReadHtmlCacheBehavior [ RunTime:0.000551s ]
INFO: [ app_begin ] --END-- [ RunTime:0.000623s ]
SQL: SHOW COLUMNS FROM `crm_user` [ RunTime:0.0040s ]
SQL: SELECT `password`,`uid`,`mobile`,`login_name` FROM `crm_user` WHERE ( `mobile` = 'test' OR `login_name` = 'test' )  [ RunTime:0.0003s ]
SQL: UPDATE `crm_user` SET `login_time`='1488245858' WHERE ( `mobile` = 'test' OR `login_name` = 'test' ) [ RunTime:0.0003s ]
INFO: [ app_end ] --START--
INFO: Run Behavior\ShowPageTraceBehavior [ RunTime:0.000812s ]
INFO: [ app_end ] --END-- [ RunTime:0.000923s ]

[ 2017-02-28T09:37:44+08:00 ] 10.10.12.189 /CRM/index.php/home/oppotunity/showall?uid=100000006&date=1
INFO: [ app_init ] --START--
INFO: Run Behavior\BuildLiteBehavior [ RunTime:0.000014s ]
INFO: [ app_init ] --END-- [ RunTime:0.000319s ]
INFO: [ app_begin ] --START--
INFO: Run Behavior\ReadHtmlCacheBehavior [ RunTime:0.000421s ]
INFO: [ app_begin ] --END-- [ RunTime:0.000483s ]
SQL: SHOW COLUMNS FROM `crm_user` [ RunTime:0.0029s ]
SQL: SELECT crm_opportunity.name as name,crm_opportunity.oid as oid,crm_opportunity.update_date as date,crm_opportunity.money as money FROM `crm_user` INNER JOIN crm_rl_user_customer ON crm_user.uid = crm_rl_user_customer.uid INNER JOIN crm_opportunity ON crm_rl_user_customer.cid = crm_opportunity.cid  WHERE crm_user.uid = '100000006' ORDER BY date desc  [ RunTime:0.0191s ]
NOTIC: [8] Undefined offset: 2 E:\WWW\CRM\Application\Home\Controller\OppotunityController.class.php 第 87 行.
INFO: [ app_end ] --START--
INFO: Run Behavior\ShowPageTraceBehavior [ RunTime:0.000704s ]
INFO: [ app_end ] --END-- [ RunTime:0.000783s ]

[ 2017-02-28T09:39:28+08:00 ] 10.10.12.189 /CRM/index.php/home/oppotunity/showall?uid=100000006&date=1
INFO: [ app_init ] --START--
INFO: Run Behavior\BuildLiteBehavior [ RunTime:0.000026s ]
INFO: [ app_init ] --END-- [ RunTime:0.000544s ]
INFO: [ app_begin ] --START--
INFO: Run Behavior\ReadHtmlCacheBehavior [ RunTime:0.000627s ]
INFO: [ app_begin ] --END-- [ RunTime:0.000721s ]
SQL: SHOW COLUMNS FROM `crm_user` [ RunTime:0.0031s ]
SQL: SELECT crm_opportunity.name as name,crm_opportunity.oid as oid,crm_opportunity.update_date as date,crm_opportunity.money as money FROM `crm_user` INNER JOIN crm_rl_user_customer ON crm_user.uid = crm_rl_user_customer.uid INNER JOIN crm_opportunity ON crm_rl_user_customer.cid = crm_opportunity.cid  WHERE crm_user.uid = '100000006' ORDER BY date desc  [ RunTime:0.0006s ]
NOTIC: [8] Undefined offset: 2 E:\WWW\CRM\Application\Home\Controller\OppotunityController.class.php 第 87 行.
INFO: [ app_end ] --START--
INFO: Run Behavior\ShowPageTraceBehavior [ RunTime:0.000715s ]
INFO: [ app_end ] --END-- [ RunTime:0.000804s ]

[ 2017-02-28T09:41:03+08:00 ] 10.10.12.189 /CRM/index.php/home/oppotunity/showall?uid=100000006&date=1
INFO: [ app_init ] --START--
INFO: Run Behavior\BuildLiteBehavior [ RunTime:0.000017s ]
INFO: [ app_init ] --END-- [ RunTime:0.000399s ]
INFO: [ app_begin ] --START--
INFO: Run Behavior\ReadHtmlCacheBehavior [ RunTime:0.000541s ]
INFO: [ app_begin ] --END-- [ RunTime:0.000606s ]
SQL: SHOW COLUMNS FROM `crm_user` [ RunTime:0.0034s ]
SQL: SELECT crm_opportunity.name as name,crm_opportunity.oid as oid,crm_opportunity.update_date as date,crm_opportunity.money as money FROM `crm_user` INNER JOIN crm_rl_user_customer ON crm_user.uid = crm_rl_user_customer.uid INNER JOIN crm_opportunity ON crm_rl_user_customer.cid = crm_opportunity.cid  WHERE crm_user.uid = '100000006' ORDER BY date desc  [ RunTime:0.0006s ]
NOTIC: [8] Undefined offset: 2 E:\WWW\CRM\Application\Home\Controller\OppotunityController.class.php 第 87 行.
INFO: [ app_end ] --START--
INFO: Run Behavior\ShowPageTraceBehavior [ RunTime:0.000688s ]
INFO: [ app_end ] --END-- [ RunTime:0.000755s ]

