[ 2017-02-21T09:36:32+08:00 ] 10.10.12.189 /CRM/index.php/home/log/login
INFO: [ app_init ] --START--
INFO: Run Behavior\BuildLiteBehavior [ RunTime:0.000017s ]
INFO: [ app_init ] --END-- [ RunTime:0.000431s ]
INFO: [ app_begin ] --START--
INFO: Run Behavior\ReadHtmlCacheBehavior [ RunTime:0.000591s ]
INFO: [ app_begin ] --END-- [ RunTime:0.000657s ]
SQL: SHOW COLUMNS FROM `crm_user` [ RunTime:0.0033s ]
SQL: SELECT `password` FROM `crm_user` WHERE ( `mobile` = 'test' OR `login_name` = 'test' )  [ RunTime:0.0003s ]
INFO: [ app_end ] --START--
INFO: Run Behavior\ShowPageTraceBehavior [ RunTime:0.000927s ]
INFO: [ app_end ] --END-- [ RunTime:0.000995s ]

[ 2017-02-21T09:36:35+08:00 ] 10.10.12.189 /CRM/index.php/home/log/login
INFO: [ app_init ] --START--
INFO: Run Behavior\BuildLiteBehavior [ RunTime:0.000014s ]
INFO: [ app_init ] --END-- [ RunTime:0.000301s ]
INFO: [ app_begin ] --START--
INFO: Run Behavior\ReadHtmlCacheBehavior [ RunTime:0.000427s ]
INFO: [ app_begin ] --END-- [ RunTime:0.000493s ]
SQL: SHOW COLUMNS FROM `crm_user` [ RunTime:0.0029s ]
SQL: SELECT `password` FROM `crm_user` WHERE ( `mobile` = 'test' OR `login_name` = 'test' )  [ RunTime:0.0003s ]
INFO: [ app_end ] --START--
INFO: Run Behavior\ShowPageTraceBehavior [ RunTime:0.000743s ]
INFO: [ app_end ] --END-- [ RunTime:0.000812s ]

[ 2017-02-21T09:36:43+08:00 ] 10.10.12.189 /CRM/index.php/home/log/login
INFO: [ app_init ] --START--
INFO: Run Behavior\BuildLiteBehavior [ RunTime:0.000013s ]
INFO: [ app_init ] --END-- [ RunTime:0.000314s ]
INFO: [ app_begin ] --START--
INFO: Run Behavior\ReadHtmlCacheBehavior [ RunTime:0.000407s ]
INFO: [ app_begin ] --END-- [ RunTime:0.000485s ]
SQL: SHOW COLUMNS FROM `crm_user` [ RunTime:0.0029s ]
SQL: SELECT `password` FROM `crm_user` WHERE ( `mobile` = 'test' OR `login_name` = 'test' )  [ RunTime:0.0003s ]
INFO: [ app_end ] --START--
INFO: Run Behavior\ShowPageTraceBehavior [ RunTime:0.000612s ]
INFO: [ app_end ] --END-- [ RunTime:0.000689s ]

[ 2017-02-21T09:37:07+08:00 ] 10.10.13.30 /CRM/index.php/home/log/login
INFO: [ app_init ] --START--
INFO: Run Behavior\BuildLiteBehavior [ RunTime:0.000015s ]
INFO: [ app_init ] --END-- [ RunTime:0.000334s ]
INFO: [ app_begin ] --START--
INFO: Run Behavior\ReadHtmlCacheBehavior [ RunTime:0.000494s ]
INFO: [ app_begin ] --END-- [ RunTime:0.000559s ]
SQL: SHOW COLUMNS FROM `crm_user` [ RunTime:0.0029s ]
SQL: SELECT `password` FROM `crm_user` WHERE ( `mobile` = 'test' OR `login_name` = 'test' )  [ RunTime:0.0003s ]
INFO: [ app_end ] --START--
INFO: Run Behavior\ShowPageTraceBehavior [ RunTime:0.000813s ]
INFO: [ app_end ] --END-- [ RunTime:0.000874s ]

[ 2017-02-21T09:41:00+08:00 ] 10.10.12.189 /CRM/index.php/home/log/login
INFO: [ app_init ] --START--
INFO: Run Behavior\BuildLiteBehavior [ RunTime:0.000015s ]
INFO: [ app_init ] --END-- [ RunTime:0.000365s ]
INFO: [ app_begin ] --START--
INFO: Run Behavior\ReadHtmlCacheBehavior [ RunTime:0.000507s ]
INFO: [ app_begin ] --END-- [ RunTime:0.000568s ]
SQL: SHOW COLUMNS FROM `crm_user` [ RunTime:0.0030s ]
SQL: SELECT `password` FROM `crm_user` WHERE ( `mobile` = 'test' OR `login_name` = 'test' )  [ RunTime:0.0131s ]
INFO: [ app_end ] --START--
INFO: Run Behavior\ShowPageTraceBehavior [ RunTime:0.000697s ]
INFO: [ app_end ] --END-- [ RunTime:0.000754s ]

[ 2017-02-21T09:42:38+08:00 ] 10.10.12.189 /CRM/index.php/home/log/login
INFO: [ app_init ] --START--
INFO: Run Behavior\BuildLiteBehavior [ RunTime:0.000017s ]
INFO: [ app_init ] --END-- [ RunTime:0.000359s ]
INFO: [ app_begin ] --START--
INFO: Run Behavior\ReadHtmlCacheBehavior [ RunTime:0.000554s ]
INFO: [ app_begin ] --END-- [ RunTime:0.000637s ]
SQL: SHOW COLUMNS FROM `crm_user` [ RunTime:0.0030s ]
SQL: SELECT `password` FROM `crm_user` WHERE ( `mobile` = 'test' OR `login_name` = 'test' )  [ RunTime:0.0003s ]
INFO: [ app_end ] --START--
INFO: Run Behavior\ShowPageTraceBehavior [ RunTime:0.000681s ]
INFO: [ app_end ] --END-- [ RunTime:0.000784s ]

[ 2017-02-21T10:14:42+08:00 ] 10.10.12.189 /CRM/index.php/home/log/login
INFO: [ app_init ] --START--
INFO: Run Behavior\BuildLiteBehavior [ RunTime:0.000015s ]
INFO: [ app_init ] --END-- [ RunTime:0.000363s ]
INFO: [ app_begin ] --START--
INFO: Run Behavior\ReadHtmlCacheBehavior [ RunTime:0.000482s ]
INFO: [ app_begin ] --END-- [ RunTime:0.000544s ]
SQL: SHOW COLUMNS FROM `crm_user` [ RunTime:0.0033s ]
SQL: SELECT `password` FROM `crm_user` WHERE ( `mobile` = 'test' OR `login_name` = 'test' )  [ RunTime:0.0003s ]
INFO: [ app_end ] --START--
INFO: Run Behavior\ShowPageTraceBehavior [ RunTime:0.000692s ]
INFO: [ app_end ] --END-- [ RunTime:0.000762s ]

[ 2017-02-21T10:30:45+08:00 ] 10.10.12.189 /CRM/index.php/home/log/login
INFO: [ app_init ] --START--
INFO: Run Behavior\BuildLiteBehavior [ RunTime:0.000016s ]
INFO: [ app_init ] --END-- [ RunTime:0.000351s ]
INFO: [ app_begin ] --START--
INFO: Run Behavior\ReadHtmlCacheBehavior [ RunTime:0.000543s ]
INFO: [ app_begin ] --END-- [ RunTime:0.000626s ]
SQL: SHOW COLUMNS FROM `crm_user` [ RunTime:0.0030s ]
SQL: SELECT `password` FROM `crm_user` WHERE ( `mobile` = 'test' OR `login_name` = 'test' )  [ RunTime:0.0004s ]
INFO: [ app_end ] --START--
INFO: Run Behavior\ShowPageTraceBehavior [ RunTime:0.000596s ]
INFO: [ app_end ] --END-- [ RunTime:0.000651s ]

[ 2017-02-21T10:33:09+08:00 ] 10.10.12.189 /CRM/index.php/home/log/login
INFO: [ app_init ] --START--
INFO: Run Behavior\BuildLiteBehavior [ RunTime:0.000022s ]
INFO: [ app_init ] --END-- [ RunTime:0.000492s ]
INFO: [ app_begin ] --START--
INFO: Run Behavior\ReadHtmlCacheBehavior [ RunTime:0.000538s ]
INFO: [ app_begin ] --END-- [ RunTime:0.000609s ]
SQL: SHOW COLUMNS FROM `crm_user` [ RunTime:0.0031s ]
SQL: SELECT `password` FROM `crm_user` WHERE ( `mobile` = 'test' OR `login_name` = 'test' )  [ RunTime:0.0003s ]
INFO: [ app_end ] --START--
INFO: Run Behavior\ShowPageTraceBehavior [ RunTime:0.000637s ]
INFO: [ app_end ] --END-- [ RunTime:0.000701s ]

[ 2017-02-21T10:44:20+08:00 ] 10.10.12.189 /CRM/index.php/home/log/login
INFO: [ app_init ] --START--
INFO: Run Behavior\BuildLiteBehavior [ RunTime:0.000017s ]
INFO: [ app_init ] --END-- [ RunTime:0.000352s ]
INFO: [ app_begin ] --START--
INFO: Run Behavior\ReadHtmlCacheBehavior [ RunTime:0.000589s ]
INFO: [ app_begin ] --END-- [ RunTime:0.000672s ]
SQL: SHOW COLUMNS FROM `crm_user` [ RunTime:0.0031s ]
SQL: SELECT `password` FROM `crm_user` WHERE ( `mobile` = 'test' OR `login_name` = 'test' )  [ RunTime:0.0004s ]
INFO: [ app_end ] --START--
INFO: Run Behavior\ShowPageTraceBehavior [ RunTime:0.000672s ]
INFO: [ app_end ] --END-- [ RunTime:0.000751s ]

[ 2017-02-21T10:54:01+08:00 ] 10.10.12.189 /CRM/index.php/home/log/login
INFO: [ app_init ] --START--
INFO: Run Behavior\BuildLiteBehavior [ RunTime:0.000015s ]
INFO: [ app_init ] --END-- [ RunTime:0.000428s ]
INFO: [ app_begin ] --START--
INFO: Run Behavior\ReadHtmlCacheBehavior [ RunTime:0.000550s ]
INFO: [ app_begin ] --END-- [ RunTime:0.000613s ]

[ 2017-02-21T10:54:04+08:00 ] 10.10.12.189 /CRM/index.php/home/log/login
INFO: [ app_init ] --START--
INFO: Run Behavior\BuildLiteBehavior [ RunTime:0.000015s ]
INFO: [ app_init ] --END-- [ RunTime:0.000313s ]
INFO: [ app_begin ] --START--
INFO: Run Behavior\ReadHtmlCacheBehavior [ RunTime:0.000511s ]
INFO: [ app_begin ] --END-- [ RunTime:0.000585s ]

[ 2017-02-21T10:54:10+08:00 ] 10.10.13.30 /CRM/index.php/home/log/login
INFO: [ app_init ] --START--
INFO: Run Behavior\BuildLiteBehavior [ RunTime:0.000022s ]
INFO: [ app_init ] --END-- [ RunTime:0.000470s ]
INFO: [ app_begin ] --START--
INFO: Run Behavior\ReadHtmlCacheBehavior [ RunTime:0.000555s ]
INFO: [ app_begin ] --END-- [ RunTime:0.000621s ]

[ 2017-02-21T10:54:43+08:00 ] 10.10.13.30 /CRM/index.php/home/log/login
INFO: [ app_init ] --START--
INFO: Run Behavior\BuildLiteBehavior [ RunTime:0.000014s ]
INFO: [ app_init ] --END-- [ RunTime:0.000336s ]
INFO: [ app_begin ] --START--
INFO: Run Behavior\ReadHtmlCacheBehavior [ RunTime:0.000508s ]
INFO: [ app_begin ] --END-- [ RunTime:0.000580s ]

[ 2017-02-21T10:55:15+08:00 ] 10.10.12.189 /CRM/index.php/home/log/login
INFO: [ app_init ] --START--
INFO: Run Behavior\BuildLiteBehavior [ RunTime:0.000014s ]
INFO: [ app_init ] --END-- [ RunTime:0.000298s ]
INFO: [ app_begin ] --START--
INFO: Run Behavior\ReadHtmlCacheBehavior [ RunTime:0.000428s ]
INFO: [ app_begin ] --END-- [ RunTime:0.000488s ]

[ 2017-02-21T10:55:19+08:00 ] 10.10.13.30 /CRM/index.php/home/log/login
INFO: [ app_init ] --START--
INFO: Run Behavior\BuildLiteBehavior [ RunTime:0.000015s ]
INFO: [ app_init ] --END-- [ RunTime:0.000325s ]
INFO: [ app_begin ] --START--
INFO: Run Behavior\ReadHtmlCacheBehavior [ RunTime:0.000449s ]
INFO: [ app_begin ] --END-- [ RunTime:0.000509s ]

[ 2017-02-21T10:55:53+08:00 ] ::1 /CRM/index.php/home/log/login
INFO: [ app_init ] --START--
INFO: Run Behavior\BuildLiteBehavior [ RunTime:0.000016s ]
INFO: [ app_init ] --END-- [ RunTime:0.000409s ]
INFO: [ app_begin ] --START--
INFO: Run Behavior\ReadHtmlCacheBehavior [ RunTime:0.000669s ]
INFO: [ app_begin ] --END-- [ RunTime:0.000730s ]

[ 2017-02-21T10:55:59+08:00 ] ::1 /CRM/index.php/home/log/login
INFO: [ app_init ] --START--
INFO: Run Behavior\BuildLiteBehavior [ RunTime:0.000038s ]
INFO: [ app_init ] --END-- [ RunTime:0.000848s ]
INFO: [ app_begin ] --START--
INFO: Run Behavior\ReadHtmlCacheBehavior [ RunTime:0.001172s ]
INFO: [ app_begin ] --END-- [ RunTime:0.001346s ]

[ 2017-02-21T10:56:41+08:00 ] ::1 /CRM/index.php/home/log/login
INFO: [ app_init ] --START--
INFO: Run Behavior\BuildLiteBehavior [ RunTime:0.000030s ]
INFO: [ app_init ] --END-- [ RunTime:0.000700s ]
INFO: [ app_begin ] --START--
INFO: Run Behavior\ReadHtmlCacheBehavior [ RunTime:0.002010s ]
INFO: [ app_begin ] --END-- [ RunTime:0.002174s ]
SQL: SHOW COLUMNS FROM `crm_user` [ RunTime:0.0056s ]
SQL: SELECT `password` FROM `crm_user` WHERE ( `mobile` = 'test' OR `login_name` = 'test' )  [ RunTime:0.0004s ]
SQL: UPDATE `crm_user` SET `login_time`='1487645801' WHERE ( `mobile` = 'test' OR `login_name` = 'test' ) [ RunTime:0.0733s ]
INFO: [ app_end ] --START--
INFO: Run Behavior\ShowPageTraceBehavior [ RunTime:0.000641s ]
INFO: [ app_end ] --END-- [ RunTime:0.000698s ]

[ 2017-02-21T10:56:45+08:00 ] 10.10.13.30 /CRM/index.php/home/log/login
INFO: [ app_init ] --START--
INFO: Run Behavior\BuildLiteBehavior [ RunTime:0.000016s ]
INFO: [ app_init ] --END-- [ RunTime:0.000375s ]
INFO: [ app_begin ] --START--
INFO: Run Behavior\ReadHtmlCacheBehavior [ RunTime:0.000507s ]
INFO: [ app_begin ] --END-- [ RunTime:0.000569s ]
SQL: SHOW COLUMNS FROM `crm_user` [ RunTime:0.0045s ]
SQL: SELECT `password` FROM `crm_user` WHERE ( `mobile` = 'test' OR `login_name` = 'test' )  [ RunTime:0.0003s ]
SQL: UPDATE `crm_user` SET `login_time`='1487645805' WHERE ( `mobile` = 'test' OR `login_name` = 'test' ) [ RunTime:0.0003s ]
INFO: [ app_end ] --START--
INFO: Run Behavior\ShowPageTraceBehavior [ RunTime:0.000626s ]
INFO: [ app_end ] --END-- [ RunTime:0.000683s ]

[ 2017-02-21T10:56:49+08:00 ] 10.10.12.189 /CRM/index.php/home/log/login
INFO: [ app_init ] --START--
INFO: Run Behavior\BuildLiteBehavior [ RunTime:0.000016s ]
INFO: [ app_init ] --END-- [ RunTime:0.000378s ]
INFO: [ app_begin ] --START--
INFO: Run Behavior\ReadHtmlCacheBehavior [ RunTime:0.000397s ]
INFO: [ app_begin ] --END-- [ RunTime:0.000458s ]
SQL: SHOW COLUMNS FROM `crm_user` [ RunTime:0.0034s ]
SQL: SELECT `password` FROM `crm_user` WHERE ( `mobile` = 'test' OR `login_name` = 'test' )  [ RunTime:0.0005s ]
SQL: UPDATE `crm_user` SET `login_time`='1487645809' WHERE ( `mobile` = 'test' OR `login_name` = 'test' ) [ RunTime:0.0003s ]
INFO: [ app_end ] --START--
INFO: Run Behavior\ShowPageTraceBehavior [ RunTime:0.000532s ]
INFO: [ app_end ] --END-- [ RunTime:0.000611s ]

[ 2017-02-21T10:57:44+08:00 ] ::1 /CRM/index.php/home/log/login
INFO: [ app_init ] --START--
INFO: Run Behavior\BuildLiteBehavior [ RunTime:0.000033s ]
INFO: [ app_init ] --END-- [ RunTime:0.000573s ]
INFO: [ app_begin ] --START--
INFO: Run Behavior\ReadHtmlCacheBehavior [ RunTime:0.000744s ]
INFO: [ app_begin ] --END-- [ RunTime:0.000905s ]
SQL: SHOW COLUMNS FROM `crm_user` [ RunTime:0.0053s ]
SQL: SELECT `password` FROM `crm_user` WHERE ( `mobile` = 'test' OR `login_name` = 'test' )  [ RunTime:0.0004s ]
SQL: UPDATE `crm_user` SET `login_time`='1487645864' WHERE ( `mobile` = 'test' OR `login_name` = 'test' ) [ RunTime:0.0003s ]
INFO: [ app_end ] --START--
INFO: Run Behavior\ShowPageTraceBehavior [ RunTime:0.000514s ]
INFO: [ app_end ] --END-- [ RunTime:0.000571s ]

[ 2017-02-21T11:00:01+08:00 ] 10.10.12.189 /CRM/index.php/home/log/login
INFO: [ app_init ] --START--
INFO: Run Behavior\BuildLiteBehavior [ RunTime:0.000016s ]
INFO: [ app_init ] --END-- [ RunTime:0.000375s ]
INFO: [ app_begin ] --START--
INFO: Run Behavior\ReadHtmlCacheBehavior [ RunTime:0.000549s ]
INFO: [ app_begin ] --END-- [ RunTime:0.000629s ]
SQL: SHOW COLUMNS FROM `crm_user` [ RunTime:0.0030s ]
SQL: SELECT `password` FROM `crm_user` WHERE ( `mobile` = 'test' OR `login_name` = 'test' )  [ RunTime:0.0003s ]
SQL: UPDATE `crm_user` SET `login_time`='1487646001' WHERE ( `mobile` = 'test' OR `login_name` = 'test' ) [ RunTime:0.0003s ]
INFO: [ app_end ] --START--
INFO: Run Behavior\ShowPageTraceBehavior [ RunTime:0.000626s ]
INFO: [ app_end ] --END-- [ RunTime:0.000683s ]

[ 2017-02-21T11:02:21+08:00 ] 10.10.12.189 /CRM/index.php/home/log/login
INFO: [ app_init ] --START--
INFO: Run Behavior\BuildLiteBehavior [ RunTime:0.000016s ]
INFO: [ app_init ] --END-- [ RunTime:0.000399s ]
INFO: [ app_begin ] --START--
INFO: Run Behavior\ReadHtmlCacheBehavior [ RunTime:0.000571s ]
INFO: [ app_begin ] --END-- [ RunTime:0.000646s ]
SQL: SHOW COLUMNS FROM `crm_user` [ RunTime:0.0031s ]
SQL: SELECT `password` FROM `crm_user` WHERE ( `mobile` = 'test' OR `login_name` = 'test' )  [ RunTime:0.0003s ]
SQL: UPDATE `crm_user` SET `login_time`='1487646141' WHERE ( `mobile` = 'test' OR `login_name` = 'test' ) [ RunTime:0.0003s ]
NOTIC: [8] Undefined index: uid E:\WWW\CRM\Application\Home\Controller\LogController.class.php 第 84 行.
INFO: [ app_end ] --START--
INFO: Run Behavior\ShowPageTraceBehavior [ RunTime:0.000853s ]
INFO: [ app_end ] --END-- [ RunTime:0.000944s ]

[ 2017-02-21T11:02:27+08:00 ] ::1 /CRM/index.php/home/log/login
INFO: [ app_init ] --START--
INFO: Run Behavior\BuildLiteBehavior [ RunTime:0.000036s ]
INFO: [ app_init ] --END-- [ RunTime:0.000788s ]
INFO: [ app_begin ] --START--
INFO: Run Behavior\ReadHtmlCacheBehavior [ RunTime:0.001209s ]
INFO: [ app_begin ] --END-- [ RunTime:0.001866s ]
SQL: SHOW COLUMNS FROM `crm_user` [ RunTime:0.0077s ]
SQL: SELECT `password` FROM `crm_user` WHERE ( `mobile` = 'test' OR `login_name` = 'test' )  [ RunTime:0.0446s ]
SQL: UPDATE `crm_user` SET `login_time`='1487646147' WHERE ( `mobile` = 'test' OR `login_name` = 'test' ) [ RunTime:0.0005s ]
NOTIC: [8] Undefined index: uid E:\WWW\CRM\Application\Home\Controller\LogController.class.php 第 84 行.
INFO: [ app_end ] --START--
INFO: Run Behavior\ShowPageTraceBehavior [ RunTime:0.000771s ]
INFO: [ app_end ] --END-- [ RunTime:0.000848s ]

[ 2017-02-21T11:03:57+08:00 ] ::1 /CRM/index.php/home/log/login
INFO: [ app_init ] --START--
INFO: Run Behavior\BuildLiteBehavior [ RunTime:0.000017s ]
INFO: [ app_init ] --END-- [ RunTime:0.000370s ]
INFO: [ app_begin ] --START--
INFO: Run Behavior\ReadHtmlCacheBehavior [ RunTime:0.000491s ]
INFO: [ app_begin ] --END-- [ RunTime:0.000561s ]
SQL: SHOW COLUMNS FROM `crm_user` [ RunTime:0.0042s ]
SQL: SELECT `password`,`uid` FROM `crm_user` WHERE ( `mobile` = 'test' OR `login_name` = 'test' )  [ RunTime:0.0003s ]
SQL: UPDATE `crm_user` SET `login_time`='1487646237' WHERE ( `mobile` = 'test' OR `login_name` = 'test' ) [ RunTime:0.0003s ]
INFO: [ app_end ] --START--
INFO: Run Behavior\ShowPageTraceBehavior [ RunTime:0.000558s ]
INFO: [ app_end ] --END-- [ RunTime:0.000617s ]

[ 2017-02-21T11:04:34+08:00 ] 10.10.13.30 /CRM/index.php/home/log/login
INFO: [ app_init ] --START--
INFO: Run Behavior\BuildLiteBehavior [ RunTime:0.000016s ]
INFO: [ app_init ] --END-- [ RunTime:0.000360s ]
INFO: [ app_begin ] --START--
INFO: Run Behavior\ReadHtmlCacheBehavior [ RunTime:0.000520s ]
INFO: [ app_begin ] --END-- [ RunTime:0.000582s ]
SQL: SHOW COLUMNS FROM `crm_user` [ RunTime:0.0037s ]
SQL: SELECT `password`,`uid` FROM `crm_user` WHERE ( `mobile` = 'test' OR `login_name` = 'test' )  [ RunTime:0.0003s ]
SQL: UPDATE `crm_user` SET `login_time`='1487646274' WHERE ( `mobile` = 'test' OR `login_name` = 'test' ) [ RunTime:0.0003s ]
INFO: [ app_end ] --START--
INFO: Run Behavior\ShowPageTraceBehavior [ RunTime:0.000605s ]
INFO: [ app_end ] --END-- [ RunTime:0.000665s ]

[ 2017-02-21T11:20:13+08:00 ] 10.10.12.189 /CRM/index.php/home/log/login
INFO: [ app_init ] --START--
INFO: Run Behavior\BuildLiteBehavior [ RunTime:0.000015s ]
INFO: [ app_init ] --END-- [ RunTime:0.000368s ]
INFO: [ app_begin ] --START--
INFO: Run Behavior\ReadHtmlCacheBehavior [ RunTime:0.000489s ]
INFO: [ app_begin ] --END-- [ RunTime:0.000552s ]
SQL: SHOW COLUMNS FROM `crm_user` [ RunTime:0.0030s ]
SQL: SELECT `password`,`uid` FROM `crm_user` WHERE ( `mobile` = 'test' OR `login_name` = 'test' )  [ RunTime:0.0003s ]
SQL: UPDATE `crm_user` SET `login_time`='1487647213' WHERE ( `mobile` = 'test' OR `login_name` = 'test' ) [ RunTime:0.0004s ]
INFO: [ app_end ] --START--
INFO: Run Behavior\ShowPageTraceBehavior [ RunTime:0.000610s ]
INFO: [ app_end ] --END-- [ RunTime:0.000679s ]

[ 2017-02-21T13:52:23+08:00 ] 10.10.12.189 /CRM/index.php/home/log/login
INFO: [ app_init ] --START--
INFO: Run Behavior\BuildLiteBehavior [ RunTime:0.000023s ]
INFO: [ app_init ] --END-- [ RunTime:0.000498s ]
INFO: [ app_begin ] --START--
INFO: Run Behavior\ReadHtmlCacheBehavior [ RunTime:0.000605s ]
INFO: [ app_begin ] --END-- [ RunTime:0.000678s ]

[ 2017-02-21T13:52:24+08:00 ] 10.10.12.189 /CRM/index.php/home/log/login
INFO: [ app_init ] --START--
INFO: Run Behavior\BuildLiteBehavior [ RunTime:0.000026s ]
INFO: [ app_init ] --END-- [ RunTime:0.000365s ]
INFO: [ app_begin ] --START--
INFO: Run Behavior\ReadHtmlCacheBehavior [ RunTime:0.000525s ]
INFO: [ app_begin ] --END-- [ RunTime:0.000590s ]

[ 2017-02-21T13:52:40+08:00 ] 10.10.12.189 /CRM/index.php/home/log/login
INFO: [ app_init ] --START--
INFO: Run Behavior\BuildLiteBehavior [ RunTime:0.000017s ]
INFO: [ app_init ] --END-- [ RunTime:0.000340s ]
INFO: [ app_begin ] --START--
INFO: Run Behavior\ReadHtmlCacheBehavior [ RunTime:0.000421s ]
INFO: [ app_begin ] --END-- [ RunTime:0.000483s ]

[ 2017-02-21T13:58:36+08:00 ] 10.10.12.189 /CRM/index.php/home/log/login
INFO: [ app_init ] --START--
INFO: Run Behavior\BuildLiteBehavior [ RunTime:0.000015s ]
INFO: [ app_init ] --END-- [ RunTime:0.000396s ]
INFO: [ app_begin ] --START--
INFO: Run Behavior\ReadHtmlCacheBehavior [ RunTime:0.000480s ]
INFO: [ app_begin ] --END-- [ RunTime:0.000541s ]

[ 2017-02-21T14:10:41+08:00 ] ::1 /CRM/index.php/home/log/update
INFO: [ app_init ] --START--
INFO: Run Behavior\BuildLiteBehavior [ RunTime:0.000039s ]
INFO: [ app_init ] --END-- [ RunTime:0.000701s ]
INFO: [ app_begin ] --START--
INFO: Run Behavior\ReadHtmlCacheBehavior [ RunTime:0.000634s ]
INFO: [ app_begin ] --END-- [ RunTime:0.000714s ]

[ 2017-02-21T14:11:30+08:00 ] ::1 /CRM/index.php/home/log/update
INFO: [ app_init ] --START--
INFO: Run Behavior\BuildLiteBehavior [ RunTime:0.000019s ]
INFO: [ app_init ] --END-- [ RunTime:0.000425s ]
INFO: [ app_begin ] --START--
INFO: Run Behavior\ReadHtmlCacheBehavior [ RunTime:0.000502s ]
INFO: [ app_begin ] --END-- [ RunTime:0.000575s ]
SQL: SHOW COLUMNS FROM `crm_user` [ RunTime:0.0399s ]
NOTIC: [2] Invalid argument supplied for foreach() E:\WWW\CRM\ThinkPHP\Library\Think\Model.class.php 第 267 行.

[ 2017-02-21T14:11:54+08:00 ] ::1 /CRM/index.php/home/log/update
INFO: [ app_init ] --START--
INFO: Run Behavior\BuildLiteBehavior [ RunTime:0.000028s ]
INFO: [ app_init ] --END-- [ RunTime:0.000841s ]
INFO: [ app_begin ] --START--
INFO: Run Behavior\ReadHtmlCacheBehavior [ RunTime:0.000836s ]
INFO: [ app_begin ] --END-- [ RunTime:0.000954s ]
SQL: SHOW COLUMNS FROM `crm_user` [ RunTime:0.0047s ]
NOTIC: [2] Invalid argument supplied for foreach() E:\WWW\CRM\ThinkPHP\Library\Think\Model.class.php 第 267 行.
NOTIC: [2] Invalid argument supplied for foreach() E:\WWW\CRM\ThinkPHP\Library\Think\Db\Driver.class.php 第 372 行.
NOTIC: [8] Undefined variable: set E:\WWW\CRM\ThinkPHP\Library\Think\Db\Driver.class.php 第 387 行.
NOTIC: [2] implode() [<a href='function.implode'>function.implode</a>]: Invalid arguments passed E:\WWW\CRM\ThinkPHP\Library\Think\Db\Driver.class.php 第 387 行.
ERR: 1064:You have an error in your SQL syntax; check the manual that corresponds to your MySQL server version for the right syntax to use near 'WHERE `mobile` = '15015141313'' at line 1
 [ SQL语句 ] : UPDATE `crm_user` SET  WHERE `mobile` = '15015141313'
ERR: 1064:You have an error in your SQL syntax; check the manual that corresponds to your MySQL server version for the right syntax to use near 'WHERE `mobile` = '15015141313'' at line 1
 [ SQL语句 ] : UPDATE `crm_user` SET  WHERE `mobile` = '15015141313'

[ 2017-02-21T14:12:18+08:00 ] ::1 /CRM/index.php/home/log/update
INFO: [ app_init ] --START--
INFO: Run Behavior\BuildLiteBehavior [ RunTime:0.000016s ]
INFO: [ app_init ] --END-- [ RunTime:0.000360s ]
INFO: [ app_begin ] --START--
INFO: Run Behavior\ReadHtmlCacheBehavior [ RunTime:0.000473s ]
INFO: [ app_begin ] --END-- [ RunTime:0.000542s ]
NOTIC: [8] Undefined index: HTTP_RAW_POST_DATA E:\WWW\CRM\Application\Home\Controller\LogController.class.php 第 96 行.
SQL: SHOW COLUMNS FROM `crm_user` [ RunTime:0.0030s ]
NOTIC: [2] Invalid argument supplied for foreach() E:\WWW\CRM\ThinkPHP\Library\Think\Model.class.php 第 267 行.
NOTIC: [2] Invalid argument supplied for foreach() E:\WWW\CRM\ThinkPHP\Library\Think\Db\Driver.class.php 第 372 行.
NOTIC: [8] Undefined variable: set E:\WWW\CRM\ThinkPHP\Library\Think\Db\Driver.class.php 第 387 行.
NOTIC: [2] implode() [<a href='function.implode'>function.implode</a>]: Invalid arguments passed E:\WWW\CRM\ThinkPHP\Library\Think\Db\Driver.class.php 第 387 行.
ERR: 1064:You have an error in your SQL syntax; check the manual that corresponds to your MySQL server version for the right syntax to use near 'WHERE `mobile` = null' at line 1
 [ SQL语句 ] : UPDATE `crm_user` SET  WHERE `mobile` = null
ERR: 1064:You have an error in your SQL syntax; check the manual that corresponds to your MySQL server version for the right syntax to use near 'WHERE `mobile` = null' at line 1
 [ SQL语句 ] : UPDATE `crm_user` SET  WHERE `mobile` = null

[ 2017-02-21T14:12:52+08:00 ] ::1 /CRM/index.php/home/log/update
INFO: [ app_init ] --START--
INFO: Run Behavior\BuildLiteBehavior [ RunTime:0.000019s ]
INFO: [ app_init ] --END-- [ RunTime:0.000459s ]
INFO: [ app_begin ] --START--
INFO: Run Behavior\ReadHtmlCacheBehavior [ RunTime:0.000619s ]
INFO: [ app_begin ] --END-- [ RunTime:0.000700s ]
SQL: SHOW COLUMNS FROM `crm_user` [ RunTime:0.0056s ]
NOTIC: [2] Invalid argument supplied for foreach() E:\WWW\CRM\ThinkPHP\Library\Think\Model.class.php 第 267 行.
NOTIC: [2] Invalid argument supplied for foreach() E:\WWW\CRM\ThinkPHP\Library\Think\Db\Driver.class.php 第 372 行.
NOTIC: [8] Undefined variable: set E:\WWW\CRM\ThinkPHP\Library\Think\Db\Driver.class.php 第 387 行.
NOTIC: [2] implode() [<a href='function.implode'>function.implode</a>]: Invalid arguments passed E:\WWW\CRM\ThinkPHP\Library\Think\Db\Driver.class.php 第 387 行.
ERR: 1064:You have an error in your SQL syntax; check the manual that corresponds to your MySQL server version for the right syntax to use near 'WHERE `mobile` = '15015141313'' at line 1
 [ SQL语句 ] : UPDATE `crm_user` SET  WHERE `mobile` = '15015141313'
ERR: 1064:You have an error in your SQL syntax; check the manual that corresponds to your MySQL server version for the right syntax to use near 'WHERE `mobile` = '15015141313'' at line 1
 [ SQL语句 ] : UPDATE `crm_user` SET  WHERE `mobile` = '15015141313'

[ 2017-02-21T14:15:42+08:00 ] ::1 /CRM/index.php/home/log/update
INFO: [ app_init ] --START--
INFO: Run Behavior\BuildLiteBehavior [ RunTime:0.000018s ]
INFO: [ app_init ] --END-- [ RunTime:0.000427s ]
INFO: [ app_begin ] --START--
INFO: Run Behavior\ReadHtmlCacheBehavior [ RunTime:0.000931s ]
INFO: [ app_begin ] --END-- [ RunTime:0.001072s ]

[ 2017-02-21T14:17:56+08:00 ] ::1 /CRM/index.php/home/log/update
INFO: [ app_init ] --START--
INFO: Run Behavior\BuildLiteBehavior [ RunTime:0.000039s ]
INFO: [ app_init ] --END-- [ RunTime:0.001068s ]
INFO: [ app_begin ] --START--
INFO: Run Behavior\ReadHtmlCacheBehavior [ RunTime:0.000965s ]
INFO: [ app_begin ] --END-- [ RunTime:0.001114s ]
SQL: SHOW COLUMNS FROM `crm_user` [ RunTime:0.0043s ]
SQL: UPDATE `crm_user` SET `password`='654321' WHERE `mobile` = '15015141313' [ RunTime:0.0007s ]
INFO: [ app_end ] --START--
INFO: Run Behavior\ShowPageTraceBehavior [ RunTime:0.000876s ]
INFO: [ app_end ] --END-- [ RunTime:0.001044s ]

[ 2017-02-21T14:18:35+08:00 ] ::1 /CRM/index.php/home/log/update
INFO: [ app_init ] --START--
INFO: Run Behavior\BuildLiteBehavior [ RunTime:0.000046s ]
INFO: [ app_init ] --END-- [ RunTime:0.000930s ]
INFO: [ app_begin ] --START--
INFO: Run Behavior\ReadHtmlCacheBehavior [ RunTime:0.001103s ]
INFO: [ app_begin ] --END-- [ RunTime:0.001261s ]
SQL: SHOW COLUMNS FROM `crm_user` [ RunTime:0.0042s ]
SQL: UPDATE `crm_user` SET `password`='c33367701511b4f6020ec61ded352059' WHERE `mobile` = '15015141313' [ RunTime:0.0004s ]
INFO: [ app_end ] --START--
INFO: Run Behavior\ShowPageTraceBehavior [ RunTime:0.000895s ]
INFO: [ app_end ] --END-- [ RunTime:0.001030s ]

[ 2017-02-21T14:23:24+08:00 ] 10.10.12.189 /CRM/index.php/home/log/login
INFO: [ app_init ] --START--
INFO: Run Behavior\BuildLiteBehavior [ RunTime:0.000016s ]
INFO: [ app_init ] --END-- [ RunTime:0.000379s ]
INFO: [ app_begin ] --START--
INFO: Run Behavior\ReadHtmlCacheBehavior [ RunTime:0.000510s ]
INFO: [ app_begin ] --END-- [ RunTime:0.000572s ]
SQL: SHOW COLUMNS FROM `crm_user` [ RunTime:0.0032s ]
SQL: SELECT `password`,`uid` FROM `crm_user` WHERE ( `mobile` = 'test' OR `login_name` = 'test' )  [ RunTime:0.0003s ]
INFO: [ app_end ] --START--
INFO: Run Behavior\ShowPageTraceBehavior [ RunTime:0.000705s ]
INFO: [ app_end ] --END-- [ RunTime:0.000772s ]

[ 2017-02-21T14:25:07+08:00 ] 10.10.12.189 /CRM/index.php/home/log/login
INFO: [ app_init ] --START--
INFO: Run Behavior\BuildLiteBehavior [ RunTime:0.000015s ]
INFO: [ app_init ] --END-- [ RunTime:0.000309s ]
INFO: [ app_begin ] --START--
INFO: Run Behavior\ReadHtmlCacheBehavior [ RunTime:0.000386s ]
INFO: [ app_begin ] --END-- [ RunTime:0.000444s ]
SQL: SHOW COLUMNS FROM `crm_user` [ RunTime:0.0316s ]
SQL: SELECT `password`,`uid` FROM `crm_user` WHERE ( `mobile` = 'test' OR `login_name` = 'test' )  [ RunTime:0.0170s ]
INFO: [ app_end ] --START--
INFO: Run Behavior\ShowPageTraceBehavior [ RunTime:0.000514s ]
INFO: [ app_end ] --END-- [ RunTime:0.000572s ]

[ 2017-02-21T14:27:52+08:00 ] 10.10.13.30 /CRM/index.php/home/log/login
INFO: [ app_init ] --START--
INFO: Run Behavior\BuildLiteBehavior [ RunTime:0.000015s ]
INFO: [ app_init ] --END-- [ RunTime:0.000397s ]
INFO: [ app_begin ] --START--
INFO: Run Behavior\ReadHtmlCacheBehavior [ RunTime:0.000575s ]
INFO: [ app_begin ] --END-- [ RunTime:0.000637s ]
SQL: SHOW COLUMNS FROM `crm_user` [ RunTime:0.0032s ]
SQL: SELECT `password`,`uid` FROM `crm_user` WHERE ( `mobile` = 'test' OR `login_name` = 'test' )  [ RunTime:0.0003s ]
INFO: [ app_end ] --START--
INFO: Run Behavior\ShowPageTraceBehavior [ RunTime:0.000686s ]
INFO: [ app_end ] --END-- [ RunTime:0.000750s ]

[ 2017-02-21T14:38:04+08:00 ] 10.10.13.30 /CRM/index.php/home/log/login
INFO: [ app_init ] --START--
INFO: Run Behavior\BuildLiteBehavior [ RunTime:0.000016s ]
INFO: [ app_init ] --END-- [ RunTime:0.000346s ]
INFO: [ app_begin ] --START--
INFO: Run Behavior\ReadHtmlCacheBehavior [ RunTime:0.000479s ]
INFO: [ app_begin ] --END-- [ RunTime:0.000542s ]
SQL: SHOW COLUMNS FROM `crm_user` [ RunTime:0.0032s ]
SQL: SELECT `password`,`uid` FROM `crm_user` WHERE ( `mobile` = 'test' OR `login_name` = 'test' )  [ RunTime:0.0003s ]
NOTIC: [8] Undefined index: mobile E:\WWW\CRM\Application\Home\Controller\LogController.class.php 第 85 行.
INFO: [ app_end ] --START--
INFO: Run Behavior\ShowPageTraceBehavior [ RunTime:0.000639s ]
INFO: [ app_end ] --END-- [ RunTime:0.000697s ]

[ 2017-02-21T15:06:19+08:00 ] 10.10.12.189 /CRM/index.php/home/log/login
INFO: [ app_init ] --START--
INFO: Run Behavior\BuildLiteBehavior [ RunTime:0.000017s ]
INFO: [ app_init ] --END-- [ RunTime:0.000380s ]
INFO: [ app_begin ] --START--
INFO: Run Behavior\ReadHtmlCacheBehavior [ RunTime:0.000484s ]
INFO: [ app_begin ] --END-- [ RunTime:0.000547s ]
SQL: SHOW COLUMNS FROM `crm_user` [ RunTime:0.0034s ]
SQL: SELECT `password`,`uid` FROM `crm_user` WHERE ( `mobile` = 'test' OR `login_name` = 'test' )  [ RunTime:0.0003s ]
NOTIC: [8] Undefined index: mobile E:\WWW\CRM\Application\Home\Controller\LogController.class.php 第 85 行.
INFO: [ app_end ] --START--
INFO: Run Behavior\ShowPageTraceBehavior [ RunTime:0.000604s ]
INFO: [ app_end ] --END-- [ RunTime:0.000671s ]

[ 2017-02-21T15:08:14+08:00 ] 10.10.12.189 /CRM/index.php/home/log/login
INFO: [ app_init ] --START--
INFO: Run Behavior\BuildLiteBehavior [ RunTime:0.000014s ]
INFO: [ app_init ] --END-- [ RunTime:0.000309s ]
INFO: [ app_begin ] --START--
INFO: Run Behavior\ReadHtmlCacheBehavior [ RunTime:0.000384s ]
INFO: [ app_begin ] --END-- [ RunTime:0.000444s ]
SQL: SHOW COLUMNS FROM `crm_user` [ RunTime:0.0032s ]
SQL: SELECT `password`,`uid` FROM `crm_user` WHERE ( `mobile` = 'test' OR `login_name` = 'test' )  [ RunTime:0.0003s ]
NOTIC: [8] Undefined index: mobile E:\WWW\CRM\Application\Home\Controller\LogController.class.php 第 85 行.
INFO: [ app_end ] --START--
INFO: Run Behavior\ShowPageTraceBehavior [ RunTime:0.000531s ]
INFO: [ app_end ] --END-- [ RunTime:0.000587s ]

[ 2017-02-21T15:20:11+08:00 ] 10.10.12.189 /CRM/index.php/home/log/login
INFO: [ app_init ] --START--
INFO: Run Behavior\BuildLiteBehavior [ RunTime:0.000017s ]
INFO: [ app_init ] --END-- [ RunTime:0.000371s ]
INFO: [ app_begin ] --START--
INFO: Run Behavior\ReadHtmlCacheBehavior [ RunTime:0.000602s ]
INFO: [ app_begin ] --END-- [ RunTime:0.000682s ]
SQL: SHOW COLUMNS FROM `crm_user` [ RunTime:0.0030s ]
SQL: SELECT `password`,`uid` FROM `crm_user` WHERE ( `mobile` = 'test' OR `login_name` = 'test' )  [ RunTime:0.0003s ]
NOTIC: [8] Undefined index: mobile E:\WWW\CRM\Application\Home\Controller\LogController.class.php 第 85 行.
INFO: [ app_end ] --START--
INFO: Run Behavior\ShowPageTraceBehavior [ RunTime:0.000608s ]
INFO: [ app_end ] --END-- [ RunTime:0.000667s ]

[ 2017-02-21T15:22:44+08:00 ] 10.10.12.189 /CRM/index.php/home/log/login
INFO: [ app_init ] --START--
INFO: Run Behavior\BuildLiteBehavior [ RunTime:0.000015s ]
INFO: [ app_init ] --END-- [ RunTime:0.000377s ]
INFO: [ app_begin ] --START--
INFO: Run Behavior\ReadHtmlCacheBehavior [ RunTime:0.000478s ]
INFO: [ app_begin ] --END-- [ RunTime:0.000542s ]
SQL: SHOW COLUMNS FROM `crm_user` [ RunTime:0.0030s ]
SQL: SELECT `password`,`uid` FROM `crm_user` WHERE ( `mobile` = 'test' OR `login_name` = 'test' )  [ RunTime:0.0003s ]
NOTIC: [8] Undefined index: mobile E:\WWW\CRM\Application\Home\Controller\LogController.class.php 第 85 行.
INFO: [ app_end ] --START--
INFO: Run Behavior\ShowPageTraceBehavior [ RunTime:0.000585s ]
INFO: [ app_end ] --END-- [ RunTime:0.000639s ]

[ 2017-02-21T15:24:20+08:00 ] 10.10.12.189 /CRM/index.php/home/log/login
INFO: [ app_init ] --START--
INFO: Run Behavior\BuildLiteBehavior [ RunTime:0.000032s ]
INFO: [ app_init ] --END-- [ RunTime:0.000501s ]
INFO: [ app_begin ] --START--
INFO: Run Behavior\ReadHtmlCacheBehavior [ RunTime:0.000456s ]
INFO: [ app_begin ] --END-- [ RunTime:0.000524s ]
SQL: SHOW COLUMNS FROM `crm_user` [ RunTime:0.0033s ]
SQL: SELECT `password`,`uid` FROM `crm_user` WHERE ( `mobile` = 'test' OR `login_name` = 'test' )  [ RunTime:0.0003s ]
NOTIC: [8] Undefined index: mobile E:\WWW\CRM\Application\Home\Controller\LogController.class.php 第 85 行.
INFO: [ app_end ] --START--
INFO: Run Behavior\ShowPageTraceBehavior [ RunTime:0.000552s ]
INFO: [ app_end ] --END-- [ RunTime:0.000606s ]

[ 2017-02-21T15:27:17+08:00 ] 10.10.12.189 /CRM/index.php/home/log/login
INFO: [ app_init ] --START--
INFO: Run Behavior\BuildLiteBehavior [ RunTime:0.000016s ]
INFO: [ app_init ] --END-- [ RunTime:0.000346s ]
INFO: [ app_begin ] --START--
INFO: Run Behavior\ReadHtmlCacheBehavior [ RunTime:0.000624s ]
INFO: [ app_begin ] --END-- [ RunTime:0.000688s ]
SQL: SHOW COLUMNS FROM `crm_user` [ RunTime:0.0032s ]
SQL: SELECT `password`,`uid` FROM `crm_user` WHERE ( `mobile` = 'test' OR `login_name` = 'test' )  [ RunTime:0.0003s ]
NOTIC: [8] Undefined index: mobile E:\WWW\CRM\Application\Home\Controller\LogController.class.php 第 85 行.
INFO: [ app_end ] --START--
INFO: Run Behavior\ShowPageTraceBehavior [ RunTime:0.000698s ]
INFO: [ app_end ] --END-- [ RunTime:0.000790s ]

[ 2017-02-21T15:30:07+08:00 ] 10.10.12.189 /CRM/index.php/home/log/login
INFO: [ app_init ] --START--
INFO: Run Behavior\BuildLiteBehavior [ RunTime:0.000016s ]
INFO: [ app_init ] --END-- [ RunTime:0.000358s ]
INFO: [ app_begin ] --START--
INFO: Run Behavior\ReadHtmlCacheBehavior [ RunTime:0.000517s ]
INFO: [ app_begin ] --END-- [ RunTime:0.000581s ]
SQL: SHOW COLUMNS FROM `crm_user` [ RunTime:0.0030s ]
SQL: SELECT `password`,`uid` FROM `crm_user` WHERE ( `mobile` = 'test' OR `login_name` = 'test' )  [ RunTime:0.0003s ]
NOTIC: [8] Undefined index: mobile E:\WWW\CRM\Application\Home\Controller\LogController.class.php 第 85 行.
INFO: [ app_end ] --START--
INFO: Run Behavior\ShowPageTraceBehavior [ RunTime:0.000631s ]
INFO: [ app_end ] --END-- [ RunTime:0.000688s ]

[ 2017-02-21T15:31:47+08:00 ] 10.10.12.189 /CRM/index.php/home/log/login
INFO: [ app_init ] --START--
INFO: Run Behavior\BuildLiteBehavior [ RunTime:0.000015s ]
INFO: [ app_init ] --END-- [ RunTime:0.000335s ]
INFO: [ app_begin ] --START--
INFO: Run Behavior\ReadHtmlCacheBehavior [ RunTime:0.000465s ]
INFO: [ app_begin ] --END-- [ RunTime:0.000528s ]
SQL: SHOW COLUMNS FROM `crm_user` [ RunTime:0.0030s ]
SQL: SELECT `password`,`uid` FROM `crm_user` WHERE ( `mobile` = 'test' OR `login_name` = 'test' )  [ RunTime:0.0004s ]
NOTIC: [8] Undefined index: mobile E:\WWW\CRM\Application\Home\Controller\LogController.class.php 第 85 行.
INFO: [ app_end ] --START--
INFO: Run Behavior\ShowPageTraceBehavior [ RunTime:0.000600s ]
INFO: [ app_end ] --END-- [ RunTime:0.000672s ]

[ 2017-02-21T15:46:34+08:00 ] 10.10.12.189 /CRM/index.php/home/log/login
INFO: [ app_init ] --START--
INFO: Run Behavior\BuildLiteBehavior [ RunTime:0.000015s ]
INFO: [ app_init ] --END-- [ RunTime:0.000338s ]
INFO: [ app_begin ] --START--
INFO: Run Behavior\ReadHtmlCacheBehavior [ RunTime:0.000496s ]
INFO: [ app_begin ] --END-- [ RunTime:0.000561s ]
SQL: SHOW COLUMNS FROM `crm_user` [ RunTime:0.0032s ]
SQL: SELECT `password`,`uid` FROM `crm_user` WHERE ( `mobile` = 'test' OR `login_name` = 'test' )  [ RunTime:0.0003s ]
NOTIC: [8] Undefined index: mobile E:\WWW\CRM\Application\Home\Controller\LogController.class.php 第 85 行.
INFO: [ app_end ] --START--
INFO: Run Behavior\ShowPageTraceBehavior [ RunTime:0.000588s ]
INFO: [ app_end ] --END-- [ RunTime:0.000642s ]

[ 2017-02-21T15:47:45+08:00 ] 10.10.12.189 /CRM/index.php/home/log/login
INFO: [ app_init ] --START--
INFO: Run Behavior\BuildLiteBehavior [ RunTime:0.000022s ]
INFO: [ app_init ] --END-- [ RunTime:0.000328s ]
INFO: [ app_begin ] --START--
INFO: Run Behavior\ReadHtmlCacheBehavior [ RunTime:0.000441s ]
INFO: [ app_begin ] --END-- [ RunTime:0.000511s ]
SQL: SHOW COLUMNS FROM `crm_user` [ RunTime:0.0032s ]
SQL: SELECT `password`,`uid` FROM `crm_user` WHERE ( `mobile` = 'test' OR `login_name` = 'test' )  [ RunTime:0.0003s ]
NOTIC: [8] Undefined index: mobile E:\WWW\CRM\Application\Home\Controller\LogController.class.php 第 85 行.
INFO: [ app_end ] --START--
INFO: Run Behavior\ShowPageTraceBehavior [ RunTime:0.000685s ]
INFO: [ app_end ] --END-- [ RunTime:0.000756s ]

[ 2017-02-21T15:57:50+08:00 ] 10.10.12.189 /CRM/index.php/home/log/login
INFO: [ app_init ] --START--
INFO: Run Behavior\BuildLiteBehavior [ RunTime:0.000016s ]
INFO: [ app_init ] --END-- [ RunTime:0.000358s ]
INFO: [ app_begin ] --START--
INFO: Run Behavior\ReadHtmlCacheBehavior [ RunTime:0.000488s ]
INFO: [ app_begin ] --END-- [ RunTime:0.000552s ]
SQL: SHOW COLUMNS FROM `crm_user` [ RunTime:0.0033s ]
SQL: SELECT `password`,`uid` FROM `crm_user` WHERE ( `mobile` = 'test' OR `login_name` = 'test' )  [ RunTime:0.0003s ]
NOTIC: [8] Undefined index: mobile E:\WWW\CRM\Application\Home\Controller\LogController.class.php 第 85 行.
INFO: [ app_end ] --START--
INFO: Run Behavior\ShowPageTraceBehavior [ RunTime:0.000780s ]
INFO: [ app_end ] --END-- [ RunTime:0.000851s ]

[ 2017-02-21T15:58:55+08:00 ] ::1 /CRM/index.php/home/customer/showall?uid=100000006
INFO: [ app_init ] --START--
INFO: Run Behavior\BuildLiteBehavior [ RunTime:0.000029s ]
INFO: [ app_init ] --END-- [ RunTime:0.000408s ]
INFO: [ app_begin ] --START--
INFO: Run Behavior\ReadHtmlCacheBehavior [ RunTime:0.000492s ]
INFO: [ app_begin ] --END-- [ RunTime:0.000555s ]
SQL: SHOW COLUMNS FROM `crm_customer` [ RunTime:0.0385s ]
ERR: 1066:Not unique table/alias: 'crm_customer'
 [ SQL语句 ] : SELECT crm_customer.name,crm_customer.create_date,crm_customer.update_date FROM `crm_customer` INNER JOIN crm_rl_user_customer ON crm_user.uid = crm_rl_user_customer.uid INNER JOIN crm_customer ON crm_rl_user_customer.cid = crm_customer.cid  WHERE `uid` = '100000006' 
ERR: 1066:Not unique table/alias: 'crm_customer'
 [ SQL语句 ] : SELECT crm_customer.name,crm_customer.create_date,crm_customer.update_date FROM `crm_customer` INNER JOIN crm_rl_user_customer ON crm_user.uid = crm_rl_user_customer.uid INNER JOIN crm_customer ON crm_rl_user_customer.cid = crm_customer.cid  WHERE `uid` = '100000006' 

[ 2017-02-21T15:59:04+08:00 ] ::1 /CRM/index.php/home/customer/showall?uid=100000006
INFO: [ app_init ] --START--
INFO: Run Behavior\BuildLiteBehavior [ RunTime:0.000025s ]
INFO: [ app_init ] --END-- [ RunTime:0.000516s ]
INFO: [ app_begin ] --START--
INFO: Run Behavior\ReadHtmlCacheBehavior [ RunTime:0.000704s ]
INFO: [ app_begin ] --END-- [ RunTime:0.000829s ]
SQL: SHOW COLUMNS FROM `crm_customer` [ RunTime:0.0033s ]
ERR: 1066:Not unique table/alias: 'crm_customer'
 [ SQL语句 ] : SELECT crm_customer.name,crm_customer.create_date,crm_customer.update_date FROM `crm_customer` INNER JOIN crm_rl_user_customer ON crm_user.uid = crm_rl_user_customer.uid INNER JOIN crm_customer ON crm_rl_user_customer.cid = crm_customer.cid  WHERE `uid` = '100000006' 
ERR: 1066:Not unique table/alias: 'crm_customer'
 [ SQL语句 ] : SELECT crm_customer.name,crm_customer.create_date,crm_customer.update_date FROM `crm_customer` INNER JOIN crm_rl_user_customer ON crm_user.uid = crm_rl_user_customer.uid INNER JOIN crm_customer ON crm_rl_user_customer.cid = crm_customer.cid  WHERE `uid` = '100000006' 

[ 2017-02-21T16:00:09+08:00 ] ::1 /CRM/index.php/home/customer/showall?uid=100000006
INFO: [ app_init ] --START--
INFO: Run Behavior\BuildLiteBehavior [ RunTime:0.000033s ]
INFO: [ app_init ] --END-- [ RunTime:0.000881s ]
INFO: [ app_begin ] --START--
INFO: Run Behavior\ReadHtmlCacheBehavior [ RunTime:0.000936s ]
INFO: [ app_begin ] --END-- [ RunTime:0.001062s ]
SQL: SHOW COLUMNS FROM `crm_user` [ RunTime:0.0031s ]
ERR: 1052:Column 'uid' in where clause is ambiguous
 [ SQL语句 ] : SELECT crm_customer.name,crm_customer.create_date,crm_customer.update_date FROM `crm_user` INNER JOIN crm_rl_user_customer ON crm_user.uid = crm_rl_user_customer.uid INNER JOIN crm_customer ON crm_rl_user_customer.cid = crm_customer.cid  WHERE `uid` = '100000006' 
ERR: 1052:Column 'uid' in where clause is ambiguous
 [ SQL语句 ] : SELECT crm_customer.name,crm_customer.create_date,crm_customer.update_date FROM `crm_user` INNER JOIN crm_rl_user_customer ON crm_user.uid = crm_rl_user_customer.uid INNER JOIN crm_customer ON crm_rl_user_customer.cid = crm_customer.cid  WHERE `uid` = '100000006' 

[ 2017-02-21T16:00:12+08:00 ] ::1 /CRM/index.php/home/customer/showall?uid=100000006
INFO: [ app_init ] --START--
INFO: Run Behavior\BuildLiteBehavior [ RunTime:0.000016s ]
INFO: [ app_init ] --END-- [ RunTime:0.000359s ]
INFO: [ app_begin ] --START--
INFO: Run Behavior\ReadHtmlCacheBehavior [ RunTime:0.000602s ]
INFO: [ app_begin ] --END-- [ RunTime:0.000682s ]
SQL: SHOW COLUMNS FROM `crm_user` [ RunTime:0.0035s ]
ERR: 1052:Column 'uid' in where clause is ambiguous
 [ SQL语句 ] : SELECT crm_customer.name,crm_customer.create_date,crm_customer.update_date FROM `crm_user` INNER JOIN crm_rl_user_customer ON crm_user.uid = crm_rl_user_customer.uid INNER JOIN crm_customer ON crm_rl_user_customer.cid = crm_customer.cid  WHERE `uid` = '100000006' 
ERR: 1052:Column 'uid' in where clause is ambiguous
 [ SQL语句 ] : SELECT crm_customer.name,crm_customer.create_date,crm_customer.update_date FROM `crm_user` INNER JOIN crm_rl_user_customer ON crm_user.uid = crm_rl_user_customer.uid INNER JOIN crm_customer ON crm_rl_user_customer.cid = crm_customer.cid  WHERE `uid` = '100000006' 

[ 2017-02-21T16:02:55+08:00 ] ::1 /CRM/index.php/home/customer/showall?uid=100000006
INFO: [ app_init ] --START--
INFO: Run Behavior\BuildLiteBehavior [ RunTime:0.000027s ]
INFO: [ app_init ] --END-- [ RunTime:0.000746s ]
INFO: [ app_begin ] --START--
INFO: Run Behavior\ReadHtmlCacheBehavior [ RunTime:0.000856s ]
INFO: [ app_begin ] --END-- [ RunTime:0.000956s ]
SQL: SHOW COLUMNS FROM `crm_user` [ RunTime:0.0031s ]
SQL: SELECT crm_customer.name,crm_customer.create_date,crm_customer.update_date FROM `crm_user` INNER JOIN crm_rl_user_customer ON crm_user.uid = crm_rl_user_customer.uid INNER JOIN crm_customer ON crm_rl_user_customer.cid = crm_customer.cid  WHERE crm_user.uid = '100000006'  [ RunTime:0.0004s ]
INFO: [ app_end ] --START--
INFO: Run Behavior\ShowPageTraceBehavior [ RunTime:0.000618s ]
INFO: [ app_end ] --END-- [ RunTime:0.000680s ]

[ 2017-02-21T16:30:23+08:00 ] 10.10.12.189 /CRM/index.php/home/log/login
INFO: [ app_init ] --START--
INFO: Run Behavior\BuildLiteBehavior [ RunTime:0.000016s ]
INFO: [ app_init ] --END-- [ RunTime:0.000393s ]
INFO: [ app_begin ] --START--
INFO: Run Behavior\ReadHtmlCacheBehavior [ RunTime:0.000598s ]
INFO: [ app_begin ] --END-- [ RunTime:0.000699s ]
SQL: SHOW COLUMNS FROM `crm_user` [ RunTime:0.0121s ]
SQL: SELECT `password`,`uid` FROM `crm_user` WHERE ( `mobile` = 'test' OR `login_name` = 'test' )  [ RunTime:0.0003s ]
NOTIC: [8] Undefined index: mobile E:\WWW\CRM\Application\Home\Controller\LogController.class.php 第 86 行.
INFO: [ app_end ] --START--
INFO: Run Behavior\ShowPageTraceBehavior [ RunTime:0.000695s ]
INFO: [ app_end ] --END-- [ RunTime:0.000751s ]

[ 2017-02-21T16:48:02+08:00 ] 10.10.12.189 /CRM/index.php/home/log/login
INFO: [ app_init ] --START--
INFO: Run Behavior\BuildLiteBehavior [ RunTime:0.000017s ]
INFO: [ app_init ] --END-- [ RunTime:0.000421s ]
INFO: [ app_begin ] --START--
INFO: Run Behavior\ReadHtmlCacheBehavior [ RunTime:0.000536s ]
INFO: [ app_begin ] --END-- [ RunTime:0.000605s ]
SQL: SHOW COLUMNS FROM `crm_user` [ RunTime:0.0109s ]
SQL: SELECT `password`,`uid` FROM `crm_user` WHERE ( `mobile` = 'test' OR `login_name` = 'test' )  [ RunTime:0.0003s ]
NOTIC: [8] Undefined index: mobile E:\WWW\CRM\Application\Home\Controller\LogController.class.php 第 86 行.
INFO: [ app_end ] --START--
INFO: Run Behavior\ShowPageTraceBehavior [ RunTime:0.000881s ]
INFO: [ app_end ] --END-- [ RunTime:0.000983s ]

[ 2017-02-21T16:48:03+08:00 ] ::1 /CRM/index.php/home/customer/showall?uid=100000006&date=1
INFO: [ app_init ] --START--
INFO: Run Behavior\BuildLiteBehavior [ RunTime:0.000017s ]
INFO: [ app_init ] --END-- [ RunTime:0.000411s ]
INFO: [ app_begin ] --START--
INFO: Run Behavior\ReadHtmlCacheBehavior [ RunTime:0.000566s ]
INFO: [ app_begin ] --END-- [ RunTime:0.000639s ]
SQL: SHOW COLUMNS FROM `crm_user` [ RunTime:0.0047s ]
SQL: SELECT crm_customer.name,crm_customer.update_date as date FROM `crm_user` INNER JOIN crm_rl_user_customer ON crm_user.uid = crm_rl_user_customer.uid INNER JOIN crm_customer ON crm_rl_user_customer.cid = crm_customer.cid  WHERE crm_user.uid = '100000006'  [ RunTime:0.0024s ]
INFO: [ app_end ] --START--
INFO: Run Behavior\ShowPageTraceBehavior [ RunTime:0.001392s ]
INFO: [ app_end ] --END-- [ RunTime:0.001593s ]

[ 2017-02-21T16:48:11+08:00 ] ::1 /CRM/index.php/home/customer/showall?uid=100000006&date=2
INFO: [ app_init ] --START--
INFO: Run Behavior\BuildLiteBehavior [ RunTime:0.000019s ]
INFO: [ app_init ] --END-- [ RunTime:0.000455s ]
INFO: [ app_begin ] --START--
INFO: Run Behavior\ReadHtmlCacheBehavior [ RunTime:0.000504s ]
INFO: [ app_begin ] --END-- [ RunTime:0.000583s ]
SQL: SHOW COLUMNS FROM `crm_user` [ RunTime:0.0048s ]
SQL: SELECT crm_customer.name,crm_customer.update_date as date FROM `crm_user` INNER JOIN crm_rl_user_customer ON crm_user.uid = crm_rl_user_customer.uid INNER JOIN crm_customer ON crm_rl_user_customer.cid = crm_customer.cid  WHERE crm_user.uid = '100000006'  [ RunTime:0.0009s ]
INFO: [ app_end ] --START--
INFO: Run Behavior\ShowPageTraceBehavior [ RunTime:0.000917s ]
INFO: [ app_end ] --END-- [ RunTime:0.001036s ]

[ 2017-02-21T16:48:13+08:00 ] ::1 /CRM/index.php/home/customer/showall?uid=100000006&date=3
INFO: [ app_init ] --START--
INFO: Run Behavior\BuildLiteBehavior [ RunTime:0.000031s ]
INFO: [ app_init ] --END-- [ RunTime:0.000615s ]
INFO: [ app_begin ] --START--
INFO: Run Behavior\ReadHtmlCacheBehavior [ RunTime:0.000479s ]
INFO: [ app_begin ] --END-- [ RunTime:0.000551s ]
SQL: SHOW COLUMNS FROM `crm_user` [ RunTime:0.0066s ]
SQL: SELECT crm_customer.name,crm_customer.create_date as date FROM `crm_user` INNER JOIN crm_rl_user_customer ON crm_user.uid = crm_rl_user_customer.uid INNER JOIN crm_customer ON crm_rl_user_customer.cid = crm_customer.cid  WHERE crm_user.uid = '100000006'  [ RunTime:0.0007s ]
INFO: [ app_end ] --START--
INFO: Run Behavior\ShowPageTraceBehavior [ RunTime:0.001666s ]
INFO: [ app_end ] --END-- [ RunTime:0.002286s ]

[ 2017-02-21T16:51:05+08:00 ] 10.10.12.189 /CRM/index.php/home/log/login
INFO: [ app_init ] --START--
INFO: Run Behavior\BuildLiteBehavior [ RunTime:0.000020s ]
INFO: [ app_init ] --END-- [ RunTime:0.000374s ]
INFO: [ app_begin ] --START--
INFO: Run Behavior\ReadHtmlCacheBehavior [ RunTime:0.000477s ]
INFO: [ app_begin ] --END-- [ RunTime:0.000576s ]
SQL: SHOW COLUMNS FROM `crm_user` [ RunTime:0.0032s ]
SQL: SELECT `password`,`uid` FROM `crm_user` WHERE ( `mobile` = 'test' OR `login_name` = 'test' )  [ RunTime:0.0003s ]
NOTIC: [8] Undefined index: mobile E:\WWW\CRM\Application\Home\Controller\LogController.class.php 第 86 行.
INFO: [ app_end ] --START--
INFO: Run Behavior\ShowPageTraceBehavior [ RunTime:0.000761s ]
INFO: [ app_end ] --END-- [ RunTime:0.000825s ]

[ 2017-02-21T16:52:13+08:00 ] 10.10.12.189 /CRM/index.php/home/log/login
INFO: [ app_init ] --START--
INFO: Run Behavior\BuildLiteBehavior [ RunTime:0.000030s ]
INFO: [ app_init ] --END-- [ RunTime:0.000728s ]
INFO: [ app_begin ] --START--
INFO: Run Behavior\ReadHtmlCacheBehavior [ RunTime:0.000803s ]
INFO: [ app_begin ] --END-- [ RunTime:0.000939s ]
SQL: SHOW COLUMNS FROM `crm_user` [ RunTime:0.0031s ]
SQL: SELECT `password`,`uid` FROM `crm_user` WHERE ( `mobile` = 'test' OR `login_name` = 'test' )  [ RunTime:0.0003s ]
NOTIC: [8] Undefined index: mobile E:\WWW\CRM\Application\Home\Controller\LogController.class.php 第 86 行.
INFO: [ app_end ] --START--
INFO: Run Behavior\ShowPageTraceBehavior [ RunTime:0.001105s ]
INFO: [ app_end ] --END-- [ RunTime:0.001255s ]

[ 2017-02-21T16:59:33+08:00 ] ::1 /CRM/index.php/home/customer/showall?uid=100000006&date=3
INFO: [ app_init ] --START--
INFO: Run Behavior\BuildLiteBehavior [ RunTime:0.000020s ]
INFO: [ app_init ] --END-- [ RunTime:0.000477s ]
INFO: [ app_begin ] --START--
INFO: Run Behavior\ReadHtmlCacheBehavior [ RunTime:0.000620s ]
INFO: [ app_begin ] --END-- [ RunTime:0.000723s ]
SQL: SHOW COLUMNS FROM `crm_user` [ RunTime:0.0055s ]
SQL: SELECT crm_customer.name,crm_customer.create_date as date FROM `crm_user` INNER JOIN crm_rl_user_customer ON crm_user.uid = crm_rl_user_customer.uid INNER JOIN crm_customer ON crm_rl_user_customer.cid = crm_customer.cid  WHERE crm_user.uid = '100000006' ORDER BY date desc  [ RunTime:0.0010s ]
INFO: [ app_end ] --START--
INFO: Run Behavior\ShowPageTraceBehavior [ RunTime:0.000662s ]
INFO: [ app_end ] --END-- [ RunTime:0.000732s ]

