[ 2017-03-03T09:28:36+08:00 ] 10.10.13.30 /CRM/index.php/home/customer/detail?cid=1
INFO: [ app_init ] --START--
INFO: Run Behavior\BuildLiteBehavior [ RunTime:0.000017s ]
INFO: [ app_init ] --END-- [ RunTime:0.000381s ]
INFO: [ app_begin ] --START--
INFO: Run Behavior\ReadHtmlCacheBehavior [ RunTime:0.000555s ]
INFO: [ app_begin ] --END-- [ RunTime:0.000622s ]
SQL: SHOW COLUMNS FROM `crm_customer` [ RunTime:0.0039s ]
SQL: SHOW COLUMNS FROM `crm_act` [ RunTime:0.0030s ]
SQL: SHOW COLUMNS FROM `crm_opportunity` [ RunTime:0.0220s ]
SQL: SELECT `cid`,`name`,`mobile`,`address`,`profession`,`remark`,crm_customer.deal_status as status,`update_date`,`create_by` FROM `crm_customer` WHERE `cid` = 1  [ RunTime:0.0003s ]
NOTIC: [8] Undefined index: uid E:\WWW\CRM\Application\Home\Controller\CustomerController.class.php 第 186 行.
SQL: SELECT `act`,`act_time` FROM `crm_act` WHERE `cid` = 1 AND `uid` = null  [ RunTime:0.0002s ]
NOTIC: [8] Undefined offset: 0 E:\WWW\CRM\Application\Home\Controller\CustomerController.class.php 第 188 行.
SQL: SELECT `name`,`money`,`trade_day` FROM `crm_opportunity` WHERE `cid` = 1  [ RunTime:0.0002s ]
SQL: SELECT COUNT(*) AS tp_count FROM `crm_opportunity` WHERE `cid` = 1 LIMIT 1   [ RunTime:0.0002s ]
INFO: [ app_end ] --START--
INFO: Run Behavior\ShowPageTraceBehavior [ RunTime:0.000805s ]
INFO: [ app_end ] --END-- [ RunTime:0.000885s ]

[ 2017-03-03T09:31:01+08:00 ] 10.10.12.189 /CRM/index.php/home/customer/detail?cid=1
INFO: [ app_init ] --START--
INFO: Run Behavior\BuildLiteBehavior [ RunTime:0.000017s ]
INFO: [ app_init ] --END-- [ RunTime:0.000371s ]
INFO: [ app_begin ] --START--
INFO: Run Behavior\ReadHtmlCacheBehavior [ RunTime:0.000528s ]
INFO: [ app_begin ] --END-- [ RunTime:0.000594s ]
SQL: SHOW COLUMNS FROM `crm_customer` [ RunTime:0.0030s ]
SQL: SHOW COLUMNS FROM `crm_act` [ RunTime:0.0028s ]
SQL: SHOW COLUMNS FROM `crm_opportunity` [ RunTime:0.0029s ]
SQL: SELECT `cid`,`name`,`mobile`,`address`,`profession`,`remark`,crm_customer.deal_status as status,`update_date`,`create_by` FROM `crm_customer` WHERE `cid` = 1  [ RunTime:0.0003s ]
NOTIC: [8] Undefined index: uid E:\WWW\CRM\Application\Home\Controller\CustomerController.class.php 第 186 行.
SQL: SELECT `act`,`act_time` FROM `crm_act` WHERE `cid` = 1 AND `uid` = null  [ RunTime:0.0002s ]
NOTIC: [8] Undefined offset: 0 E:\WWW\CRM\Application\Home\Controller\CustomerController.class.php 第 188 行.
SQL: SELECT `name`,`money`,`trade_day` FROM `crm_opportunity` WHERE `cid` = 1  [ RunTime:0.0002s ]
SQL: SELECT COUNT(*) AS tp_count FROM `crm_opportunity` WHERE `cid` = 1 LIMIT 1   [ RunTime:0.0002s ]
INFO: [ app_end ] --START--
INFO: Run Behavior\ShowPageTraceBehavior [ RunTime:0.000680s ]
INFO: [ app_end ] --END-- [ RunTime:0.000744s ]

[ 2017-03-03T09:31:01+08:00 ] 10.10.12.189 /CRM/index.php/home/customer/showall?uid=100000006&date=1
INFO: [ app_init ] --START--
INFO: Run Behavior\BuildLiteBehavior [ RunTime:0.000017s ]
INFO: [ app_init ] --END-- [ RunTime:0.000369s ]
INFO: [ app_begin ] --START--
INFO: Run Behavior\ReadHtmlCacheBehavior [ RunTime:0.000524s ]
INFO: [ app_begin ] --END-- [ RunTime:0.000588s ]
SQL: SHOW COLUMNS FROM `crm_user` [ RunTime:0.0033s ]
SQL: SELECT crm_customer.name,crm_customer.cid,crm_customer.update_date as date FROM `crm_user` INNER JOIN crm_rl_user_customer ON crm_user.uid = crm_rl_user_customer.uid INNER JOIN crm_customer ON crm_rl_user_customer.cid = crm_customer.cid  WHERE crm_user.uid = '100000006' ORDER BY date desc  [ RunTime:0.0056s ]
NOTIC: [8] Undefined offset: 15 E:\WWW\CRM\Application\Home\Controller\CustomerController.class.php 第 152 行.
INFO: [ app_end ] --START--
INFO: Run Behavior\ShowPageTraceBehavior [ RunTime:0.000636s ]
INFO: [ app_end ] --END-- [ RunTime:0.000702s ]

[ 2017-03-03T09:31:20+08:00 ] 10.10.13.30 /CRM/index.php/home/customer/detail?cid=1
INFO: [ app_init ] --START--
INFO: Run Behavior\BuildLiteBehavior [ RunTime:0.000017s ]
INFO: [ app_init ] --END-- [ RunTime:0.000344s ]
INFO: [ app_begin ] --START--
INFO: Run Behavior\ReadHtmlCacheBehavior [ RunTime:0.000429s ]
INFO: [ app_begin ] --END-- [ RunTime:0.000493s ]
SQL: SHOW COLUMNS FROM `crm_customer` [ RunTime:0.0030s ]
SQL: SHOW COLUMNS FROM `crm_act` [ RunTime:0.0030s ]
SQL: SHOW COLUMNS FROM `crm_opportunity` [ RunTime:0.0029s ]
SQL: SELECT `cid`,`name`,`mobile`,`address`,`profession`,`remark`,crm_customer.deal_status as status,`update_date`,`create_by` FROM `crm_customer` WHERE `cid` = 1  [ RunTime:0.0003s ]
NOTIC: [8] Undefined index: uid E:\WWW\CRM\Application\Home\Controller\CustomerController.class.php 第 186 行.
SQL: SELECT `act`,`act_time` FROM `crm_act` WHERE `cid` = 1 AND `uid` = null  [ RunTime:0.0002s ]
NOTIC: [8] Undefined offset: 0 E:\WWW\CRM\Application\Home\Controller\CustomerController.class.php 第 188 行.
SQL: SELECT `name`,`money`,`trade_day` FROM `crm_opportunity` WHERE `cid` = 1  [ RunTime:0.0003s ]
SQL: SELECT COUNT(*) AS tp_count FROM `crm_opportunity` WHERE `cid` = 1 LIMIT 1   [ RunTime:0.0002s ]
INFO: [ app_end ] --START--
INFO: Run Behavior\ShowPageTraceBehavior [ RunTime:0.000760s ]
INFO: [ app_end ] --END-- [ RunTime:0.000837s ]

[ 2017-03-03T09:45:41+08:00 ] 10.10.12.189 /CRM/index.php/home/customer/detail?cid=1
INFO: [ app_init ] --START--
INFO: Run Behavior\BuildLiteBehavior [ RunTime:0.000016s ]
INFO: [ app_init ] --END-- [ RunTime:0.000376s ]
INFO: [ app_begin ] --START--
INFO: Run Behavior\ReadHtmlCacheBehavior [ RunTime:0.000517s ]
INFO: [ app_begin ] --END-- [ RunTime:0.000582s ]
SQL: SHOW COLUMNS FROM `crm_customer` [ RunTime:0.0031s ]
SQL: SHOW COLUMNS FROM `crm_act` [ RunTime:0.0027s ]
SQL: SHOW COLUMNS FROM `crm_opportunity` [ RunTime:0.0028s ]
SQL: SELECT `cid`,`name`,`mobile`,`address`,`profession`,`remark`,crm_customer.deal_status as status,`update_date`,`create_by` FROM `crm_customer` WHERE `cid` = 1  [ RunTime:0.0003s ]
NOTIC: [8] Undefined index: uid E:\WWW\CRM\Application\Home\Controller\CustomerController.class.php 第 186 行.
SQL: SELECT `act`,`act_time` FROM `crm_act` WHERE `cid` = 1 AND `uid` = null  [ RunTime:0.0002s ]
NOTIC: [8] Undefined offset: 0 E:\WWW\CRM\Application\Home\Controller\CustomerController.class.php 第 188 行.
SQL: SELECT `name`,`money`,`trade_day` FROM `crm_opportunity` WHERE `cid` = 1  [ RunTime:0.0002s ]
SQL: SELECT COUNT(*) AS tp_count FROM `crm_opportunity` WHERE `cid` = 1 LIMIT 1   [ RunTime:0.0002s ]
INFO: [ app_end ] --START--
INFO: Run Behavior\ShowPageTraceBehavior [ RunTime:0.000656s ]
INFO: [ app_end ] --END-- [ RunTime:0.000720s ]

[ 2017-03-03T10:22:48+08:00 ] 10.10.12.189 /CRM/index.php/home/customer/detail?cid=1
INFO: [ app_init ] --START--
INFO: Run Behavior\BuildLiteBehavior [ RunTime:0.000030s ]
INFO: [ app_init ] --END-- [ RunTime:0.000478s ]
INFO: [ app_begin ] --START--
INFO: Run Behavior\ReadHtmlCacheBehavior [ RunTime:0.000922s ]
INFO: [ app_begin ] --END-- [ RunTime:0.001015s ]
SQL: SHOW COLUMNS FROM `crm_customer` [ RunTime:0.0189s ]
SQL: SHOW COLUMNS FROM `crm_act` [ RunTime:0.0030s ]
SQL: SHOW COLUMNS FROM `crm_opportunity` [ RunTime:0.0029s ]
SQL: SELECT `cid`,`name`,`mobile`,`address`,`profession`,`remark`,crm_customer.deal_status as status,`update_date`,`create_by` FROM `crm_customer` WHERE `cid` = 1  [ RunTime:0.0005s ]
NOTIC: [8] Undefined index: uid E:\WWW\CRM\Application\Home\Controller\CustomerController.class.php 第 186 行.
SQL: SELECT `act`,`act_time` FROM `crm_act` WHERE `cid` = 1 AND `uid` = null  [ RunTime:0.0002s ]
NOTIC: [8] Undefined offset: 0 E:\WWW\CRM\Application\Home\Controller\CustomerController.class.php 第 188 行.
SQL: SELECT `name`,`money`,`trade_day` FROM `crm_opportunity` WHERE `cid` = 1  [ RunTime:0.0002s ]
SQL: SELECT COUNT(*) AS tp_count FROM `crm_opportunity` WHERE `cid` = 1 LIMIT 1   [ RunTime:0.0002s ]
INFO: [ app_end ] --START--
INFO: Run Behavior\ShowPageTraceBehavior [ RunTime:0.000901s ]
INFO: [ app_end ] --END-- [ RunTime:0.000988s ]

[ 2017-03-03T10:22:50+08:00 ] 10.10.12.189 /CRM/index.php/home/customer/showall?uid=100000006&date=1
INFO: [ app_init ] --START--
INFO: Run Behavior\BuildLiteBehavior [ RunTime:0.000015s ]
INFO: [ app_init ] --END-- [ RunTime:0.000317s ]
INFO: [ app_begin ] --START--
INFO: Run Behavior\ReadHtmlCacheBehavior [ RunTime:0.000421s ]
INFO: [ app_begin ] --END-- [ RunTime:0.000485s ]
SQL: SHOW COLUMNS FROM `crm_user` [ RunTime:0.0032s ]
SQL: SELECT crm_customer.name,crm_customer.cid,crm_customer.update_date as date FROM `crm_user` INNER JOIN crm_rl_user_customer ON crm_user.uid = crm_rl_user_customer.uid INNER JOIN crm_customer ON crm_rl_user_customer.cid = crm_customer.cid  WHERE crm_user.uid = '100000006' ORDER BY date desc  [ RunTime:0.0009s ]
NOTIC: [8] Undefined offset: 15 E:\WWW\CRM\Application\Home\Controller\CustomerController.class.php 第 152 行.
INFO: [ app_end ] --START--
INFO: Run Behavior\ShowPageTraceBehavior [ RunTime:0.000553s ]
INFO: [ app_end ] --END-- [ RunTime:0.000616s ]

[ 2017-03-03T10:23:04+08:00 ] 10.10.12.189 /CRM/index.php/home/log/login
INFO: [ app_init ] --START--
INFO: Run Behavior\BuildLiteBehavior [ RunTime:0.000015s ]
INFO: [ app_init ] --END-- [ RunTime:0.000335s ]
INFO: [ app_begin ] --START--
INFO: Run Behavior\ReadHtmlCacheBehavior [ RunTime:0.000419s ]
INFO: [ app_begin ] --END-- [ RunTime:0.000484s ]
SQL: SHOW COLUMNS FROM `crm_user` [ RunTime:0.0029s ]
SQL: SELECT `password`,`uid`,`mobile`,`login_name` FROM `crm_user` WHERE ( `mobile` = 'test' OR `login_name` = 'test' )  [ RunTime:0.0003s ]
SQL: UPDATE `crm_user` SET `login_time`='1488507784' WHERE ( `mobile` = 'test' OR `login_name` = 'test' ) [ RunTime:0.0004s ]
INFO: [ app_end ] --START--
INFO: Run Behavior\ShowPageTraceBehavior [ RunTime:0.000730s ]
INFO: [ app_end ] --END-- [ RunTime:0.000816s ]

[ 2017-03-03T10:23:12+08:00 ] 10.10.12.189 /CRM/index.php/home/customer/showall?uid=100000006&date=1
INFO: [ app_init ] --START--
INFO: Run Behavior\BuildLiteBehavior [ RunTime:0.000023s ]
INFO: [ app_init ] --END-- [ RunTime:0.000482s ]
INFO: [ app_begin ] --START--
INFO: Run Behavior\ReadHtmlCacheBehavior [ RunTime:0.000524s ]
INFO: [ app_begin ] --END-- [ RunTime:0.000600s ]
SQL: SHOW COLUMNS FROM `crm_user` [ RunTime:0.0038s ]
SQL: SELECT crm_customer.name,crm_customer.cid,crm_customer.update_date as date FROM `crm_user` INNER JOIN crm_rl_user_customer ON crm_user.uid = crm_rl_user_customer.uid INNER JOIN crm_customer ON crm_rl_user_customer.cid = crm_customer.cid  WHERE crm_user.uid = '100000006' ORDER BY date desc  [ RunTime:0.0008s ]
NOTIC: [8] Undefined offset: 15 E:\WWW\CRM\Application\Home\Controller\CustomerController.class.php 第 152 行.
INFO: [ app_end ] --START--
INFO: Run Behavior\ShowPageTraceBehavior [ RunTime:0.000755s ]
INFO: [ app_end ] --END-- [ RunTime:0.000831s ]

[ 2017-03-03T10:24:20+08:00 ] 10.10.12.189 /CRM/index.php/home/customer/showall?uid=100000006&date=1
INFO: [ app_init ] --START--
INFO: Run Behavior\BuildLiteBehavior [ RunTime:0.000015s ]
INFO: [ app_init ] --END-- [ RunTime:0.000320s ]
INFO: [ app_begin ] --START--
INFO: Run Behavior\ReadHtmlCacheBehavior [ RunTime:0.000421s ]
INFO: [ app_begin ] --END-- [ RunTime:0.000484s ]
SQL: SHOW COLUMNS FROM `crm_user` [ RunTime:0.0038s ]
SQL: SELECT crm_customer.name,crm_customer.cid,crm_customer.update_date as date FROM `crm_user` INNER JOIN crm_rl_user_customer ON crm_user.uid = crm_rl_user_customer.uid INNER JOIN crm_customer ON crm_rl_user_customer.cid = crm_customer.cid  WHERE crm_user.uid = '100000006' ORDER BY date desc  [ RunTime:0.0007s ]
NOTIC: [8] Undefined offset: 15 E:\WWW\CRM\Application\Home\Controller\CustomerController.class.php 第 152 行.
INFO: [ app_end ] --START--
INFO: Run Behavior\ShowPageTraceBehavior [ RunTime:0.000548s ]
INFO: [ app_end ] --END-- [ RunTime:0.000617s ]

[ 2017-03-03T10:24:21+08:00 ] 10.10.12.189 /CRM/index.php/home/customer/showall?uid=100000006&date=1
INFO: [ app_init ] --START--
INFO: Run Behavior\BuildLiteBehavior [ RunTime:0.000020s ]
INFO: [ app_init ] --END-- [ RunTime:0.000411s ]
INFO: [ app_begin ] --START--
INFO: Run Behavior\ReadHtmlCacheBehavior [ RunTime:0.000566s ]
INFO: [ app_begin ] --END-- [ RunTime:0.000652s ]
SQL: SHOW COLUMNS FROM `crm_user` [ RunTime:0.0043s ]
SQL: SELECT crm_customer.name,crm_customer.cid,crm_customer.update_date as date FROM `crm_user` INNER JOIN crm_rl_user_customer ON crm_user.uid = crm_rl_user_customer.uid INNER JOIN crm_customer ON crm_rl_user_customer.cid = crm_customer.cid  WHERE crm_user.uid = '100000006' ORDER BY date desc  [ RunTime:0.0007s ]
NOTIC: [8] Undefined offset: 15 E:\WWW\CRM\Application\Home\Controller\CustomerController.class.php 第 152 行.
INFO: [ app_end ] --START--
INFO: Run Behavior\ShowPageTraceBehavior [ RunTime:0.000694s ]
INFO: [ app_end ] --END-- [ RunTime:0.000781s ]

[ 2017-03-03T10:45:24+08:00 ] 10.10.12.189 /CRM/index.php/home/customer/detail?cid=41
INFO: [ app_init ] --START--
INFO: Run Behavior\BuildLiteBehavior [ RunTime:0.000022s ]
INFO: [ app_init ] --END-- [ RunTime:0.000497s ]
INFO: [ app_begin ] --START--
INFO: Run Behavior\ReadHtmlCacheBehavior [ RunTime:0.000727s ]
INFO: [ app_begin ] --END-- [ RunTime:0.000817s ]
SQL: SHOW COLUMNS FROM `crm_customer` [ RunTime:0.0035s ]
SQL: SHOW COLUMNS FROM `crm_act` [ RunTime:0.0036s ]
SQL: SHOW COLUMNS FROM `crm_opportunity` [ RunTime:0.0029s ]
SQL: SELECT `cid`,`name`,`mobile`,`address`,`profession`,`remark`,crm_customer.deal_status as status,`update_date`,`create_by` FROM `crm_customer` WHERE `cid` = 41  [ RunTime:0.0004s ]
NOTIC: [8] Undefined index: uid E:\WWW\CRM\Application\Home\Controller\CustomerController.class.php 第 186 行.
SQL: SELECT `act`,`act_time` FROM `crm_act` WHERE `cid` = 41 AND `uid` = null  [ RunTime:0.0002s ]
NOTIC: [8] Undefined offset: 0 E:\WWW\CRM\Application\Home\Controller\CustomerController.class.php 第 188 行.
SQL: SELECT `name`,`money`,`trade_day` FROM `crm_opportunity` WHERE `cid` = 41  [ RunTime:0.0002s ]
SQL: SELECT COUNT(*) AS tp_count FROM `crm_opportunity` WHERE `cid` = 41 LIMIT 1   [ RunTime:0.0002s ]
INFO: [ app_end ] --START--
INFO: Run Behavior\ShowPageTraceBehavior [ RunTime:0.000690s ]
INFO: [ app_end ] --END-- [ RunTime:0.000753s ]

[ 2017-03-03T10:45:49+08:00 ] 10.10.12.189 /CRM/index.php/home/customer/showall?uid=100000006&date=1
INFO: [ app_init ] --START--
INFO: Run Behavior\BuildLiteBehavior [ RunTime:0.000016s ]
INFO: [ app_init ] --END-- [ RunTime:0.000481s ]
INFO: [ app_begin ] --START--
INFO: Run Behavior\ReadHtmlCacheBehavior [ RunTime:0.000537s ]
INFO: [ app_begin ] --END-- [ RunTime:0.000606s ]
SQL: SHOW COLUMNS FROM `crm_user` [ RunTime:0.0039s ]
SQL: SELECT crm_customer.name,crm_customer.cid,crm_customer.update_date as date FROM `crm_user` INNER JOIN crm_rl_user_customer ON crm_user.uid = crm_rl_user_customer.uid INNER JOIN crm_customer ON crm_rl_user_customer.cid = crm_customer.cid  WHERE crm_user.uid = '100000006' ORDER BY date desc  [ RunTime:0.0009s ]
NOTIC: [8] Undefined offset: 15 E:\WWW\CRM\Application\Home\Controller\CustomerController.class.php 第 152 行.
INFO: [ app_end ] --START--
INFO: Run Behavior\ShowPageTraceBehavior [ RunTime:0.000870s ]
INFO: [ app_end ] --END-- [ RunTime:0.000965s ]

[ 2017-03-03T10:54:15+08:00 ] 10.10.12.189 /CRM/index.php/home/customer/find?uid=100000006&name=
INFO: [ app_init ] --START--
INFO: Run Behavior\BuildLiteBehavior [ RunTime:0.000015s ]
INFO: [ app_init ] --END-- [ RunTime:0.000369s ]
INFO: [ app_begin ] --START--
INFO: Run Behavior\ReadHtmlCacheBehavior [ RunTime:0.000652s ]
INFO: [ app_begin ] --END-- [ RunTime:0.000731s ]
SQL: SHOW COLUMNS FROM `crm_customer` [ RunTime:0.0034s ]
SQL: SELECT `name`,crm_rl_user_customer.cid as cid FROM `crm_customer` INNER JOIN crm_rl_user_customer ON crm_customer.cid = crm_rl_user_customer.cid  WHERE crm_customer.name LIKE '%%' AND `uid` = '100000006'  [ RunTime:0.0005s ]
INFO: [ app_end ] --START--
INFO: Run Behavior\ShowPageTraceBehavior [ RunTime:0.000787s ]
INFO: [ app_end ] --END-- [ RunTime:0.000865s ]

[ 2017-03-03T10:54:15+08:00 ] 10.10.12.189 /CRM/index.php/home/customer/showall?uid=100000006&date=1
INFO: [ app_init ] --START--
INFO: Run Behavior\BuildLiteBehavior [ RunTime:0.000016s ]
INFO: [ app_init ] --END-- [ RunTime:0.000329s ]
INFO: [ app_begin ] --START--
INFO: Run Behavior\ReadHtmlCacheBehavior [ RunTime:0.000452s ]
INFO: [ app_begin ] --END-- [ RunTime:0.000515s ]
SQL: SHOW COLUMNS FROM `crm_user` [ RunTime:0.0030s ]
SQL: SELECT crm_customer.name,crm_customer.cid,crm_customer.update_date as date FROM `crm_user` INNER JOIN crm_rl_user_customer ON crm_user.uid = crm_rl_user_customer.uid INNER JOIN crm_customer ON crm_rl_user_customer.cid = crm_customer.cid  WHERE crm_user.uid = '100000006' ORDER BY date desc  [ RunTime:0.0006s ]
NOTIC: [8] Undefined offset: 15 E:\WWW\CRM\Application\Home\Controller\CustomerController.class.php 第 152 行.
INFO: [ app_end ] --START--
INFO: Run Behavior\ShowPageTraceBehavior [ RunTime:0.000545s ]
INFO: [ app_end ] --END-- [ RunTime:0.000607s ]

[ 2017-03-03T11:04:13+08:00 ] ::1 /CRM/index.php/home/log/login
INFO: [ app_init ] --START--
INFO: Run Behavior\BuildLiteBehavior [ RunTime:0.000027s ]
INFO: [ app_init ] --END-- [ RunTime:0.000607s ]
INFO: [ app_begin ] --START--
INFO: Run Behavior\ReadHtmlCacheBehavior [ RunTime:0.000805s ]
INFO: [ app_begin ] --END-- [ RunTime:0.000909s ]
NOTIC: [8] Undefined index: uname E:\WWW\CRM\Application\Home\Controller\LogController.class.php 第 60 行.
NOTIC: [8] Undefined index: pwd E:\WWW\CRM\Application\Home\Controller\LogController.class.php 第 61 行.
NOTIC: [8] Undefined variable: result E:\WWW\CRM\Application\Home\Controller\LogController.class.php 第 81 行.
NOTIC: [8] Undefined variable: result E:\WWW\CRM\Application\Home\Controller\LogController.class.php 第 81 行.
NOTIC: [8] Undefined variable: result E:\WWW\CRM\Application\Home\Controller\LogController.class.php 第 91 行.
NOTIC: [8] Undefined variable: result E:\WWW\CRM\Application\Home\Controller\LogController.class.php 第 92 行.
NOTIC: [8] Undefined variable: result E:\WWW\CRM\Application\Home\Controller\LogController.class.php 第 93 行.
INFO: [ app_end ] --START--
INFO: Run Behavior\ShowPageTraceBehavior [ RunTime:0.000799s ]
INFO: [ app_end ] --END-- [ RunTime:0.000895s ]

[ 2017-03-03T11:04:19+08:00 ] ::1 /CRM/index.php/home/log/login
INFO: [ app_init ] --START--
INFO: Run Behavior\BuildLiteBehavior [ RunTime:0.000030s ]
INFO: [ app_init ] --END-- [ RunTime:0.000631s ]
INFO: [ app_begin ] --START--
INFO: Run Behavior\ReadHtmlCacheBehavior [ RunTime:0.000734s ]
INFO: [ app_begin ] --END-- [ RunTime:0.000853s ]
NOTIC: [8] Undefined index: uname E:\WWW\CRM\Application\Home\Controller\LogController.class.php 第 60 行.
NOTIC: [8] Undefined variable: result E:\WWW\CRM\Application\Home\Controller\LogController.class.php 第 81 行.
NOTIC: [8] Undefined variable: result E:\WWW\CRM\Application\Home\Controller\LogController.class.php 第 81 行.
NOTIC: [8] Undefined variable: result E:\WWW\CRM\Application\Home\Controller\LogController.class.php 第 91 行.
NOTIC: [8] Undefined variable: result E:\WWW\CRM\Application\Home\Controller\LogController.class.php 第 92 行.
NOTIC: [8] Undefined variable: result E:\WWW\CRM\Application\Home\Controller\LogController.class.php 第 93 行.
INFO: [ app_end ] --START--
INFO: Run Behavior\ShowPageTraceBehavior [ RunTime:0.000747s ]
INFO: [ app_end ] --END-- [ RunTime:0.000843s ]

[ 2017-03-03T11:04:25+08:00 ] ::1 /CRM/index.php/home/log/login
INFO: [ app_init ] --START--
INFO: Run Behavior\BuildLiteBehavior [ RunTime:0.000035s ]
INFO: [ app_init ] --END-- [ RunTime:0.000768s ]
INFO: [ app_begin ] --START--
INFO: Run Behavior\ReadHtmlCacheBehavior [ RunTime:0.000905s ]
INFO: [ app_begin ] --END-- [ RunTime:0.001076s ]
SQL: SHOW COLUMNS FROM `crm_user` [ RunTime:0.0043s ]
SQL: SELECT `password`,`uid`,`mobile`,`login_name` FROM `crm_user` WHERE ( `mobile` = 'test' OR `login_name` = 'test' )  [ RunTime:0.0004s ]
SQL: UPDATE `crm_user` SET `login_time`='1488510265' WHERE ( `mobile` = 'test' OR `login_name` = 'test' ) [ RunTime:0.0005s ]
INFO: [ app_end ] --START--
INFO: Run Behavior\ShowPageTraceBehavior [ RunTime:0.000739s ]
INFO: [ app_end ] --END-- [ RunTime:0.000855s ]

[ 2017-03-03T11:09:57+08:00 ] ::1 /CRM/index.php/home/log/login
INFO: [ app_init ] --START--
INFO: Run Behavior\BuildLiteBehavior [ RunTime:0.000026s ]
INFO: [ app_init ] --END-- [ RunTime:0.000585s ]
INFO: [ app_begin ] --START--
INFO: Run Behavior\ReadHtmlCacheBehavior [ RunTime:0.000864s ]
INFO: [ app_begin ] --END-- [ RunTime:0.000983s ]
NOTIC: [8] Undefined index: uname E:\WWW\CRM\Application\Home\Controller\LogController.class.php 第 60 行.
NOTIC: [8] Undefined variable: result E:\WWW\CRM\Application\Home\Controller\LogController.class.php 第 81 行.
NOTIC: [8] Undefined variable: result E:\WWW\CRM\Application\Home\Controller\LogController.class.php 第 81 行.
NOTIC: [8] Undefined variable: result E:\WWW\CRM\Application\Home\Controller\LogController.class.php 第 91 行.
NOTIC: [8] Undefined variable: result E:\WWW\CRM\Application\Home\Controller\LogController.class.php 第 92 行.
NOTIC: [8] Undefined variable: result E:\WWW\CRM\Application\Home\Controller\LogController.class.php 第 93 行.
INFO: [ app_end ] --START--
INFO: Run Behavior\ShowPageTraceBehavior [ RunTime:0.002597s ]
INFO: [ app_end ] --END-- [ RunTime:0.002726s ]

[ 2017-03-03T11:10:09+08:00 ] ::1 /CRM/index.php/home/log/login
INFO: [ app_init ] --START--
INFO: Run Behavior\BuildLiteBehavior [ RunTime:0.000022s ]
INFO: [ app_init ] --END-- [ RunTime:0.000475s ]
INFO: [ app_begin ] --START--
INFO: Run Behavior\ReadHtmlCacheBehavior [ RunTime:0.000698s ]
INFO: [ app_begin ] --END-- [ RunTime:0.000810s ]
SQL: SHOW COLUMNS FROM `crm_user` [ RunTime:0.0031s ]
SQL: SELECT `password`,`uid`,`mobile`,`login_name` FROM `crm_user` WHERE ( `mobile` = 'test' OR `login_name` = 'test' )  [ RunTime:0.0003s ]
SQL: UPDATE `crm_user` SET `login_time`='1488510609' WHERE ( `mobile` = 'test' OR `login_name` = 'test' ) [ RunTime:0.0003s ]
INFO: [ app_end ] --START--
INFO: Run Behavior\ShowPageTraceBehavior [ RunTime:0.000831s ]
INFO: [ app_end ] --END-- [ RunTime:0.000925s ]

[ 2017-03-03T11:12:19+08:00 ] 127.0.0.1 /CRM/index.php/home/log/login
INFO: [ app_init ] --START--
INFO: Run Behavior\BuildLiteBehavior [ RunTime:0.000030s ]
INFO: [ app_init ] --END-- [ RunTime:0.000700s ]
INFO: [ app_begin ] --START--
INFO: Run Behavior\ReadHtmlCacheBehavior [ RunTime:0.002863s ]
INFO: [ app_begin ] --END-- [ RunTime:0.002978s ]
SQL: SHOW COLUMNS FROM `crm_user` [ RunTime:0.0126s ]
SQL: SELECT `password`,`uid`,`mobile`,`login_name` FROM `crm_user` WHERE ( `mobile` = 'test' OR `login_name` = 'test' )  [ RunTime:0.0259s ]
SQL: UPDATE `crm_user` SET `login_time`='1488510739' WHERE ( `mobile` = 'test' OR `login_name` = 'test' ) [ RunTime:0.0127s ]
INFO: [ app_end ] --START--
INFO: Run Behavior\ShowPageTraceBehavior [ RunTime:0.000678s ]
INFO: [ app_end ] --END-- [ RunTime:0.000749s ]

[ 2017-03-03T11:13:02+08:00 ] 127.0.0.1 /CRM/index.php/home/log/login
INFO: [ app_init ] --START--
INFO: Run Behavior\BuildLiteBehavior [ RunTime:0.000027s ]
INFO: [ app_init ] --END-- [ RunTime:0.000517s ]
INFO: [ app_begin ] --START--
INFO: Run Behavior\ReadHtmlCacheBehavior [ RunTime:0.000699s ]
INFO: [ app_begin ] --END-- [ RunTime:0.000803s ]
SQL: SHOW COLUMNS FROM `crm_user` [ RunTime:0.0135s ]
SQL: SELECT `password`,`uid`,`mobile`,`login_name` FROM `crm_user` WHERE ( `mobile` = 'test' OR `login_name` = 'test' )  [ RunTime:0.0149s ]
NOTIC: [8] Undefined offset: 0 E:\WWW\CRM\Application\Home\Controller\LogController.class.php 第 70 行.
NOTIC: [8] Undefined offset: 0 E:\WWW\CRM\Application\Home\Controller\LogController.class.php 第 91 行.
NOTIC: [8] Undefined offset: 0 E:\WWW\CRM\Application\Home\Controller\LogController.class.php 第 92 行.
NOTIC: [8] Undefined offset: 0 E:\WWW\CRM\Application\Home\Controller\LogController.class.php 第 93 行.
INFO: [ app_end ] --START--
INFO: Run Behavior\ShowPageTraceBehavior [ RunTime:0.000588s ]
INFO: [ app_end ] --END-- [ RunTime:0.000651s ]

[ 2017-03-03T13:34:51+08:00 ] 127.0.0.1 /CRM/index.php/home/log/login
INFO: [ app_init ] --START--
INFO: Run Behavior\BuildLiteBehavior [ RunTime:0.000017s ]
INFO: [ app_init ] --END-- [ RunTime:0.000422s ]
INFO: [ app_begin ] --START--
INFO: Run Behavior\ReadHtmlCacheBehavior [ RunTime:0.000582s ]
INFO: [ app_begin ] --END-- [ RunTime:0.000656s ]
SQL: SHOW COLUMNS FROM `crm_user` [ RunTime:0.0419s ]
SQL: SELECT `password`,`uid`,`mobile`,`login_name` FROM `crm_user` WHERE ( `mobile` = 'test' OR `login_name` = 'test' )  [ RunTime:0.0200s ]
SQL: UPDATE `crm_user` SET `login_time`='1488519291' WHERE ( `mobile` = 'test' OR `login_name` = 'test' ) [ RunTime:0.0110s ]
INFO: [ app_end ] --START--
INFO: Run Behavior\ShowPageTraceBehavior [ RunTime:0.000677s ]
INFO: [ app_end ] --END-- [ RunTime:0.000756s ]

[ 2017-03-03T13:42:32+08:00 ] 127.0.0.1 /CRM/index.php/home/log/login
INFO: [ app_init ] --START--
INFO: Run Behavior\BuildLiteBehavior [ RunTime:0.000033s ]
INFO: [ app_init ] --END-- [ RunTime:0.001070s ]
INFO: [ app_begin ] --START--
INFO: Run Behavior\ReadHtmlCacheBehavior [ RunTime:0.000738s ]
INFO: [ app_begin ] --END-- [ RunTime:0.000837s ]
SQL: SHOW COLUMNS FROM `crm_user` [ RunTime:0.0127s ]
SQL: SELECT `password`,`uid`,`mobile`,`login_name` FROM `crm_user` WHERE ( `mobile` = 'test' OR `login_name` = 'test' )  [ RunTime:0.0115s ]
SQL: UPDATE `crm_user` SET `login_time`='1488519752' WHERE ( `mobile` = 'test' OR `login_name` = 'test' ) [ RunTime:0.0158s ]
INFO: [ app_end ] --START--
INFO: Run Behavior\ShowPageTraceBehavior [ RunTime:0.000694s ]
INFO: [ app_end ] --END-- [ RunTime:0.000765s ]

[ 2017-03-03T13:42:54+08:00 ] 127.0.0.1 /CRM/index.php/home/log/login
INFO: [ app_init ] --START--
INFO: Run Behavior\BuildLiteBehavior [ RunTime:0.000016s ]
INFO: [ app_init ] --END-- [ RunTime:0.000337s ]
INFO: [ app_begin ] --START--
INFO: Run Behavior\ReadHtmlCacheBehavior [ RunTime:0.000430s ]
INFO: [ app_begin ] --END-- [ RunTime:0.000497s ]
SQL: SHOW COLUMNS FROM `crm_user` [ RunTime:0.0133s ]
SQL: SELECT `password`,`uid`,`mobile`,`login_name` FROM `crm_user` WHERE ( `mobile` = 'test' OR `login_name` = 'test' )  [ RunTime:0.0135s ]
SQL: UPDATE `crm_user` SET `login_time`='1488519774' WHERE ( `mobile` = 'test' OR `login_name` = 'test' ) [ RunTime:0.0217s ]
INFO: [ app_end ] --START--
INFO: Run Behavior\ShowPageTraceBehavior [ RunTime:0.000590s ]
INFO: [ app_end ] --END-- [ RunTime:0.000660s ]

[ 2017-03-03T13:49:57+08:00 ] 127.0.0.1 /CRM/index.php/home/log/login
INFO: [ app_init ] --START--
INFO: Run Behavior\BuildLiteBehavior [ RunTime:0.000027s ]
INFO: [ app_init ] --END-- [ RunTime:0.000642s ]
INFO: [ app_begin ] --START--
INFO: Run Behavior\ReadHtmlCacheBehavior [ RunTime:0.001261s ]
INFO: [ app_begin ] --END-- [ RunTime:0.001606s ]
SQL: SHOW COLUMNS FROM `crm_user` [ RunTime:0.1041s ]
SQL: SELECT `password`,`uid`,`mobile`,`login_name` FROM `crm_user` WHERE ( `mobile` = 'test' OR `login_name` = 'test' )  [ RunTime:0.0651s ]
SQL: UPDATE `crm_user` SET `login_time`='1488520197' WHERE ( `mobile` = 'test' OR `login_name` = 'test' ) [ RunTime:0.0361s ]
INFO: [ app_end ] --START--
INFO: Run Behavior\ShowPageTraceBehavior [ RunTime:0.000928s ]
INFO: [ app_end ] --END-- [ RunTime:0.001021s ]

[ 2017-03-03T13:55:04+08:00 ] 127.0.0.1 /CRM/index.php/home/log/login
INFO: [ app_init ] --START--
INFO: Run Behavior\BuildLiteBehavior [ RunTime:0.000019s ]
INFO: [ app_init ] --END-- [ RunTime:0.000509s ]
INFO: [ app_begin ] --START--
INFO: Run Behavior\ReadHtmlCacheBehavior [ RunTime:0.000576s ]
INFO: [ app_begin ] --END-- [ RunTime:0.000655s ]
NOTIC: [8] Undefined variable: input E:\WWW\CRM\Application\Home\Controller\LogController.class.php 第 59 行.
NOTIC: [8] Undefined index: uname E:\WWW\CRM\Application\Home\Controller\LogController.class.php 第 60 行.
NOTIC: [8] Undefined index: pwd E:\WWW\CRM\Application\Home\Controller\LogController.class.php 第 61 行.
NOTIC: [8] Undefined variable: result E:\WWW\CRM\Application\Home\Controller\LogController.class.php 第 83 行.
NOTIC: [8] Undefined variable: result E:\WWW\CRM\Application\Home\Controller\LogController.class.php 第 83 行.
NOTIC: [8] Undefined variable: result E:\WWW\CRM\Application\Home\Controller\LogController.class.php 第 93 行.
NOTIC: [8] Undefined variable: result E:\WWW\CRM\Application\Home\Controller\LogController.class.php 第 94 行.
NOTIC: [8] Undefined variable: result E:\WWW\CRM\Application\Home\Controller\LogController.class.php 第 95 行.
INFO: [ app_end ] --START--
INFO: Run Behavior\ShowPageTraceBehavior [ RunTime:0.000562s ]
INFO: [ app_end ] --END-- [ RunTime:0.000631s ]

[ 2017-03-03T13:58:27+08:00 ] 127.0.0.1 /CRM/index.php/home/log/login
INFO: [ app_init ] --START--
INFO: Run Behavior\BuildLiteBehavior [ RunTime:0.000022s ]
INFO: [ app_init ] --END-- [ RunTime:0.000642s ]
INFO: [ app_begin ] --START--
INFO: Run Behavior\ReadHtmlCacheBehavior [ RunTime:0.000594s ]
INFO: [ app_begin ] --END-- [ RunTime:0.000670s ]
NOTIC: [8] Undefined variable: inputdone E:\WWW\CRM\Application\Home\Controller\LogController.class.php 第 63 行.
NOTIC: [8] Undefined variable: inputdone E:\WWW\CRM\Application\Home\Controller\LogController.class.php 第 64 行.
NOTIC: [8] Undefined variable: result E:\WWW\CRM\Application\Home\Controller\LogController.class.php 第 84 行.
NOTIC: [8] Undefined variable: result E:\WWW\CRM\Application\Home\Controller\LogController.class.php 第 84 行.
NOTIC: [8] Undefined variable: result E:\WWW\CRM\Application\Home\Controller\LogController.class.php 第 94 行.
NOTIC: [8] Undefined variable: result E:\WWW\CRM\Application\Home\Controller\LogController.class.php 第 95 行.
NOTIC: [8] Undefined variable: result E:\WWW\CRM\Application\Home\Controller\LogController.class.php 第 96 行.
INFO: [ app_end ] --START--
INFO: Run Behavior\ShowPageTraceBehavior [ RunTime:0.000685s ]
INFO: [ app_end ] --END-- [ RunTime:0.000755s ]

[ 2017-03-03T13:58:51+08:00 ] 127.0.0.1 /CRM/index.php/home/log/login
INFO: [ app_init ] --START--
INFO: Run Behavior\BuildLiteBehavior [ RunTime:0.000018s ]
INFO: [ app_init ] --END-- [ RunTime:0.000408s ]
INFO: [ app_begin ] --START--
INFO: Run Behavior\ReadHtmlCacheBehavior [ RunTime:0.000508s ]
INFO: [ app_begin ] --END-- [ RunTime:0.000600s ]
NOTIC: [8] Undefined variable: inputdone E:\WWW\CRM\Application\Home\Controller\LogController.class.php 第 63 行.
NOTIC: [8] Undefined variable: inputdone E:\WWW\CRM\Application\Home\Controller\LogController.class.php 第 64 行.
NOTIC: [8] Undefined variable: result E:\WWW\CRM\Application\Home\Controller\LogController.class.php 第 84 行.
NOTIC: [8] Undefined variable: result E:\WWW\CRM\Application\Home\Controller\LogController.class.php 第 84 行.
NOTIC: [8] Undefined variable: result E:\WWW\CRM\Application\Home\Controller\LogController.class.php 第 94 行.
NOTIC: [8] Undefined variable: result E:\WWW\CRM\Application\Home\Controller\LogController.class.php 第 95 行.
NOTIC: [8] Undefined variable: result E:\WWW\CRM\Application\Home\Controller\LogController.class.php 第 96 行.
INFO: [ app_end ] --START--
INFO: Run Behavior\ShowPageTraceBehavior [ RunTime:0.000791s ]
INFO: [ app_end ] --END-- [ RunTime:0.000895s ]

[ 2017-03-03T13:58:53+08:00 ] 127.0.0.1 /CRM/index.php/home/log/login
INFO: [ app_init ] --START--
INFO: Run Behavior\BuildLiteBehavior [ RunTime:0.000036s ]
INFO: [ app_init ] --END-- [ RunTime:0.000711s ]
INFO: [ app_begin ] --START--
INFO: Run Behavior\ReadHtmlCacheBehavior [ RunTime:0.000931s ]
INFO: [ app_begin ] --END-- [ RunTime:0.001123s ]
NOTIC: [8] Undefined variable: inputdone E:\WWW\CRM\Application\Home\Controller\LogController.class.php 第 63 行.
NOTIC: [8] Undefined variable: inputdone E:\WWW\CRM\Application\Home\Controller\LogController.class.php 第 64 行.
NOTIC: [8] Undefined variable: result E:\WWW\CRM\Application\Home\Controller\LogController.class.php 第 84 行.
NOTIC: [8] Undefined variable: result E:\WWW\CRM\Application\Home\Controller\LogController.class.php 第 84 行.
NOTIC: [8] Undefined variable: result E:\WWW\CRM\Application\Home\Controller\LogController.class.php 第 94 行.
NOTIC: [8] Undefined variable: result E:\WWW\CRM\Application\Home\Controller\LogController.class.php 第 95 行.
NOTIC: [8] Undefined variable: result E:\WWW\CRM\Application\Home\Controller\LogController.class.php 第 96 行.
INFO: [ app_end ] --START--
INFO: Run Behavior\ShowPageTraceBehavior [ RunTime:0.001086s ]
INFO: [ app_end ] --END-- [ RunTime:0.001234s ]

[ 2017-03-03T13:59:32+08:00 ] 127.0.0.1 /CRM/index.php/home/log/login
INFO: [ app_init ] --START--
INFO: Run Behavior\BuildLiteBehavior [ RunTime:0.000028s ]
INFO: [ app_init ] --END-- [ RunTime:0.000585s ]
INFO: [ app_begin ] --START--
INFO: Run Behavior\ReadHtmlCacheBehavior [ RunTime:0.000737s ]
INFO: [ app_begin ] --END-- [ RunTime:0.000860s ]
SQL: SHOW COLUMNS FROM `crm_user` [ RunTime:0.0384s ]
SQL: SELECT `password`,`uid`,`mobile`,`login_name` FROM `crm_user` WHERE ( `mobile` = '{' OR `login_name` = '{' )  [ RunTime:0.0204s ]
NOTIC: [8] Undefined offset: 0 E:\WWW\CRM\Application\Home\Controller\LogController.class.php 第 73 行.
NOTIC: [8] Undefined offset: 0 E:\WWW\CRM\Application\Home\Controller\LogController.class.php 第 94 行.
NOTIC: [8] Undefined offset: 0 E:\WWW\CRM\Application\Home\Controller\LogController.class.php 第 95 行.
NOTIC: [8] Undefined offset: 0 E:\WWW\CRM\Application\Home\Controller\LogController.class.php 第 96 行.
INFO: [ app_end ] --START--
INFO: Run Behavior\ShowPageTraceBehavior [ RunTime:0.000582s ]
INFO: [ app_end ] --END-- [ RunTime:0.000644s ]

[ 2017-03-03T14:00:02+08:00 ] 127.0.0.1 /CRM/index.php/home/log/login
INFO: [ app_init ] --START--
INFO: Run Behavior\BuildLiteBehavior [ RunTime:0.000034s ]
INFO: [ app_init ] --END-- [ RunTime:0.000776s ]
INFO: [ app_begin ] --START--
INFO: Run Behavior\ReadHtmlCacheBehavior [ RunTime:0.000952s ]
INFO: [ app_begin ] --END-- [ RunTime:0.001110s ]
SQL: SHOW COLUMNS FROM `crm_user` [ RunTime:0.0226s ]
SQL: SELECT `password`,`uid`,`mobile`,`login_name` FROM `crm_user` WHERE ( `mobile` = '{' OR `login_name` = '{' )  [ RunTime:0.0169s ]
NOTIC: [8] Undefined offset: 0 E:\WWW\CRM\Application\Home\Controller\LogController.class.php 第 73 行.
NOTIC: [8] Undefined offset: 0 E:\WWW\CRM\Application\Home\Controller\LogController.class.php 第 94 行.
NOTIC: [8] Undefined offset: 0 E:\WWW\CRM\Application\Home\Controller\LogController.class.php 第 95 行.
NOTIC: [8] Undefined offset: 0 E:\WWW\CRM\Application\Home\Controller\LogController.class.php 第 96 行.
INFO: [ app_end ] --START--
INFO: Run Behavior\ShowPageTraceBehavior [ RunTime:0.000586s ]
INFO: [ app_end ] --END-- [ RunTime:0.000649s ]

[ 2017-03-03T14:01:18+08:00 ] 127.0.0.1 /CRM/index.php/home/log/login
INFO: [ app_init ] --START--
INFO: Run Behavior\BuildLiteBehavior [ RunTime:0.000039s ]
INFO: [ app_init ] --END-- [ RunTime:0.000817s ]
INFO: [ app_begin ] --START--
INFO: Run Behavior\ReadHtmlCacheBehavior [ RunTime:0.001505s ]
INFO: [ app_begin ] --END-- [ RunTime:0.001996s ]
NOTIC: [8] Undefined variable: uname E:\WWW\CRM\Application\Home\Controller\LogController.class.php 第 72 行.
NOTIC: [8] Undefined variable: result E:\WWW\CRM\Application\Home\Controller\LogController.class.php 第 91 行.
NOTIC: [8] Undefined variable: result E:\WWW\CRM\Application\Home\Controller\LogController.class.php 第 91 行.
NOTIC: [8] Undefined variable: pwdinput E:\WWW\CRM\Application\Home\Controller\LogController.class.php 第 100 行.
NOTIC: [8] Undefined variable: result E:\WWW\CRM\Application\Home\Controller\LogController.class.php 第 101 行.
NOTIC: [8] Undefined variable: result E:\WWW\CRM\Application\Home\Controller\LogController.class.php 第 102 行.
NOTIC: [8] Undefined variable: result E:\WWW\CRM\Application\Home\Controller\LogController.class.php 第 103 行.
INFO: [ app_end ] --START--
INFO: Run Behavior\ShowPageTraceBehavior [ RunTime:0.000706s ]
INFO: [ app_end ] --END-- [ RunTime:0.000774s ]

[ 2017-03-03T14:03:36+08:00 ] 127.0.0.1 /CRM/index.php/home/log/login
INFO: [ app_init ] --START--
INFO: Run Behavior\BuildLiteBehavior [ RunTime:0.000033s ]
INFO: [ app_init ] --END-- [ RunTime:0.000649s ]
INFO: [ app_begin ] --START--
INFO: Run Behavior\ReadHtmlCacheBehavior [ RunTime:0.000783s ]
INFO: [ app_begin ] --END-- [ RunTime:0.000877s ]
SQL: SHOW COLUMNS FROM `crm_user` [ RunTime:0.7022s ]
SQL: SELECT `password`,`uid`,`mobile`,`login_name` FROM `crm_user` WHERE ( `mobile` = 'test' OR `login_name` = 'test' )  [ RunTime:0.0275s ]
SQL: UPDATE `crm_user` SET `login_time`='1488521016' WHERE ( `mobile` = 'test' OR `login_name` = 'test' ) [ RunTime:0.0900s ]
INFO: [ app_end ] --START--
INFO: Run Behavior\ShowPageTraceBehavior [ RunTime:0.000690s ]
INFO: [ app_end ] --END-- [ RunTime:0.000762s ]

