[ 2017-02-16T14:45:17+08:00 ] ::1 /CRM/index.php/home/log/signup
INFO: [ app_init ] --START--
INFO: Run Behavior\BuildLiteBehavior [ RunTime:0.000018s ]
INFO: [ app_init ] --END-- [ RunTime:0.000726s ]
INFO: [ app_begin ] --START--
INFO: Run Behavior\ReadHtmlCacheBehavior [ RunTime:0.001173s ]
INFO: [ app_begin ] --END-- [ RunTime:0.001339s ]
NOTIC: [8] Undefined index: HTTP_RAW_POST_DATA E:\WWW\CRM\Application\Home\Controller\LogController.class.php 第 7 行.
INFO: [ app_end ] --START--
INFO: Run Behavior\ShowPageTraceBehavior [ RunTime:0.000855s ]
INFO: [ app_end ] --END-- [ RunTime:0.000920s ]

[ 2017-02-16T14:45:41+08:00 ] ::1 /CRM/index.php/home/log/login
INFO: [ app_init ] --START--
INFO: Run Behavior\BuildLiteBehavior [ RunTime:0.000015s ]
INFO: [ app_init ] --END-- [ RunTime:0.000386s ]
INFO: [ app_begin ] --START--
INFO: Run Behavior\ReadHtmlCacheBehavior [ RunTime:0.000506s ]
INFO: [ app_begin ] --END-- [ RunTime:0.000566s ]
NOTIC: [8] Undefined index: HTTP_RAW_POST_DATA E:\WWW\CRM\Application\Home\Controller\LogController.class.php 第 46 行.
INFO: [ app_end ] --START--
INFO: Run Behavior\ShowPageTraceBehavior [ RunTime:0.000505s ]
INFO: [ app_end ] --END-- [ RunTime:0.000564s ]

[ 2017-02-16T14:46:22+08:00 ] ::1 /CRM/index.php/home/log/login
INFO: [ app_init ] --START--
INFO: Run Behavior\BuildLiteBehavior [ RunTime:0.000015s ]
INFO: [ app_init ] --END-- [ RunTime:0.000374s ]
INFO: [ app_begin ] --START--
INFO: Run Behavior\ReadHtmlCacheBehavior [ RunTime:0.000611s ]
INFO: [ app_begin ] --END-- [ RunTime:0.000680s ]
NOTIC: [8] Undefined index: account E:\WWW\CRM\Application\Home\Controller\LogController.class.php 第 48 行.
NOTIC: [8] Undefined index: pwd E:\WWW\CRM\Application\Home\Controller\LogController.class.php 第 49 行.
INFO: [ app_end ] --START--
INFO: Run Behavior\ShowPageTraceBehavior [ RunTime:0.000587s ]
INFO: [ app_end ] --END-- [ RunTime:0.000644s ]

[ 2017-02-16T14:46:38+08:00 ] ::1 /CRM/index.php/home/log/login
INFO: [ app_init ] --START--
INFO: Run Behavior\BuildLiteBehavior [ RunTime:0.000018s ]
INFO: [ app_init ] --END-- [ RunTime:0.000369s ]
INFO: [ app_begin ] --START--
INFO: Run Behavior\ReadHtmlCacheBehavior [ RunTime:0.000854s ]
INFO: [ app_begin ] --END-- [ RunTime:0.000992s ]
NOTIC: [8] Undefined index: account E:\WWW\CRM\Application\Home\Controller\LogController.class.php 第 48 行.
INFO: [ app_end ] --START--
INFO: Run Behavior\ShowPageTraceBehavior [ RunTime:0.000445s ]
INFO: [ app_end ] --END-- [ RunTime:0.000525s ]

[ 2017-02-16T14:46:39+08:00 ] ::1 /CRM/index.php/home/log/login
INFO: [ app_init ] --START--
INFO: Run Behavior\BuildLiteBehavior [ RunTime:0.000027s ]
INFO: [ app_init ] --END-- [ RunTime:0.000517s ]
INFO: [ app_begin ] --START--
INFO: Run Behavior\ReadHtmlCacheBehavior [ RunTime:0.002010s ]
INFO: [ app_begin ] --END-- [ RunTime:0.002426s ]
NOTIC: [8] Undefined index: account E:\WWW\CRM\Application\Home\Controller\LogController.class.php 第 48 行.
INFO: [ app_end ] --START--
INFO: Run Behavior\ShowPageTraceBehavior [ RunTime:0.000479s ]
INFO: [ app_end ] --END-- [ RunTime:0.000545s ]

[ 2017-02-16T14:46:54+08:00 ] ::1 /CRM/index.php/home/log/login
INFO: [ app_init ] --START--
INFO: Run Behavior\BuildLiteBehavior [ RunTime:0.000039s ]
INFO: [ app_init ] --END-- [ RunTime:0.000505s ]
INFO: [ app_begin ] --START--
INFO: Run Behavior\ReadHtmlCacheBehavior [ RunTime:0.000742s ]
INFO: [ app_begin ] --END-- [ RunTime:0.000849s ]
SQL: SHOW COLUMNS FROM `crm_user` [ RunTime:0.0527s ]
SQL: SELECT * FROM `crm_user` WHERE `uid` = 0  [ RunTime:0.0004s ]
INFO: [ app_end ] --START--
INFO: Run Behavior\ShowPageTraceBehavior [ RunTime:0.000680s ]
INFO: [ app_end ] --END-- [ RunTime:0.000775s ]

[ 2017-02-16T14:47:17+08:00 ] ::1 /CRM/index.php/home/log/login
INFO: [ app_init ] --START--
INFO: Run Behavior\BuildLiteBehavior [ RunTime:0.000037s ]
INFO: [ app_init ] --END-- [ RunTime:0.001606s ]
INFO: [ app_begin ] --START--
INFO: Run Behavior\ReadHtmlCacheBehavior [ RunTime:0.000474s ]
INFO: [ app_begin ] --END-- [ RunTime:0.000540s ]
SQL: SHOW COLUMNS FROM `crm_user` [ RunTime:0.0046s ]
SQL: SELECT * FROM `crm_user` WHERE `uid` = 0  [ RunTime:0.0575s ]
NOTIC: [8] Undefined variable: userdb E:\WWW\CRM\Application\Home\Controller\LogController.class.php 第 65 行.

[ 2017-02-16T14:47:29+08:00 ] ::1 /CRM/index.php/home/log/login
INFO: [ app_init ] --START--
INFO: Run Behavior\BuildLiteBehavior [ RunTime:0.000016s ]
INFO: [ app_init ] --END-- [ RunTime:0.000350s ]
INFO: [ app_begin ] --START--
INFO: Run Behavior\ReadHtmlCacheBehavior [ RunTime:0.000913s ]
INFO: [ app_begin ] --END-- [ RunTime:0.000998s ]
NOTIC: [8] Undefined index: HTTP_RAW_POST_DATA E:\WWW\CRM\Application\Home\Controller\LogController.class.php 第 46 行.
INFO: [ app_end ] --START--
INFO: Run Behavior\ShowPageTraceBehavior [ RunTime:0.000537s ]
INFO: [ app_end ] --END-- [ RunTime:0.000610s ]

[ 2017-02-16T14:47:44+08:00 ] ::1 /CRM/index.php/home/log/login
INFO: [ app_init ] --START--
INFO: Run Behavior\BuildLiteBehavior [ RunTime:0.000015s ]
INFO: [ app_init ] --END-- [ RunTime:0.000368s ]
INFO: [ app_begin ] --START--
INFO: Run Behavior\ReadHtmlCacheBehavior [ RunTime:0.000554s ]
INFO: [ app_begin ] --END-- [ RunTime:0.000640s ]
SQL: SHOW COLUMNS FROM `crm_user` [ RunTime:0.0312s ]
SQL: SELECT * FROM `crm_user` WHERE `uid` = 0  [ RunTime:0.0161s ]
INFO: [ app_end ] --START--
INFO: Run Behavior\ShowPageTraceBehavior [ RunTime:0.009983s ]
INFO: [ app_end ] --END-- [ RunTime:0.010052s ]

[ 2017-02-16T14:48:28+08:00 ] ::1 /CRM/index.php/home/log/login
INFO: [ app_init ] --START--
INFO: Run Behavior\BuildLiteBehavior [ RunTime:0.000025s ]
INFO: [ app_init ] --END-- [ RunTime:0.000618s ]
INFO: [ app_begin ] --START--
INFO: Run Behavior\ReadHtmlCacheBehavior [ RunTime:0.000584s ]
INFO: [ app_begin ] --END-- [ RunTime:0.000679s ]
SQL: SHOW COLUMNS FROM `crm_user` [ RunTime:0.0044s ]
SQL: SELECT * FROM `crm_user` WHERE `uid` = 0  [ RunTime:0.0008s ]
INFO: [ app_end ] --START--
INFO: Run Behavior\ShowPageTraceBehavior [ RunTime:0.000631s ]
INFO: [ app_end ] --END-- [ RunTime:0.000706s ]

[ 2017-02-16T14:49:05+08:00 ] ::1 /CRM/index.php/home/log/login
INFO: [ app_init ] --START--
INFO: Run Behavior\BuildLiteBehavior [ RunTime:0.000035s ]
INFO: [ app_init ] --END-- [ RunTime:0.000858s ]
INFO: [ app_begin ] --START--
INFO: Run Behavior\ReadHtmlCacheBehavior [ RunTime:0.001116s ]
INFO: [ app_begin ] --END-- [ RunTime:0.001296s ]
SQL: SHOW COLUMNS FROM `crm_user` [ RunTime:0.0728s ]
SQL: SELECT * FROM `crm_user` WHERE `uid` = 0  [ RunTime:0.0004s ]
INFO: [ app_end ] --START--
INFO: Run Behavior\ShowPageTraceBehavior [ RunTime:0.000694s ]
INFO: [ app_end ] --END-- [ RunTime:0.000780s ]

[ 2017-02-16T14:49:50+08:00 ] ::1 /CRM/index.php/home/log/login
INFO: [ app_init ] --START--
INFO: Run Behavior\BuildLiteBehavior [ RunTime:0.000034s ]
INFO: [ app_init ] --END-- [ RunTime:0.000812s ]
INFO: [ app_begin ] --START--
INFO: Run Behavior\ReadHtmlCacheBehavior [ RunTime:0.001104s ]
INFO: [ app_begin ] --END-- [ RunTime:0.001239s ]
SQL: SHOW COLUMNS FROM `crm_user` [ RunTime:0.0046s ]
SQL: SELECT * FROM `crm_user` WHERE `uid` = 0  [ RunTime:0.0004s ]
INFO: [ app_end ] --START--
INFO: Run Behavior\ShowPageTraceBehavior [ RunTime:0.001268s ]
INFO: [ app_end ] --END-- [ RunTime:0.001384s ]

[ 2017-02-16T14:50:06+08:00 ] ::1 /CRM/index.php/home/log/login
INFO: [ app_init ] --START--
INFO: Run Behavior\BuildLiteBehavior [ RunTime:0.000022s ]
INFO: [ app_init ] --END-- [ RunTime:0.000444s ]
INFO: [ app_begin ] --START--
INFO: Run Behavior\ReadHtmlCacheBehavior [ RunTime:0.000807s ]
INFO: [ app_begin ] --END-- [ RunTime:0.000920s ]
SQL: SHOW COLUMNS FROM `crm_user` [ RunTime:0.0038s ]
SQL: SELECT * FROM `crm_user` WHERE `uid` = 0  [ RunTime:0.0004s ]
INFO: [ app_end ] --START--
INFO: Run Behavior\ShowPageTraceBehavior [ RunTime:0.000919s ]
INFO: [ app_end ] --END-- [ RunTime:0.001011s ]

[ 2017-02-16T14:51:40+08:00 ] ::1 /CRM/index.php/home/log/login
INFO: [ app_init ] --START--
INFO: Run Behavior\BuildLiteBehavior [ RunTime:0.000053s ]
INFO: [ app_init ] --END-- [ RunTime:0.000814s ]
INFO: [ app_begin ] --START--
INFO: Run Behavior\ReadHtmlCacheBehavior [ RunTime:0.000979s ]
INFO: [ app_begin ] --END-- [ RunTime:0.001109s ]
SQL: SHOW COLUMNS FROM `crm_user` [ RunTime:0.0037s ]
SQL: SELECT * FROM `crm_user` WHERE `uid` = 0  [ RunTime:0.0009s ]
INFO: [ app_end ] --START--
INFO: Run Behavior\ShowPageTraceBehavior [ RunTime:0.000750s ]
INFO: [ app_end ] --END-- [ RunTime:0.000839s ]

[ 2017-02-16T14:51:42+08:00 ] ::1 /CRM/index.php/home/log/login
INFO: [ app_init ] --START--
INFO: Run Behavior\BuildLiteBehavior [ RunTime:0.000030s ]
INFO: [ app_init ] --END-- [ RunTime:0.000748s ]
INFO: [ app_begin ] --START--
INFO: Run Behavior\ReadHtmlCacheBehavior [ RunTime:0.000990s ]
INFO: [ app_begin ] --END-- [ RunTime:0.001180s ]
SQL: SHOW COLUMNS FROM `crm_user` [ RunTime:0.0037s ]
SQL: SELECT * FROM `crm_user` WHERE `uid` = 0  [ RunTime:0.0003s ]
INFO: [ app_end ] --START--
INFO: Run Behavior\ShowPageTraceBehavior [ RunTime:0.000940s ]
INFO: [ app_end ] --END-- [ RunTime:0.001058s ]

[ 2017-02-16T14:53:19+08:00 ] ::1 /CRM/index.php/home/log/login
INFO: [ app_init ] --START--
INFO: Run Behavior\BuildLiteBehavior [ RunTime:0.000030s ]
INFO: [ app_init ] --END-- [ RunTime:0.000708s ]
INFO: [ app_begin ] --START--
INFO: Run Behavior\ReadHtmlCacheBehavior [ RunTime:0.002761s ]
INFO: [ app_begin ] --END-- [ RunTime:0.002942s ]
SQL: SHOW COLUMNS FROM `crm_user` [ RunTime:0.0042s ]
SQL: SELECT * FROM `crm_user` WHERE `mobile` = '15015141313'  [ RunTime:0.0003s ]
INFO: [ app_end ] --START--
INFO: Run Behavior\ShowPageTraceBehavior [ RunTime:0.000746s ]
INFO: [ app_end ] --END-- [ RunTime:0.000838s ]

[ 2017-02-16T14:54:11+08:00 ] ::1 /CRM/index.php/home/log/login
INFO: [ app_init ] --START--
INFO: Run Behavior\BuildLiteBehavior [ RunTime:0.000036s ]
INFO: [ app_init ] --END-- [ RunTime:0.000825s ]
INFO: [ app_begin ] --START--
INFO: Run Behavior\ReadHtmlCacheBehavior [ RunTime:0.000956s ]
INFO: [ app_begin ] --END-- [ RunTime:0.001113s ]
SQL: SHOW COLUMNS FROM `crm_user` [ RunTime:0.0054s ]
SQL: SELECT * FROM `crm_user` WHERE `mobile` = '15015141313'  [ RunTime:0.0007s ]
NOTIC: [8] Undefined variable: list E:\WWW\CRM\Application\Home\Controller\LogController.class.php 第 66 行.
INFO: [ app_end ] --START--
INFO: Run Behavior\ShowPageTraceBehavior [ RunTime:0.001669s ]
INFO: [ app_end ] --END-- [ RunTime:0.001783s ]

[ 2017-02-16T14:54:43+08:00 ] ::1 /CRM/index.php/home/log/signup
INFO: [ app_init ] --START--
INFO: Run Behavior\BuildLiteBehavior [ RunTime:0.000024s ]
INFO: [ app_init ] --END-- [ RunTime:0.000518s ]
INFO: [ app_begin ] --START--
INFO: Run Behavior\ReadHtmlCacheBehavior [ RunTime:0.000558s ]
INFO: [ app_begin ] --END-- [ RunTime:0.000652s ]
SQL: SHOW COLUMNS FROM `crm_user` [ RunTime:0.0053s ]
SQL: INSERT INTO `crm_user` (`mobile`,`password`) VALUES ('15015141313','e10adc3949ba59abbe56e057f20f883e') [ RunTime:0.0012s ]
INFO: [ app_end ] --START--
INFO: Run Behavior\ShowPageTraceBehavior [ RunTime:0.001534s ]
INFO: [ app_end ] --END-- [ RunTime:0.002016s ]

[ 2017-02-16T14:55:09+08:00 ] ::1 /CRM/index.php/home/log/login
INFO: [ app_init ] --START--
INFO: Run Behavior\BuildLiteBehavior [ RunTime:0.000030s ]
INFO: [ app_init ] --END-- [ RunTime:0.000555s ]
INFO: [ app_begin ] --START--
INFO: Run Behavior\ReadHtmlCacheBehavior [ RunTime:0.000714s ]
INFO: [ app_begin ] --END-- [ RunTime:0.000833s ]
SQL: SHOW COLUMNS FROM `crm_user` [ RunTime:0.0048s ]
SQL: SELECT * FROM `crm_user` WHERE `mobile` = '15015141313'  [ RunTime:0.0005s ]
NOTIC: [8] Undefined variable: list E:\WWW\CRM\Application\Home\Controller\LogController.class.php 第 66 行.
INFO: [ app_end ] --START--
INFO: Run Behavior\ShowPageTraceBehavior [ RunTime:0.000523s ]
INFO: [ app_end ] --END-- [ RunTime:0.000578s ]

[ 2017-02-16T14:55:15+08:00 ] ::1 /CRM/index.php/home/log/login
INFO: [ app_init ] --START--
INFO: Run Behavior\BuildLiteBehavior [ RunTime:0.000024s ]
INFO: [ app_init ] --END-- [ RunTime:0.000555s ]
INFO: [ app_begin ] --START--
INFO: Run Behavior\ReadHtmlCacheBehavior [ RunTime:0.000643s ]
INFO: [ app_begin ] --END-- [ RunTime:0.000739s ]
SQL: SHOW COLUMNS FROM `crm_user` [ RunTime:0.0062s ]
SQL: SELECT * FROM `crm_user` WHERE `mobile` = '15015141313'  [ RunTime:0.0007s ]
NOTIC: [8] Undefined variable: list E:\WWW\CRM\Application\Home\Controller\LogController.class.php 第 66 行.
INFO: [ app_end ] --START--
INFO: Run Behavior\ShowPageTraceBehavior [ RunTime:0.000937s ]
INFO: [ app_end ] --END-- [ RunTime:0.001126s ]

[ 2017-02-16T14:55:16+08:00 ] ::1 /CRM/index.php/home/log/login
INFO: [ app_init ] --START--
INFO: Run Behavior\BuildLiteBehavior [ RunTime:0.000026s ]
INFO: [ app_init ] --END-- [ RunTime:0.000581s ]
INFO: [ app_begin ] --START--
INFO: Run Behavior\ReadHtmlCacheBehavior [ RunTime:0.000950s ]
INFO: [ app_begin ] --END-- [ RunTime:0.001096s ]
SQL: SHOW COLUMNS FROM `crm_user` [ RunTime:0.0062s ]
SQL: SELECT * FROM `crm_user` WHERE `mobile` = '15015141313'  [ RunTime:0.0009s ]
NOTIC: [8] Undefined variable: list E:\WWW\CRM\Application\Home\Controller\LogController.class.php 第 66 行.
INFO: [ app_end ] --START--
INFO: Run Behavior\ShowPageTraceBehavior [ RunTime:0.001742s ]
INFO: [ app_end ] --END-- [ RunTime:0.001854s ]

[ 2017-02-16T14:55:30+08:00 ] ::1 /CRM/index.php/home/log/login
INFO: [ app_init ] --START--
INFO: Run Behavior\BuildLiteBehavior [ RunTime:0.000030s ]
INFO: [ app_init ] --END-- [ RunTime:0.000695s ]
INFO: [ app_begin ] --START--
INFO: Run Behavior\ReadHtmlCacheBehavior [ RunTime:0.001260s ]
INFO: [ app_begin ] --END-- [ RunTime:0.001596s ]
SQL: SHOW COLUMNS FROM `crm_user` [ RunTime:0.0062s ]
SQL: SELECT * FROM `crm_user` WHERE `mobile` = '15015141313'  [ RunTime:0.0003s ]
NOTIC: [8] Undefined variable: list E:\WWW\CRM\Application\Home\Controller\LogController.class.php 第 66 行.
INFO: [ app_end ] --START--
INFO: Run Behavior\ShowPageTraceBehavior [ RunTime:0.000690s ]
INFO: [ app_end ] --END-- [ RunTime:0.000754s ]

[ 2017-02-16T14:56:04+08:00 ] ::1 /CRM/index.php/home/log/login
INFO: [ app_init ] --START--
INFO: Run Behavior\BuildLiteBehavior [ RunTime:0.000023s ]
INFO: [ app_init ] --END-- [ RunTime:0.000487s ]
INFO: [ app_begin ] --START--
INFO: Run Behavior\ReadHtmlCacheBehavior [ RunTime:0.000447s ]
INFO: [ app_begin ] --END-- [ RunTime:0.000513s ]
SQL: SHOW COLUMNS FROM `crm_user` [ RunTime:0.0038s ]
SQL: SELECT * FROM `crm_user` WHERE `mobile` = '15015141313'  [ RunTime:0.0004s ]
NOTIC: [8] Undefined variable: list E:\WWW\CRM\Application\Home\Controller\LogController.class.php 第 66 行.
INFO: [ app_end ] --START--
INFO: Run Behavior\ShowPageTraceBehavior [ RunTime:0.000524s ]
INFO: [ app_end ] --END-- [ RunTime:0.000582s ]

[ 2017-02-16T14:59:10+08:00 ] ::1 /CRM/index.php/home/log/login
INFO: [ app_init ] --START--
INFO: Run Behavior\BuildLiteBehavior [ RunTime:0.000039s ]
INFO: [ app_init ] --END-- [ RunTime:0.000651s ]
INFO: [ app_begin ] --START--
INFO: Run Behavior\ReadHtmlCacheBehavior [ RunTime:0.000803s ]
INFO: [ app_begin ] --END-- [ RunTime:0.000908s ]
SQL: SHOW COLUMNS FROM `crm_user` [ RunTime:0.0035s ]
SQL: SELECT * FROM `crm_user` WHERE `mobile` = '15015141313'  [ RunTime:0.0004s ]
INFO: [ app_end ] --START--
INFO: Run Behavior\ShowPageTraceBehavior [ RunTime:0.000807s ]
INFO: [ app_end ] --END-- [ RunTime:0.000903s ]

[ 2017-02-16T14:59:41+08:00 ] ::1 /CRM/index.php/home/log/login
INFO: [ app_init ] --START--
INFO: Run Behavior\BuildLiteBehavior [ RunTime:0.000038s ]
INFO: [ app_init ] --END-- [ RunTime:0.000933s ]
INFO: [ app_begin ] --START--
INFO: Run Behavior\ReadHtmlCacheBehavior [ RunTime:0.001218s ]
INFO: [ app_begin ] --END-- [ RunTime:0.001420s ]
SQL: SHOW COLUMNS FROM `crm_user` [ RunTime:0.0043s ]
SQL: SELECT * FROM `crm_user` WHERE `uid` = 0  [ RunTime:0.0004s ]
INFO: [ app_end ] --START--
INFO: Run Behavior\ShowPageTraceBehavior [ RunTime:0.000724s ]
INFO: [ app_end ] --END-- [ RunTime:0.000844s ]

[ 2017-02-16T15:01:38+08:00 ] ::1 /CRM/index.php/home/log/login
INFO: [ app_init ] --START--
INFO: Run Behavior\BuildLiteBehavior [ RunTime:0.000045s ]
INFO: [ app_init ] --END-- [ RunTime:0.001022s ]
INFO: [ app_begin ] --START--
INFO: Run Behavior\ReadHtmlCacheBehavior [ RunTime:0.001378s ]
INFO: [ app_begin ] --END-- [ RunTime:0.001566s ]
SQL: SHOW COLUMNS FROM `crm_user` [ RunTime:0.0048s ]
SQL: SELECT * FROM `crm_user` WHERE ( `mobile` = 'test' OR `login_name` = 'test' )  [ RunTime:0.0005s ]
INFO: [ app_end ] --START--
INFO: Run Behavior\ShowPageTraceBehavior [ RunTime:0.000869s ]
INFO: [ app_end ] --END-- [ RunTime:0.000979s ]

[ 2017-02-16T15:02:04+08:00 ] ::1 /CRM/index.php/home/log/login
INFO: [ app_init ] --START--
INFO: Run Behavior\BuildLiteBehavior [ RunTime:0.000033s ]
INFO: [ app_init ] --END-- [ RunTime:0.000780s ]
INFO: [ app_begin ] --START--
INFO: Run Behavior\ReadHtmlCacheBehavior [ RunTime:0.000874s ]
INFO: [ app_begin ] --END-- [ RunTime:0.001024s ]
SQL: SHOW COLUMNS FROM `crm_user` [ RunTime:0.0038s ]
SQL: SELECT * FROM `crm_user` WHERE ( `mobile` = 'test' OR `login_name` = 'test' )  [ RunTime:0.0005s ]
NOTIC: [4096] Object of class Think\Model could not be converted to string E:\WWW\CRM\Application\Home\Controller\LogController.class.php 第 66 行.
INFO: [ app_end ] --START--
INFO: Run Behavior\ShowPageTraceBehavior [ RunTime:0.000725s ]
INFO: [ app_end ] --END-- [ RunTime:0.000816s ]

[ 2017-02-16T15:02:08+08:00 ] ::1 /CRM/index.php/home/log/login
INFO: [ app_init ] --START--
INFO: Run Behavior\BuildLiteBehavior [ RunTime:0.000030s ]
INFO: [ app_init ] --END-- [ RunTime:0.000691s ]
INFO: [ app_begin ] --START--
INFO: Run Behavior\ReadHtmlCacheBehavior [ RunTime:0.000937s ]
INFO: [ app_begin ] --END-- [ RunTime:0.001093s ]
SQL: SHOW COLUMNS FROM `crm_user` [ RunTime:0.0052s ]
SQL: SELECT * FROM `crm_user` WHERE ( `mobile` = 'test' OR `login_name` = 'test' )  [ RunTime:0.0005s ]
NOTIC: [4096] Object of class Think\Model could not be converted to string E:\WWW\CRM\Application\Home\Controller\LogController.class.php 第 66 行.
INFO: [ app_end ] --START--
INFO: Run Behavior\ShowPageTraceBehavior [ RunTime:0.000802s ]
INFO: [ app_end ] --END-- [ RunTime:0.000884s ]

[ 2017-02-16T15:02:21+08:00 ] ::1 /CRM/index.php/home/log/login
INFO: [ app_init ] --START--
INFO: Run Behavior\BuildLiteBehavior [ RunTime:0.000024s ]
INFO: [ app_init ] --END-- [ RunTime:0.000522s ]
INFO: [ app_begin ] --START--
INFO: Run Behavior\ReadHtmlCacheBehavior [ RunTime:0.000651s ]
INFO: [ app_begin ] --END-- [ RunTime:0.000753s ]
SQL: SHOW COLUMNS FROM `crm_user` [ RunTime:0.0031s ]
SQL: SELECT * FROM `crm_user` WHERE ( `mobile` = 'test' OR `login_name` = 'test' )  [ RunTime:0.0004s ]
INFO: [ app_end ] --START--
INFO: Run Behavior\ShowPageTraceBehavior [ RunTime:0.000565s ]
INFO: [ app_end ] --END-- [ RunTime:0.000632s ]

[ 2017-02-16T15:05:03+08:00 ] ::1 /CRM/index.php/home/log/login
INFO: [ app_init ] --START--
INFO: Run Behavior\BuildLiteBehavior [ RunTime:0.000031s ]
INFO: [ app_init ] --END-- [ RunTime:0.000841s ]
INFO: [ app_begin ] --START--
INFO: Run Behavior\ReadHtmlCacheBehavior [ RunTime:0.000975s ]
INFO: [ app_begin ] --END-- [ RunTime:0.001112s ]
SQL: SHOW COLUMNS FROM `crm_user` [ RunTime:0.0043s ]
SQL: SELECT * FROM `crm_user` WHERE ( `mobile` = 'test' OR `login_name` = 'test' )  [ RunTime:0.0009s ]
INFO: [ app_end ] --START--
INFO: Run Behavior\ShowPageTraceBehavior [ RunTime:0.001860s ]
INFO: [ app_end ] --END-- [ RunTime:0.002067s ]

[ 2017-02-16T15:05:19+08:00 ] ::1 /CRM/index.php/home/log/login
INFO: [ app_init ] --START--
INFO: Run Behavior\BuildLiteBehavior [ RunTime:0.000032s ]
INFO: [ app_init ] --END-- [ RunTime:0.000820s ]
INFO: [ app_begin ] --START--
INFO: Run Behavior\ReadHtmlCacheBehavior [ RunTime:0.000955s ]
INFO: [ app_begin ] --END-- [ RunTime:0.001099s ]
SQL: SHOW COLUMNS FROM `crm_user` [ RunTime:0.0032s ]
SQL: SELECT * FROM `crm_user` WHERE ( `mobile` = 'test' OR `login_name` = 'test' )  [ RunTime:0.0014s ]
INFO: [ app_end ] --START--
INFO: Run Behavior\ShowPageTraceBehavior [ RunTime:0.000819s ]
INFO: [ app_end ] --END-- [ RunTime:0.000916s ]

[ 2017-02-16T15:23:08+08:00 ] ::1 /CRM/index.php/home/log/login
INFO: [ app_init ] --START--
INFO: Run Behavior\BuildLiteBehavior [ RunTime:0.000029s ]
INFO: [ app_init ] --END-- [ RunTime:0.000759s ]
INFO: [ app_begin ] --START--
INFO: Run Behavior\ReadHtmlCacheBehavior [ RunTime:0.001055s ]
INFO: [ app_begin ] --END-- [ RunTime:0.001194s ]
SQL: SHOW COLUMNS FROM `crm_user` [ RunTime:0.0051s ]
ERR: Think\Model:get_field方法不存在！

[ 2017-02-16T15:27:09+08:00 ] ::1 /CRM/index.php/home/log/login
INFO: [ app_init ] --START--
INFO: Run Behavior\BuildLiteBehavior [ RunTime:0.000015s ]
INFO: [ app_init ] --END-- [ RunTime:0.000388s ]
INFO: [ app_begin ] --START--
INFO: Run Behavior\ReadHtmlCacheBehavior [ RunTime:0.000482s ]
INFO: [ app_begin ] --END-- [ RunTime:0.000545s ]
SQL: SHOW COLUMNS FROM `crm_user` [ RunTime:0.0030s ]
SQL: SELECT `password` FROM `crm_user` WHERE ( `mobile` = 'test' OR `login_name` = 'test' )  [ RunTime:0.0003s ]
INFO: [ app_end ] --START--
INFO: Run Behavior\ShowPageTraceBehavior [ RunTime:0.000603s ]
INFO: [ app_end ] --END-- [ RunTime:0.000664s ]

[ 2017-02-16T15:28:12+08:00 ] ::1 /CRM/index.php/home/log/login
INFO: [ app_init ] --START--
INFO: Run Behavior\BuildLiteBehavior [ RunTime:0.000020s ]
INFO: [ app_init ] --END-- [ RunTime:0.000535s ]
INFO: [ app_begin ] --START--
INFO: Run Behavior\ReadHtmlCacheBehavior [ RunTime:0.000571s ]
INFO: [ app_begin ] --END-- [ RunTime:0.000670s ]
SQL: SHOW COLUMNS FROM `crm_user` [ RunTime:0.0039s ]
SQL: SELECT `password`,`login_name` FROM `crm_user` WHERE ( `mobile` = 'test' OR `login_name` = 'test' )  [ RunTime:0.0005s ]
INFO: [ app_end ] --START--
INFO: Run Behavior\ShowPageTraceBehavior [ RunTime:0.000950s ]
INFO: [ app_end ] --END-- [ RunTime:0.001078s ]

[ 2017-02-16T15:30:04+08:00 ] ::1 /CRM/index.php/home/log/login
INFO: [ app_init ] --START--
INFO: Run Behavior\BuildLiteBehavior [ RunTime:0.000024s ]
INFO: [ app_init ] --END-- [ RunTime:0.000547s ]
INFO: [ app_begin ] --START--
INFO: Run Behavior\ReadHtmlCacheBehavior [ RunTime:0.000793s ]
INFO: [ app_begin ] --END-- [ RunTime:0.000894s ]
SQL: SHOW COLUMNS FROM `crm_user` [ RunTime:0.0033s ]
SQL: SELECT `password` FROM `crm_user` WHERE ( `mobile` = 'test' OR `login_name` = 'test' )  [ RunTime:0.0003s ]
INFO: [ app_end ] --START--
INFO: Run Behavior\ShowPageTraceBehavior [ RunTime:0.000710s ]
INFO: [ app_end ] --END-- [ RunTime:0.000773s ]

[ 2017-02-16T15:30:06+08:00 ] ::1 /CRM/index.php/home/log/login
INFO: [ app_init ] --START--
INFO: Run Behavior\BuildLiteBehavior [ RunTime:0.000038s ]
INFO: [ app_init ] --END-- [ RunTime:0.000841s ]
INFO: [ app_begin ] --START--
INFO: Run Behavior\ReadHtmlCacheBehavior [ RunTime:0.001155s ]
INFO: [ app_begin ] --END-- [ RunTime:0.001343s ]
SQL: SHOW COLUMNS FROM `crm_user` [ RunTime:0.0042s ]
SQL: SELECT `password` FROM `crm_user` WHERE ( `mobile` = 'test' OR `login_name` = 'test' )  [ RunTime:0.0004s ]
INFO: [ app_end ] --START--
INFO: Run Behavior\ShowPageTraceBehavior [ RunTime:0.000967s ]
INFO: [ app_end ] --END-- [ RunTime:0.001114s ]

[ 2017-02-16T15:30:06+08:00 ] ::1 /CRM/index.php/home/log/login
INFO: [ app_init ] --START--
INFO: Run Behavior\BuildLiteBehavior [ RunTime:0.000039s ]
INFO: [ app_init ] --END-- [ RunTime:0.000965s ]
INFO: [ app_begin ] --START--
INFO: Run Behavior\ReadHtmlCacheBehavior [ RunTime:0.000915s ]
INFO: [ app_begin ] --END-- [ RunTime:0.001055s ]
SQL: SHOW COLUMNS FROM `crm_user` [ RunTime:0.0037s ]
SQL: SELECT `password` FROM `crm_user` WHERE ( `mobile` = 'test' OR `login_name` = 'test' )  [ RunTime:0.0007s ]
INFO: [ app_end ] --START--
INFO: Run Behavior\ShowPageTraceBehavior [ RunTime:0.000924s ]
INFO: [ app_end ] --END-- [ RunTime:0.001140s ]

[ 2017-02-16T15:30:14+08:00 ] ::1 /CRM/index.php/home/log/login
INFO: [ app_init ] --START--
INFO: Run Behavior\BuildLiteBehavior [ RunTime:0.000030s ]
INFO: [ app_init ] --END-- [ RunTime:0.000892s ]
INFO: [ app_begin ] --START--
INFO: Run Behavior\ReadHtmlCacheBehavior [ RunTime:0.001058s ]
INFO: [ app_begin ] --END-- [ RunTime:0.001225s ]
SQL: SHOW COLUMNS FROM `crm_user` [ RunTime:0.0038s ]
SQL: SELECT `password` FROM `crm_user` WHERE ( `mobile` = 'test' OR `login_name` = 'test' )  [ RunTime:0.0003s ]
INFO: [ app_end ] --START--
INFO: Run Behavior\ShowPageTraceBehavior [ RunTime:0.000659s ]
INFO: [ app_end ] --END-- [ RunTime:0.000736s ]

[ 2017-02-16T15:30:14+08:00 ] ::1 /CRM/index.php/home/log/login
INFO: [ app_init ] --START--
INFO: Run Behavior\BuildLiteBehavior [ RunTime:0.000033s ]
INFO: [ app_init ] --END-- [ RunTime:0.000714s ]
INFO: [ app_begin ] --START--
INFO: Run Behavior\ReadHtmlCacheBehavior [ RunTime:0.002412s ]
INFO: [ app_begin ] --END-- [ RunTime:0.002654s ]
SQL: SHOW COLUMNS FROM `crm_user` [ RunTime:0.0053s ]
SQL: SELECT `password` FROM `crm_user` WHERE ( `mobile` = 'test' OR `login_name` = 'test' )  [ RunTime:0.0004s ]
INFO: [ app_end ] --START--
INFO: Run Behavior\ShowPageTraceBehavior [ RunTime:0.001732s ]
INFO: [ app_end ] --END-- [ RunTime:0.001829s ]

[ 2017-02-16T15:30:22+08:00 ] ::1 /CRM/index.php/home/log/login
INFO: [ app_init ] --START--
INFO: Run Behavior\BuildLiteBehavior [ RunTime:0.000018s ]
INFO: [ app_init ] --END-- [ RunTime:0.000409s ]
INFO: [ app_begin ] --START--
INFO: Run Behavior\ReadHtmlCacheBehavior [ RunTime:0.000469s ]
INFO: [ app_begin ] --END-- [ RunTime:0.000537s ]
SQL: SHOW COLUMNS FROM `crm_user` [ RunTime:0.0031s ]
SQL: SELECT `password` FROM `crm_user` WHERE ( `mobile` = 'test' OR `login_name` = 'test' )  [ RunTime:0.0003s ]
INFO: [ app_end ] --START--
INFO: Run Behavior\ShowPageTraceBehavior [ RunTime:0.000577s ]
INFO: [ app_end ] --END-- [ RunTime:0.000643s ]

[ 2017-02-16T15:34:20+08:00 ] ::1 /CRM/index.php/home/log/login
INFO: [ app_init ] --START--
INFO: Run Behavior\BuildLiteBehavior [ RunTime:0.000026s ]
INFO: [ app_init ] --END-- [ RunTime:0.000650s ]
INFO: [ app_begin ] --START--
INFO: Run Behavior\ReadHtmlCacheBehavior [ RunTime:0.000578s ]
INFO: [ app_begin ] --END-- [ RunTime:0.000658s ]
SQL: SHOW COLUMNS FROM `crm_user` [ RunTime:0.0049s ]
SQL: SELECT `password` FROM `crm_user` WHERE ( `mobile` = 'test' OR `login_name` = 'test' )  [ RunTime:0.0003s ]
NOTIC: [8] Undefined index: password E:\WWW\CRM\Application\Home\Controller\LogController.class.php 第 65 行.
INFO: [ app_end ] --START--
INFO: Run Behavior\ShowPageTraceBehavior [ RunTime:0.000652s ]
INFO: [ app_end ] --END-- [ RunTime:0.000714s ]

[ 2017-02-16T15:34:22+08:00 ] ::1 /CRM/index.php/home/log/login
INFO: [ app_init ] --START--
INFO: Run Behavior\BuildLiteBehavior [ RunTime:0.000035s ]
INFO: [ app_init ] --END-- [ RunTime:0.000777s ]
INFO: [ app_begin ] --START--
INFO: Run Behavior\ReadHtmlCacheBehavior [ RunTime:0.000852s ]
INFO: [ app_begin ] --END-- [ RunTime:0.000986s ]
SQL: SHOW COLUMNS FROM `crm_user` [ RunTime:0.0035s ]
SQL: SELECT `password` FROM `crm_user` WHERE ( `mobile` = 'test' OR `login_name` = 'test' )  [ RunTime:0.0004s ]
NOTIC: [8] Undefined index: password E:\WWW\CRM\Application\Home\Controller\LogController.class.php 第 65 行.
INFO: [ app_end ] --START--
INFO: Run Behavior\ShowPageTraceBehavior [ RunTime:0.001139s ]
INFO: [ app_end ] --END-- [ RunTime:0.001253s ]

[ 2017-02-16T15:44:40+08:00 ] ::1 /CRM/index.php/home/log/login
INFO: [ app_init ] --START--
INFO: Run Behavior\BuildLiteBehavior [ RunTime:0.000034s ]
INFO: [ app_init ] --END-- [ RunTime:0.000753s ]
INFO: [ app_begin ] --START--
INFO: Run Behavior\ReadHtmlCacheBehavior [ RunTime:0.000898s ]
INFO: [ app_begin ] --END-- [ RunTime:0.001038s ]
SQL: SHOW COLUMNS FROM `crm_user` [ RunTime:0.0405s ]
SQL: SELECT `password` FROM `crm_user` WHERE ( `mobile` = 'test' OR `login_name` = 'test' )  [ RunTime:0.0004s ]
NOTIC: [8] Undefined index: password E:\WWW\CRM\Application\Home\Controller\LogController.class.php 第 65 行.
INFO: [ app_end ] --START--
INFO: Run Behavior\ShowPageTraceBehavior [ RunTime:0.000595s ]
INFO: [ app_end ] --END-- [ RunTime:0.000664s ]

[ 2017-02-16T15:45:03+08:00 ] ::1 /CRM/index.php/home/log/login
INFO: [ app_init ] --START--
INFO: Run Behavior\BuildLiteBehavior [ RunTime:0.000027s ]
INFO: [ app_init ] --END-- [ RunTime:0.000584s ]
INFO: [ app_begin ] --START--
INFO: Run Behavior\ReadHtmlCacheBehavior [ RunTime:0.000504s ]
INFO: [ app_begin ] --END-- [ RunTime:0.000594s ]
SQL: SHOW COLUMNS FROM `crm_user` [ RunTime:0.0029s ]
SQL: SELECT `password` FROM `crm_user` WHERE ( `mobile` = 'test' OR `login_name` = 'test' )  [ RunTime:0.0004s ]
NOTIC: [8] Undefined index: password E:\WWW\CRM\Application\Home\Controller\LogController.class.php 第 65 行.
NOTIC: [8] Undefined index: password E:\WWW\CRM\Application\Home\Controller\LogController.class.php 第 66 行.
INFO: [ app_end ] --START--
INFO: Run Behavior\ShowPageTraceBehavior [ RunTime:0.000587s ]
INFO: [ app_end ] --END-- [ RunTime:0.000658s ]

[ 2017-02-16T15:45:04+08:00 ] ::1 /CRM/index.php/home/log/login
INFO: [ app_init ] --START--
INFO: Run Behavior\BuildLiteBehavior [ RunTime:0.000033s ]
INFO: [ app_init ] --END-- [ RunTime:0.000921s ]
INFO: [ app_begin ] --START--
INFO: Run Behavior\ReadHtmlCacheBehavior [ RunTime:0.000928s ]
INFO: [ app_begin ] --END-- [ RunTime:0.001087s ]
SQL: SHOW COLUMNS FROM `crm_user` [ RunTime:0.0033s ]
SQL: SELECT `password` FROM `crm_user` WHERE ( `mobile` = 'test' OR `login_name` = 'test' )  [ RunTime:0.0004s ]
NOTIC: [8] Undefined index: password E:\WWW\CRM\Application\Home\Controller\LogController.class.php 第 65 行.
NOTIC: [8] Undefined index: password E:\WWW\CRM\Application\Home\Controller\LogController.class.php 第 66 行.
INFO: [ app_end ] --START--
INFO: Run Behavior\ShowPageTraceBehavior [ RunTime:0.001691s ]
INFO: [ app_end ] --END-- [ RunTime:0.001804s ]

[ 2017-02-16T15:45:38+08:00 ] ::1 /CRM/index.php/home/log/login
INFO: [ app_init ] --START--
INFO: Run Behavior\BuildLiteBehavior [ RunTime:0.000017s ]
INFO: [ app_init ] --END-- [ RunTime:0.000379s ]
INFO: [ app_begin ] --START--
INFO: Run Behavior\ReadHtmlCacheBehavior [ RunTime:0.000430s ]
INFO: [ app_begin ] --END-- [ RunTime:0.000496s ]
SQL: SHOW COLUMNS FROM `crm_user` [ RunTime:0.0037s ]
SQL: SELECT `password` FROM `crm_user` WHERE ( `mobile` = 'test' OR `login_name` = 'test' )  [ RunTime:0.0003s ]
NOTIC: [8] Undefined index: password E:\WWW\CRM\Application\Home\Controller\LogController.class.php 第 66 行.
INFO: [ app_end ] --START--
INFO: Run Behavior\ShowPageTraceBehavior [ RunTime:0.000575s ]
INFO: [ app_end ] --END-- [ RunTime:0.000654s ]

[ 2017-02-16T15:45:51+08:00 ] ::1 /CRM/index.php/home/log/login
INFO: [ app_init ] --START--
INFO: Run Behavior\BuildLiteBehavior [ RunTime:0.000028s ]
INFO: [ app_init ] --END-- [ RunTime:0.000742s ]
INFO: [ app_begin ] --START--
INFO: Run Behavior\ReadHtmlCacheBehavior [ RunTime:0.000936s ]
INFO: [ app_begin ] --END-- [ RunTime:0.001073s ]
SQL: SHOW COLUMNS FROM `crm_user` [ RunTime:0.0038s ]
SQL: SELECT `password` FROM `crm_user` WHERE ( `mobile` = 'test' OR `login_name` = 'test' )  [ RunTime:0.0005s ]
NOTIC: [8] Undefined index: password E:\WWW\CRM\Application\Home\Controller\LogController.class.php 第 66 行.
INFO: [ app_end ] --START--
INFO: Run Behavior\ShowPageTraceBehavior [ RunTime:0.000776s ]
INFO: [ app_end ] --END-- [ RunTime:0.000861s ]

[ 2017-02-16T15:46:27+08:00 ] ::1 /CRM/index.php/home/log/login
INFO: [ app_init ] --START--
INFO: Run Behavior\BuildLiteBehavior [ RunTime:0.000031s ]
INFO: [ app_init ] --END-- [ RunTime:0.000710s ]
INFO: [ app_begin ] --START--
INFO: Run Behavior\ReadHtmlCacheBehavior [ RunTime:0.000906s ]
INFO: [ app_begin ] --END-- [ RunTime:0.001700s ]
SQL: SHOW COLUMNS FROM `crm_user` [ RunTime:0.0066s ]
SQL: SELECT `password` FROM `crm_user` WHERE ( `mobile` = 'test' OR `login_name` = 'test' )  [ RunTime:0.0003s ]
INFO: [ app_end ] --START--
INFO: Run Behavior\ShowPageTraceBehavior [ RunTime:0.000672s ]
INFO: [ app_end ] --END-- [ RunTime:0.000733s ]

[ 2017-02-16T15:49:14+08:00 ] ::1 /CRM/index.php/home/log/login
INFO: [ app_init ] --START--
INFO: Run Behavior\BuildLiteBehavior [ RunTime:0.000024s ]
INFO: [ app_init ] --END-- [ RunTime:0.000556s ]
INFO: [ app_begin ] --START--
INFO: Run Behavior\ReadHtmlCacheBehavior [ RunTime:0.000803s ]
INFO: [ app_begin ] --END-- [ RunTime:0.000900s ]
SQL: SHOW COLUMNS FROM `crm_user` [ RunTime:0.0730s ]
SQL: SELECT `password` FROM `crm_user` WHERE ( `mobile` = 'test' OR `login_name` = 'test' )  [ RunTime:0.0003s ]
INFO: [ app_end ] --START--
INFO: Run Behavior\ShowPageTraceBehavior [ RunTime:0.000628s ]
INFO: [ app_end ] --END-- [ RunTime:0.000697s ]

[ 2017-02-16T15:49:21+08:00 ] ::1 /CRM/index.php/home/log/login
INFO: [ app_init ] --START--
INFO: Run Behavior\BuildLiteBehavior [ RunTime:0.000024s ]
INFO: [ app_init ] --END-- [ RunTime:0.000506s ]
INFO: [ app_begin ] --START--
INFO: Run Behavior\ReadHtmlCacheBehavior [ RunTime:0.000712s ]
INFO: [ app_begin ] --END-- [ RunTime:0.000834s ]
SQL: SHOW COLUMNS FROM `crm_user` [ RunTime:0.0051s ]
SQL: SELECT `password` FROM `crm_user` WHERE ( `mobile` = 'tes' OR `login_name` = 'tes' )  [ RunTime:0.0005s ]
NOTIC: [8] Undefined offset: 0 E:\WWW\CRM\Application\Home\Controller\LogController.class.php 第 59 行.
INFO: [ app_end ] --START--
INFO: Run Behavior\ShowPageTraceBehavior [ RunTime:0.000979s ]
INFO: [ app_end ] --END-- [ RunTime:0.001105s ]

[ 2017-02-16T15:49:31+08:00 ] ::1 /CRM/index.php/home/log/login
INFO: [ app_init ] --START--
INFO: Run Behavior\BuildLiteBehavior [ RunTime:0.000016s ]
INFO: [ app_init ] --END-- [ RunTime:0.000323s ]
INFO: [ app_begin ] --START--
INFO: Run Behavior\ReadHtmlCacheBehavior [ RunTime:0.000832s ]
INFO: [ app_begin ] --END-- [ RunTime:0.000977s ]
INFO: [ app_end ] --START--
INFO: Run Behavior\ShowPageTraceBehavior [ RunTime:0.000678s ]
INFO: [ app_end ] --END-- [ RunTime:0.000781s ]

[ 2017-02-16T15:49:34+08:00 ] ::1 /CRM/index.php/home/log/login
INFO: [ app_init ] --START--
INFO: Run Behavior\BuildLiteBehavior [ RunTime:0.000031s ]
INFO: [ app_init ] --END-- [ RunTime:0.000808s ]
INFO: [ app_begin ] --START--
INFO: Run Behavior\ReadHtmlCacheBehavior [ RunTime:0.000963s ]
INFO: [ app_begin ] --END-- [ RunTime:0.001143s ]
INFO: [ app_end ] --START--
INFO: Run Behavior\ShowPageTraceBehavior [ RunTime:0.001053s ]
INFO: [ app_end ] --END-- [ RunTime:0.001228s ]

[ 2017-02-16T15:49:47+08:00 ] ::1 /CRM/index.php/home/log/login
INFO: [ app_init ] --START--
INFO: Run Behavior\BuildLiteBehavior [ RunTime:0.000026s ]
INFO: [ app_init ] --END-- [ RunTime:0.000707s ]
INFO: [ app_begin ] --START--
INFO: Run Behavior\ReadHtmlCacheBehavior [ RunTime:0.000637s ]
INFO: [ app_begin ] --END-- [ RunTime:0.000730s ]
NOTIC: [8] Undefined index: account E:\WWW\CRM\Application\Home\Controller\LogController.class.php 第 48 行.
INFO: [ app_end ] --START--
INFO: Run Behavior\ShowPageTraceBehavior [ RunTime:0.000710s ]
INFO: [ app_end ] --END-- [ RunTime:0.000819s ]

[ 2017-02-16T15:49:54+08:00 ] ::1 /CRM/index.php/home/log/login
INFO: [ app_init ] --START--
INFO: Run Behavior\BuildLiteBehavior [ RunTime:0.000028s ]
INFO: [ app_init ] --END-- [ RunTime:0.000536s ]
INFO: [ app_begin ] --START--
INFO: Run Behavior\ReadHtmlCacheBehavior [ RunTime:0.000697s ]
INFO: [ app_begin ] --END-- [ RunTime:0.000817s ]
SQL: SHOW COLUMNS FROM `crm_user` [ RunTime:0.0063s ]
SQL: SELECT `password` FROM `crm_user` WHERE ( `mobile` = 'test' OR `login_name` = 'test' )  [ RunTime:0.0005s ]
INFO: [ app_end ] --START--
INFO: Run Behavior\ShowPageTraceBehavior [ RunTime:0.001080s ]
INFO: [ app_end ] --END-- [ RunTime:0.001235s ]

[ 2017-02-16T15:49:58+08:00 ] ::1 /CRM/index.php/home/log/login
INFO: [ app_init ] --START--
INFO: Run Behavior\BuildLiteBehavior [ RunTime:0.000034s ]
INFO: [ app_init ] --END-- [ RunTime:0.000890s ]
INFO: [ app_begin ] --START--
INFO: Run Behavior\ReadHtmlCacheBehavior [ RunTime:0.001138s ]
INFO: [ app_begin ] --END-- [ RunTime:0.001291s ]
SQL: SHOW COLUMNS FROM `crm_user` [ RunTime:0.0050s ]
SQL: SELECT `password` FROM `crm_user` WHERE ( `mobile` = 'tes' OR `login_name` = 'tes' )  [ RunTime:0.0006s ]
NOTIC: [8] Undefined offset: 0 E:\WWW\CRM\Application\Home\Controller\LogController.class.php 第 59 行.
INFO: [ app_end ] --START--
INFO: Run Behavior\ShowPageTraceBehavior [ RunTime:0.000883s ]
INFO: [ app_end ] --END-- [ RunTime:0.001047s ]

[ 2017-02-16T16:04:21+08:00 ] 10.10.13.30 /CRM/index.php/home/log/login
INFO: [ app_init ] --START--
INFO: Run Behavior\BuildLiteBehavior [ RunTime:0.000016s ]
INFO: [ app_init ] --END-- [ RunTime:0.000350s ]
INFO: [ app_begin ] --START--
INFO: Run Behavior\ReadHtmlCacheBehavior [ RunTime:0.000544s ]
INFO: [ app_begin ] --END-- [ RunTime:0.000611s ]
NOTIC: [8] Undefined index: HTTP_RAW_POST_DATA E:\WWW\CRM\Application\Home\Controller\LogController.class.php 第 46 行.
INFO: [ app_end ] --START--
INFO: Run Behavior\ShowPageTraceBehavior [ RunTime:0.000586s ]
INFO: [ app_end ] --END-- [ RunTime:0.000660s ]

[ 2017-02-16T16:04:23+08:00 ] ::1 /CRM/index.php/home/log/signup
INFO: [ app_init ] --START--
INFO: Run Behavior\BuildLiteBehavior [ RunTime:0.000017s ]
INFO: [ app_init ] --END-- [ RunTime:0.000394s ]
INFO: [ app_begin ] --START--
INFO: Run Behavior\ReadHtmlCacheBehavior [ RunTime:0.000850s ]
INFO: [ app_begin ] --END-- [ RunTime:0.000960s ]
SQL: SHOW COLUMNS FROM `crm_user` [ RunTime:0.0031s ]
SQL: INSERT INTO `crm_user` (`mobile`,`password`) VALUES ('13012354321','d41d8cd98f00b204e9800998ecf8427e') [ RunTime:0.0003s ]
INFO: [ app_end ] --START--
INFO: Run Behavior\ShowPageTraceBehavior [ RunTime:0.000691s ]
INFO: [ app_end ] --END-- [ RunTime:0.000756s ]

[ 2017-02-16T16:05:30+08:00 ] 10.10.13.30 /CRM/index.php/home/log/login
INFO: [ app_init ] --START--
INFO: Run Behavior\BuildLiteBehavior [ RunTime:0.000015s ]
INFO: [ app_init ] --END-- [ RunTime:0.000333s ]
INFO: [ app_begin ] --START--
INFO: Run Behavior\ReadHtmlCacheBehavior [ RunTime:0.000498s ]
INFO: [ app_begin ] --END-- [ RunTime:0.000590s ]
NOTIC: [8] Undefined index: HTTP_RAW_POST_DATA E:\WWW\CRM\Application\Home\Controller\LogController.class.php 第 46 行.
INFO: [ app_end ] --START--
INFO: Run Behavior\ShowPageTraceBehavior [ RunTime:0.001312s ]
INFO: [ app_end ] --END-- [ RunTime:0.001658s ]

[ 2017-02-16T16:05:36+08:00 ] 10.10.13.30 /CRM/index.php/home/log/login
INFO: [ app_init ] --START--
INFO: Run Behavior\BuildLiteBehavior [ RunTime:0.000018s ]
INFO: [ app_init ] --END-- [ RunTime:0.000446s ]
INFO: [ app_begin ] --START--
INFO: Run Behavior\ReadHtmlCacheBehavior [ RunTime:0.000502s ]
INFO: [ app_begin ] --END-- [ RunTime:0.000575s ]
NOTIC: [8] Undefined index: HTTP_RAW_POST_DATA E:\WWW\CRM\Application\Home\Controller\LogController.class.php 第 46 行.
INFO: [ app_end ] --START--
INFO: Run Behavior\ShowPageTraceBehavior [ RunTime:0.000473s ]
INFO: [ app_end ] --END-- [ RunTime:0.000534s ]

[ 2017-02-16T16:05:39+08:00 ] 10.10.13.30 /CRM/index.php/home/log/login
INFO: [ app_init ] --START--
INFO: Run Behavior\BuildLiteBehavior [ RunTime:0.000014s ]
INFO: [ app_init ] --END-- [ RunTime:0.000335s ]
INFO: [ app_begin ] --START--
INFO: Run Behavior\ReadHtmlCacheBehavior [ RunTime:0.000499s ]
INFO: [ app_begin ] --END-- [ RunTime:0.000560s ]
NOTIC: [8] Undefined index: HTTP_RAW_POST_DATA E:\WWW\CRM\Application\Home\Controller\LogController.class.php 第 46 行.
INFO: [ app_end ] --START--
INFO: Run Behavior\ShowPageTraceBehavior [ RunTime:0.000457s ]
INFO: [ app_end ] --END-- [ RunTime:0.000516s ]

[ 2017-02-16T16:05:42+08:00 ] 10.10.13.30 /CRM/index.php/home/log/login
INFO: [ app_init ] --START--
INFO: Run Behavior\BuildLiteBehavior [ RunTime:0.000015s ]
INFO: [ app_init ] --END-- [ RunTime:0.000304s ]
INFO: [ app_begin ] --START--
INFO: Run Behavior\ReadHtmlCacheBehavior [ RunTime:0.000421s ]
INFO: [ app_begin ] --END-- [ RunTime:0.000499s ]
NOTIC: [8] Undefined index: HTTP_RAW_POST_DATA E:\WWW\CRM\Application\Home\Controller\LogController.class.php 第 46 行.
INFO: [ app_end ] --START--
INFO: Run Behavior\ShowPageTraceBehavior [ RunTime:0.000423s ]
INFO: [ app_end ] --END-- [ RunTime:0.000480s ]

[ 2017-02-16T16:05:45+08:00 ] 10.10.13.30 /CRM/index.php/home/log/login
INFO: [ app_init ] --START--
INFO: Run Behavior\BuildLiteBehavior [ RunTime:0.000020s ]
INFO: [ app_init ] --END-- [ RunTime:0.000430s ]
INFO: [ app_begin ] --START--
INFO: Run Behavior\ReadHtmlCacheBehavior [ RunTime:0.000424s ]
INFO: [ app_begin ] --END-- [ RunTime:0.000483s ]
NOTIC: [8] Undefined index: HTTP_RAW_POST_DATA E:\WWW\CRM\Application\Home\Controller\LogController.class.php 第 46 行.
INFO: [ app_end ] --START--
INFO: Run Behavior\ShowPageTraceBehavior [ RunTime:0.000443s ]
INFO: [ app_end ] --END-- [ RunTime:0.000498s ]

[ 2017-02-16T16:06:34+08:00 ] 10.10.13.30 /CRM/index.php/home/log/login
INFO: [ app_init ] --START--
INFO: Run Behavior\BuildLiteBehavior [ RunTime:0.000017s ]
INFO: [ app_init ] --END-- [ RunTime:0.000365s ]
INFO: [ app_begin ] --START--
INFO: Run Behavior\ReadHtmlCacheBehavior [ RunTime:0.000509s ]
INFO: [ app_begin ] --END-- [ RunTime:0.000570s ]
SQL: SHOW COLUMNS FROM `crm_user` [ RunTime:0.0042s ]
SQL: SELECT `password` FROM `crm_user` WHERE ( `mobile` = 'tes' OR `login_name` = 'tes' )  [ RunTime:0.0004s ]
NOTIC: [8] Undefined offset: 0 E:\WWW\CRM\Application\Home\Controller\LogController.class.php 第 58 行.
INFO: [ app_end ] --START--
INFO: Run Behavior\ShowPageTraceBehavior [ RunTime:0.000937s ]
INFO: [ app_end ] --END-- [ RunTime:0.001021s ]

[ 2017-02-16T16:06:52+08:00 ] 10.10.13.30 /CRM/index.php/home/log/login
INFO: [ app_init ] --START--
INFO: Run Behavior\BuildLiteBehavior [ RunTime:0.000015s ]
INFO: [ app_init ] --END-- [ RunTime:0.000302s ]
INFO: [ app_begin ] --START--
INFO: Run Behavior\ReadHtmlCacheBehavior [ RunTime:0.000393s ]
INFO: [ app_begin ] --END-- [ RunTime:0.000450s ]
SQL: SHOW COLUMNS FROM `crm_user` [ RunTime:0.0031s ]
SQL: SELECT `password` FROM `crm_user` WHERE ( `mobile` = 'test' OR `login_name` = 'test' )  [ RunTime:0.0003s ]
INFO: [ app_end ] --START--
INFO: Run Behavior\ShowPageTraceBehavior [ RunTime:0.000585s ]
INFO: [ app_end ] --END-- [ RunTime:0.000649s ]

[ 2017-02-16T16:08:08+08:00 ] 10.10.13.30 /CRM/index.php/home/log/login
INFO: [ app_init ] --START--
INFO: Run Behavior\BuildLiteBehavior [ RunTime:0.000015s ]
INFO: [ app_init ] --END-- [ RunTime:0.000305s ]
INFO: [ app_begin ] --START--
INFO: Run Behavior\ReadHtmlCacheBehavior [ RunTime:0.000394s ]
INFO: [ app_begin ] --END-- [ RunTime:0.000454s ]
SQL: SHOW COLUMNS FROM `crm_user` [ RunTime:0.0030s ]
SQL: SELECT `password` FROM `crm_user` WHERE ( `mobile` = 'test' OR `login_name` = 'test' )  [ RunTime:0.0003s ]
INFO: [ app_end ] --START--
INFO: Run Behavior\ShowPageTraceBehavior [ RunTime:0.000569s ]
INFO: [ app_end ] --END-- [ RunTime:0.000644s ]

[ 2017-02-16T16:08:34+08:00 ] 10.10.13.30 /CRM/index.php/home/log/login
INFO: [ app_init ] --START--
INFO: Run Behavior\BuildLiteBehavior [ RunTime:0.000015s ]
INFO: [ app_init ] --END-- [ RunTime:0.000309s ]
INFO: [ app_begin ] --START--
INFO: Run Behavior\ReadHtmlCacheBehavior [ RunTime:0.000388s ]
INFO: [ app_begin ] --END-- [ RunTime:0.000446s ]
NOTIC: [8] Undefined index: HTTP_RAW_POST_DATA E:\WWW\CRM\Application\Home\Controller\LogController.class.php 第 46 行.
INFO: [ app_end ] --START--
INFO: Run Behavior\ShowPageTraceBehavior [ RunTime:0.000462s ]
INFO: [ app_end ] --END-- [ RunTime:0.000522s ]

[ 2017-02-16T16:08:42+08:00 ] ::1 /CRM/index.php/home/log/login
INFO: [ app_init ] --START--
INFO: Run Behavior\BuildLiteBehavior [ RunTime:0.000039s ]
INFO: [ app_init ] --END-- [ RunTime:0.000717s ]
INFO: [ app_begin ] --START--
INFO: Run Behavior\ReadHtmlCacheBehavior [ RunTime:0.000816s ]
INFO: [ app_begin ] --END-- [ RunTime:0.000914s ]
SQL: SHOW COLUMNS FROM `crm_user` [ RunTime:0.0054s ]
SQL: SELECT `password` FROM `crm_user` WHERE ( `mobile` = 'tes' OR `login_name` = 'tes' )  [ RunTime:0.0003s ]
NOTIC: [8] Undefined offset: 0 E:\WWW\CRM\Application\Home\Controller\LogController.class.php 第 58 行.
INFO: [ app_end ] --START--
INFO: Run Behavior\ShowPageTraceBehavior [ RunTime:0.000641s ]
INFO: [ app_end ] --END-- [ RunTime:0.000699s ]

[ 2017-02-16T16:09:40+08:00 ] 10.10.13.30 /CRM/index.php/home/log/login
INFO: [ app_init ] --START--
INFO: Run Behavior\BuildLiteBehavior [ RunTime:0.000014s ]
INFO: [ app_init ] --END-- [ RunTime:0.000303s ]
INFO: [ app_begin ] --START--
INFO: Run Behavior\ReadHtmlCacheBehavior [ RunTime:0.000388s ]
INFO: [ app_begin ] --END-- [ RunTime:0.000447s ]
SQL: SHOW COLUMNS FROM `crm_user` [ RunTime:0.0031s ]
SQL: SELECT `password` FROM `crm_user` WHERE ( `mobile` = 'tes' OR `login_name` = 'tes' )  [ RunTime:0.0003s ]
NOTIC: [8] Undefined offset: 0 E:\WWW\CRM\Application\Home\Controller\LogController.class.php 第 58 行.
INFO: [ app_end ] --START--
INFO: Run Behavior\ShowPageTraceBehavior [ RunTime:0.000589s ]
INFO: [ app_end ] --END-- [ RunTime:0.000650s ]

[ 2017-02-16T16:14:38+08:00 ] ::1 /CRM/index.php/home/log/login
INFO: [ app_init ] --START--
INFO: Run Behavior\BuildLiteBehavior [ RunTime:0.000026s ]
INFO: [ app_init ] --END-- [ RunTime:0.000599s ]
INFO: [ app_begin ] --START--
INFO: Run Behavior\ReadHtmlCacheBehavior [ RunTime:0.000591s ]
INFO: [ app_begin ] --END-- [ RunTime:0.000668s ]

[ 2017-02-16T16:15:14+08:00 ] ::1 /CRM/index.php/home/log/login
INFO: [ app_init ] --START--
INFO: Run Behavior\BuildLiteBehavior [ RunTime:0.000018s ]
INFO: [ app_init ] --END-- [ RunTime:0.000416s ]
INFO: [ app_begin ] --START--
INFO: Run Behavior\ReadHtmlCacheBehavior [ RunTime:0.000725s ]
INFO: [ app_begin ] --END-- [ RunTime:0.000836s ]

[ 2017-02-16T16:15:28+08:00 ] ::1 /CRM/index.php/home/log/login
INFO: [ app_init ] --START--
INFO: Run Behavior\BuildLiteBehavior [ RunTime:0.000016s ]
INFO: [ app_init ] --END-- [ RunTime:0.000345s ]
INFO: [ app_begin ] --START--
INFO: Run Behavior\ReadHtmlCacheBehavior [ RunTime:0.000454s ]
INFO: [ app_begin ] --END-- [ RunTime:0.000524s ]
SQL: SHOW COLUMNS FROM `crm_user` [ RunTime:0.0031s ]
SQL: SELECT `password` FROM `crm_user` WHERE ( `mobile` = 'tes' OR `login_name` = 'tes' )  [ RunTime:0.0005s ]
NOTIC: [8] Undefined offset: 0 E:\WWW\CRM\Application\Home\Controller\LogController.class.php 第 58 行.
INFO: [ app_end ] --START--
INFO: Run Behavior\ShowPageTraceBehavior [ RunTime:0.001259s ]
INFO: [ app_end ] --END-- [ RunTime:0.001459s ]

[ 2017-02-16T16:15:34+08:00 ] ::1 /CRM/index.php/home/log/login
INFO: [ app_init ] --START--
INFO: Run Behavior\BuildLiteBehavior [ RunTime:0.000023s ]
INFO: [ app_init ] --END-- [ RunTime:0.000503s ]
INFO: [ app_begin ] --START--
INFO: Run Behavior\ReadHtmlCacheBehavior [ RunTime:0.000659s ]
INFO: [ app_begin ] --END-- [ RunTime:0.000760s ]
SQL: SHOW COLUMNS FROM `crm_user` [ RunTime:0.0029s ]
SQL: SELECT `password` FROM `crm_user` WHERE ( `mobile` = 'tes' OR `login_name` = 'tes' )  [ RunTime:0.0165s ]
NOTIC: [8] Undefined offset: 0 E:\WWW\CRM\Application\Home\Controller\LogController.class.php 第 58 行.
INFO: [ app_end ] --START--
INFO: Run Behavior\ShowPageTraceBehavior [ RunTime:0.000543s ]
INFO: [ app_end ] --END-- [ RunTime:0.000599s ]

[ 2017-02-16T16:38:11+08:00 ] ::1 /CRM/index.php/home/log/login
INFO: [ app_init ] --START--
INFO: Run Behavior\BuildLiteBehavior [ RunTime:0.000025s ]
INFO: [ app_init ] --END-- [ RunTime:0.000573s ]
INFO: [ app_begin ] --START--
INFO: Run Behavior\ReadHtmlCacheBehavior [ RunTime:0.000932s ]
INFO: [ app_begin ] --END-- [ RunTime:0.001048s ]
SQL: SHOW COLUMNS FROM `crm_user` [ RunTime:0.0033s ]
SQL: SELECT `password` FROM `crm_user` WHERE ( `mobile` = 'tes' OR `login_name` = 'tes' )  [ RunTime:0.0004s ]
NOTIC: [8] Undefined offset: 0 E:\WWW\CRM\Application\Home\Controller\LogController.class.php 第 58 行.
INFO: [ app_end ] --START--
INFO: Run Behavior\ShowPageTraceBehavior [ RunTime:0.000735s ]
INFO: [ app_end ] --END-- [ RunTime:0.000806s ]

[ 2017-02-16T16:38:12+08:00 ] ::1 /CRM/index.php/home/log/login
INFO: [ app_init ] --START--
INFO: Run Behavior\BuildLiteBehavior [ RunTime:0.000045s ]
INFO: [ app_init ] --END-- [ RunTime:0.002298s ]
INFO: [ app_begin ] --START--
INFO: Run Behavior\ReadHtmlCacheBehavior [ RunTime:0.000497s ]
INFO: [ app_begin ] --END-- [ RunTime:0.000568s ]
SQL: SHOW COLUMNS FROM `crm_user` [ RunTime:0.0048s ]
SQL: SELECT `password` FROM `crm_user` WHERE ( `mobile` = 'tes' OR `login_name` = 'tes' )  [ RunTime:0.0010s ]
NOTIC: [8] Undefined offset: 0 E:\WWW\CRM\Application\Home\Controller\LogController.class.php 第 58 行.
INFO: [ app_end ] --START--
INFO: Run Behavior\ShowPageTraceBehavior [ RunTime:0.000667s ]
INFO: [ app_end ] --END-- [ RunTime:0.000753s ]

[ 2017-02-16T16:38:17+08:00 ] ::1 /CRM/index.php/home/log/login
INFO: [ app_init ] --START--
INFO: Run Behavior\BuildLiteBehavior [ RunTime:0.000027s ]
INFO: [ app_init ] --END-- [ RunTime:0.000578s ]
INFO: [ app_begin ] --START--
INFO: Run Behavior\ReadHtmlCacheBehavior [ RunTime:0.000707s ]
INFO: [ app_begin ] --END-- [ RunTime:0.000811s ]
SQL: SHOW COLUMNS FROM `crm_user` [ RunTime:0.0055s ]
SQL: SELECT `password` FROM `crm_user` WHERE ( `mobile` = 'tes' OR `login_name` = 'tes' )  [ RunTime:0.0007s ]
NOTIC: [8] Undefined offset: 0 E:\WWW\CRM\Application\Home\Controller\LogController.class.php 第 58 行.
INFO: [ app_end ] --START--
INFO: Run Behavior\ShowPageTraceBehavior [ RunTime:0.001061s ]
INFO: [ app_end ] --END-- [ RunTime:0.001187s ]

[ 2017-02-16T16:38:18+08:00 ] ::1 /CRM/index.php/home/log/login
INFO: [ app_init ] --START--
INFO: Run Behavior\BuildLiteBehavior [ RunTime:0.000019s ]
INFO: [ app_init ] --END-- [ RunTime:0.000489s ]
INFO: [ app_begin ] --START--
INFO: Run Behavior\ReadHtmlCacheBehavior [ RunTime:0.002211s ]
INFO: [ app_begin ] --END-- [ RunTime:0.002817s ]
SQL: SHOW COLUMNS FROM `crm_user` [ RunTime:0.0059s ]
SQL: SELECT `password` FROM `crm_user` WHERE ( `mobile` = 'tes' OR `login_name` = 'tes' )  [ RunTime:0.0376s ]
NOTIC: [8] Undefined offset: 0 E:\WWW\CRM\Application\Home\Controller\LogController.class.php 第 58 行.
INFO: [ app_end ] --START--
INFO: Run Behavior\ShowPageTraceBehavior [ RunTime:0.000618s ]
INFO: [ app_end ] --END-- [ RunTime:0.000693s ]

[ 2017-02-16T16:38:19+08:00 ] ::1 /CRM/index.php/home/log/login
INFO: [ app_init ] --START--
INFO: Run Behavior\BuildLiteBehavior [ RunTime:0.000031s ]
INFO: [ app_init ] --END-- [ RunTime:0.000796s ]
INFO: [ app_begin ] --START--
INFO: Run Behavior\ReadHtmlCacheBehavior [ RunTime:0.000816s ]
INFO: [ app_begin ] --END-- [ RunTime:0.000967s ]
SQL: SHOW COLUMNS FROM `crm_user` [ RunTime:0.0035s ]
SQL: SELECT `password` FROM `crm_user` WHERE ( `mobile` = 'tes' OR `login_name` = 'tes' )  [ RunTime:0.0005s ]
NOTIC: [8] Undefined offset: 0 E:\WWW\CRM\Application\Home\Controller\LogController.class.php 第 58 行.
INFO: [ app_end ] --START--
INFO: Run Behavior\ShowPageTraceBehavior [ RunTime:0.001199s ]
INFO: [ app_end ] --END-- [ RunTime:0.001332s ]

[ 2017-02-16T16:38:31+08:00 ] ::1 /CRM/index.php/home/log/signup
INFO: [ app_init ] --START--
INFO: Run Behavior\BuildLiteBehavior [ RunTime:0.000017s ]
INFO: [ app_init ] --END-- [ RunTime:0.000336s ]
INFO: [ app_begin ] --START--
INFO: Run Behavior\ReadHtmlCacheBehavior [ RunTime:0.000540s ]
INFO: [ app_begin ] --END-- [ RunTime:0.000635s ]
INFO: [ app_end ] --START--
INFO: Run Behavior\ShowPageTraceBehavior [ RunTime:0.000646s ]
INFO: [ app_end ] --END-- [ RunTime:0.000749s ]

[ 2017-02-16T16:38:39+08:00 ] ::1 /CRM/index.php/home/log/signup
INFO: [ app_init ] --START--
INFO: Run Behavior\BuildLiteBehavior [ RunTime:0.000022s ]
INFO: [ app_init ] --END-- [ RunTime:0.000461s ]
INFO: [ app_begin ] --START--
INFO: Run Behavior\ReadHtmlCacheBehavior [ RunTime:0.000702s ]
INFO: [ app_begin ] --END-- [ RunTime:0.000803s ]
INFO: [ app_end ] --START--
INFO: Run Behavior\ShowPageTraceBehavior [ RunTime:0.000726s ]
INFO: [ app_end ] --END-- [ RunTime:0.000829s ]

[ 2017-02-16T16:38:47+08:00 ] ::1 /CRM/index.php/home/log/signup
INFO: [ app_init ] --START--
INFO: Run Behavior\BuildLiteBehavior [ RunTime:0.000024s ]
INFO: [ app_init ] --END-- [ RunTime:0.000481s ]
INFO: [ app_begin ] --START--
INFO: Run Behavior\ReadHtmlCacheBehavior [ RunTime:0.000682s ]
INFO: [ app_begin ] --END-- [ RunTime:0.000788s ]
SQL: SHOW COLUMNS FROM `crm_user` [ RunTime:0.0047s ]
SQL: INSERT INTO `crm_user` (`mobile`,`password`) VALUES ('13012354321','c8837b23ff8aaa8a2dde915473ce0991') [ RunTime:0.0017s ]
INFO: [ app_end ] --START--
INFO: Run Behavior\ShowPageTraceBehavior [ RunTime:0.000614s ]
INFO: [ app_end ] --END-- [ RunTime:0.000708s ]

[ 2017-02-16T16:43:37+08:00 ] ::1 /CRM/index.php/home/log/signup
INFO: [ app_init ] --START--
INFO: Run Behavior\BuildLiteBehavior [ RunTime:0.000017s ]
INFO: [ app_init ] --END-- [ RunTime:0.000402s ]
INFO: [ app_begin ] --START--
INFO: Run Behavior\ReadHtmlCacheBehavior [ RunTime:0.000947s ]
INFO: [ app_begin ] --END-- [ RunTime:0.001066s ]
SQL: SHOW COLUMNS FROM `crm_user` [ RunTime:0.0054s ]
SQL: SELECT * FROM `crm_user` WHERE `mobile` = '13012354321'  [ RunTime:0.0508s ]
SQL: INSERT INTO `crm_user` (`mobile`,`password`) VALUES ('13012354321','c8837b23ff8aaa8a2dde915473ce0991') [ RunTime:0.0006s ]
INFO: [ app_end ] --START--
INFO: Run Behavior\ShowPageTraceBehavior [ RunTime:0.000850s ]
INFO: [ app_end ] --END-- [ RunTime:0.000978s ]

[ 2017-02-16T16:43:55+08:00 ] ::1 /CRM/index.php/home/log/signup
INFO: [ app_init ] --START--
INFO: Run Behavior\BuildLiteBehavior [ RunTime:0.000032s ]
INFO: [ app_init ] --END-- [ RunTime:0.000779s ]
INFO: [ app_begin ] --START--
INFO: Run Behavior\ReadHtmlCacheBehavior [ RunTime:0.000437s ]
INFO: [ app_begin ] --END-- [ RunTime:0.000518s ]
SQL: SHOW COLUMNS FROM `crm_user` [ RunTime:0.0058s ]
SQL: SELECT * FROM `crm_user` WHERE `mobile` = '13012354321'  [ RunTime:0.0004s ]
INFO: [ app_end ] --START--
INFO: Run Behavior\ShowPageTraceBehavior [ RunTime:0.000567s ]
INFO: [ app_end ] --END-- [ RunTime:0.000639s ]

